[2024-12-24T03:09:17.168+0000] {local_task_job_runner.py:123} INFO - ::group::Pre task execution logs
[2024-12-24T03:09:17.201+0000] {taskinstance.py:2613} INFO - Dependencies all met for dep_context=non-requeueable deps ti=<TaskInstance: fetch_and_store_amazon_books.create_table scheduled__2024-08-11T00:00:00+00:00 [queued]>
[2024-12-24T03:09:17.243+0000] {taskinstance.py:2613} INFO - Dependencies all met for dep_context=requeueable deps ti=<TaskInstance: fetch_and_store_amazon_books.create_table scheduled__2024-08-11T00:00:00+00:00 [queued]>
[2024-12-24T03:09:17.251+0000] {taskinstance.py:2866} INFO - Starting attempt 2 of 2
[2024-12-24T03:09:17.278+0000] {taskinstance.py:2889} INFO - Executing <Task(PostgresOperator): create_table> on 2024-08-11 00:00:00+00:00
[2024-12-24T03:09:17.351+0000] {warnings.py:112} WARNING - /home/***/.local/lib/python3.12/site-packages/***/task/task_runner/standard_task_runner.py:70: DeprecationWarning: This process (pid=507) is multi-threaded, use of fork() may lead to deadlocks in the child.
  pid = os.fork()

[2024-12-24T03:09:17.359+0000] {standard_task_runner.py:72} INFO - Started process 548 to run task
[2024-12-24T03:09:17.359+0000] {standard_task_runner.py:104} INFO - Running: ['***', 'tasks', 'run', 'fetch_and_store_amazon_books', 'create_table', 'scheduled__2024-08-11T00:00:00+00:00', '--job-id', '234', '--raw', '--subdir', 'DAGS_FOLDER/app.py', '--cfg-path', '/tmp/tmpx55ai4xp']
[2024-12-24T03:09:17.369+0000] {standard_task_runner.py:105} INFO - Job 234: Subtask create_table
[2024-12-24T03:09:17.466+0000] {task_command.py:467} INFO - Running <TaskInstance: fetch_and_store_amazon_books.create_table scheduled__2024-08-11T00:00:00+00:00 [running]> on host d63106d9d4d4
[2024-12-24T03:09:17.604+0000] {taskinstance.py:3132} INFO - Exporting env vars: AIRFLOW_CTX_DAG_OWNER='***' AIRFLOW_CTX_DAG_ID='fetch_and_store_amazon_books' AIRFLOW_CTX_TASK_ID='create_table' AIRFLOW_CTX_EXECUTION_DATE='2024-08-11T00:00:00+00:00' AIRFLOW_CTX_TRY_NUMBER='2' AIRFLOW_CTX_DAG_RUN_ID='scheduled__2024-08-11T00:00:00+00:00'
[2024-12-24T03:09:17.612+0000] {logging_mixin.py:190} INFO - Task instance is in running state
[2024-12-24T03:09:17.620+0000] {logging_mixin.py:190} INFO -  Previous state of the Task instance: queued
[2024-12-24T03:09:17.623+0000] {logging_mixin.py:190} INFO - Current task name:create_table state:running start_date:2024-12-24 03:09:17.209357+00:00
[2024-12-24T03:09:17.624+0000] {logging_mixin.py:190} INFO - Dag name:fetch_and_store_amazon_books and current dag run status:running
[2024-12-24T03:09:17.627+0000] {taskinstance.py:731} INFO - ::endgroup::
[2024-12-24T03:09:17.635+0000] {sql.py:278} INFO - Executing: 
    CREATE TABLE IF NOT EXISTS books (
        id SERIAL PRIMARY KEY,
        title TEXT NOT NULL,
        authors TEXT,
        price TEXT,
        rating TEXT
    );
    
[2024-12-24T03:09:17.659+0000] {base.py:84} INFO - Retrieving connection 'books_connection'
[2024-12-24T03:09:17.676+0000] {base.py:84} INFO - Retrieving connection 'books_connection'
[2024-12-24T03:09:17.695+0000] {sql.py:553} INFO - Running statement: 
    CREATE TABLE IF NOT EXISTS books (
        id SERIAL PRIMARY KEY,
        title TEXT NOT NULL,
        authors TEXT,
        price TEXT,
        rating TEXT
    );
    , parameters: None
[2024-12-24T03:09:17.728+0000] {taskinstance.py:340} INFO - ::group::Post task execution logs
[2024-12-24T03:09:17.728+0000] {taskinstance.py:352} INFO - Marking task as SUCCESS. dag_id=fetch_and_store_amazon_books, task_id=create_table, run_id=scheduled__2024-08-11T00:00:00+00:00, execution_date=20240811T000000, start_date=20241224T030917, end_date=20241224T030917
[2024-12-24T03:09:17.740+0000] {logging_mixin.py:190} INFO - Task instance in success state
[2024-12-24T03:09:17.741+0000] {logging_mixin.py:190} INFO -  Previous state of the Task instance: running
[2024-12-24T03:09:17.746+0000] {logging_mixin.py:190} INFO - Dag name:fetch_and_store_amazon_books queued_at:2024-12-24 03:04:05.080964+00:00
[2024-12-24T03:09:17.746+0000] {logging_mixin.py:190} INFO - Task hostname:d63106d9d4d4 operator:PostgresOperator
[2024-12-24T03:09:17.794+0000] {local_task_job_runner.py:266} INFO - Task exited with return code 0
[2024-12-24T03:09:17.868+0000] {taskinstance.py:3895} INFO - 1 downstream tasks scheduled from follow-on schedule check
[2024-12-24T03:09:17.881+0000] {local_task_job_runner.py:245} INFO - ::endgroup::
