[2024-12-24T03:09:14.500+0000] {local_task_job_runner.py:123} INFO - ::group::Pre task execution logs
[2024-12-24T03:09:14.524+0000] {taskinstance.py:2613} INFO - Dependencies all met for dep_context=non-requeueable deps ti=<TaskInstance: fetch_and_store_amazon_books.create_table scheduled__2024-08-12T00:00:00+00:00 [queued]>
[2024-12-24T03:09:14.559+0000] {taskinstance.py:2613} INFO - Dependencies all met for dep_context=requeueable deps ti=<TaskInstance: fetch_and_store_amazon_books.create_table scheduled__2024-08-12T00:00:00+00:00 [queued]>
[2024-12-24T03:09:14.561+0000] {taskinstance.py:2866} INFO - Starting attempt 2 of 2
[2024-12-24T03:09:14.609+0000] {taskinstance.py:2889} INFO - Executing <Task(PostgresOperator): create_table> on 2024-08-12 00:00:00+00:00
[2024-12-24T03:09:14.658+0000] {warnings.py:112} WARNING - /home/***/.local/lib/python3.12/site-packages/***/task/task_runner/standard_task_runner.py:70: DeprecationWarning: This process (pid=496) is multi-threaded, use of fork() may lead to deadlocks in the child.
  pid = os.fork()

[2024-12-24T03:09:14.665+0000] {standard_task_runner.py:72} INFO - Started process 521 to run task
[2024-12-24T03:09:14.667+0000] {standard_task_runner.py:104} INFO - Running: ['***', 'tasks', 'run', 'fetch_and_store_amazon_books', 'create_table', 'scheduled__2024-08-12T00:00:00+00:00', '--job-id', '224', '--raw', '--subdir', 'DAGS_FOLDER/app.py', '--cfg-path', '/tmp/tmpnb8glgpl']
[2024-12-24T03:09:14.672+0000] {standard_task_runner.py:105} INFO - Job 224: Subtask create_table
[2024-12-24T03:09:14.755+0000] {task_command.py:467} INFO - Running <TaskInstance: fetch_and_store_amazon_books.create_table scheduled__2024-08-12T00:00:00+00:00 [running]> on host d63106d9d4d4
[2024-12-24T03:09:14.900+0000] {taskinstance.py:3132} INFO - Exporting env vars: AIRFLOW_CTX_DAG_OWNER='***' AIRFLOW_CTX_DAG_ID='fetch_and_store_amazon_books' AIRFLOW_CTX_TASK_ID='create_table' AIRFLOW_CTX_EXECUTION_DATE='2024-08-12T00:00:00+00:00' AIRFLOW_CTX_TRY_NUMBER='2' AIRFLOW_CTX_DAG_RUN_ID='scheduled__2024-08-12T00:00:00+00:00'
[2024-12-24T03:09:14.905+0000] {logging_mixin.py:190} INFO - Task instance is in running state
[2024-12-24T03:09:14.913+0000] {logging_mixin.py:190} INFO -  Previous state of the Task instance: queued
[2024-12-24T03:09:14.916+0000] {logging_mixin.py:190} INFO - Current task name:create_table state:running start_date:2024-12-24 03:09:14.527086+00:00
[2024-12-24T03:09:14.921+0000] {logging_mixin.py:190} INFO - Dag name:fetch_and_store_amazon_books and current dag run status:running
[2024-12-24T03:09:14.923+0000] {taskinstance.py:731} INFO - ::endgroup::
[2024-12-24T03:09:14.926+0000] {sql.py:278} INFO - Executing: 
    CREATE TABLE IF NOT EXISTS books (
        id SERIAL PRIMARY KEY,
        title TEXT NOT NULL,
        authors TEXT,
        price TEXT,
        rating TEXT
    );
    
[2024-12-24T03:09:14.949+0000] {base.py:84} INFO - Retrieving connection 'books_connection'
[2024-12-24T03:09:14.971+0000] {base.py:84} INFO - Retrieving connection 'books_connection'
[2024-12-24T03:09:14.980+0000] {sql.py:553} INFO - Running statement: 
    CREATE TABLE IF NOT EXISTS books (
        id SERIAL PRIMARY KEY,
        title TEXT NOT NULL,
        authors TEXT,
        price TEXT,
        rating TEXT
    );
    , parameters: None
[2024-12-24T03:09:15.011+0000] {taskinstance.py:340} INFO - ::group::Post task execution logs
[2024-12-24T03:09:15.017+0000] {taskinstance.py:352} INFO - Marking task as SUCCESS. dag_id=fetch_and_store_amazon_books, task_id=create_table, run_id=scheduled__2024-08-12T00:00:00+00:00, execution_date=20240812T000000, start_date=20241224T030914, end_date=20241224T030915
[2024-12-24T03:09:15.033+0000] {logging_mixin.py:190} INFO - Task instance in success state
[2024-12-24T03:09:15.036+0000] {logging_mixin.py:190} INFO -  Previous state of the Task instance: running
[2024-12-24T03:09:15.036+0000] {logging_mixin.py:190} INFO - Dag name:fetch_and_store_amazon_books queued_at:2024-12-24 03:04:05.232064+00:00
[2024-12-24T03:09:15.040+0000] {logging_mixin.py:190} INFO - Task hostname:d63106d9d4d4 operator:PostgresOperator
[2024-12-24T03:09:15.071+0000] {local_task_job_runner.py:266} INFO - Task exited with return code 0
[2024-12-24T03:09:15.107+0000] {taskinstance.py:3895} INFO - 1 downstream tasks scheduled from follow-on schedule check
[2024-12-24T03:09:15.111+0000] {local_task_job_runner.py:245} INFO - ::endgroup::
