[2024-12-24T02:58:37.757+0000] {local_task_job_runner.py:123} INFO - ::group::Pre task execution logs
[2024-12-24T02:58:37.783+0000] {taskinstance.py:2613} INFO - Dependencies all met for dep_context=non-requeueable deps ti=<TaskInstance: fetch_and_store_amazon_books.fetch_book_data scheduled__2024-07-19T00:00:00+00:00 [queued]>
[2024-12-24T02:58:37.793+0000] {taskinstance.py:2613} INFO - Dependencies all met for dep_context=requeueable deps ti=<TaskInstance: fetch_and_store_amazon_books.fetch_book_data scheduled__2024-07-19T00:00:00+00:00 [queued]>
[2024-12-24T02:58:37.794+0000] {taskinstance.py:2866} INFO - Starting attempt 1 of 2
[2024-12-24T02:58:37.825+0000] {taskinstance.py:2889} INFO - Executing <Task(PythonOperator): fetch_book_data> on 2024-07-19 00:00:00+00:00
[2024-12-24T02:58:37.841+0000] {warnings.py:112} WARNING - /home/***/.local/lib/python3.12/site-packages/***/task/task_runner/standard_task_runner.py:70: DeprecationWarning: This process (pid=78) is multi-threaded, use of fork() may lead to deadlocks in the child.
  pid = os.fork()

[2024-12-24T02:58:37.846+0000] {standard_task_runner.py:72} INFO - Started process 116 to run task
[2024-12-24T02:58:37.845+0000] {standard_task_runner.py:104} INFO - Running: ['***', 'tasks', 'run', 'fetch_and_store_amazon_books', 'fetch_book_data', 'scheduled__2024-07-19T00:00:00+00:00', '--job-id', '139', '--raw', '--subdir', 'DAGS_FOLDER/app.py', '--cfg-path', '/tmp/tmpmivnu8xf']
[2024-12-24T02:58:37.859+0000] {standard_task_runner.py:105} INFO - Job 139: Subtask fetch_book_data
[2024-12-24T02:58:37.943+0000] {task_command.py:467} INFO - Running <TaskInstance: fetch_and_store_amazon_books.fetch_book_data scheduled__2024-07-19T00:00:00+00:00 [running]> on host d63106d9d4d4
[2024-12-24T02:58:38.160+0000] {taskinstance.py:3132} INFO - Exporting env vars: AIRFLOW_CTX_DAG_OWNER='***' AIRFLOW_CTX_DAG_ID='fetch_and_store_amazon_books' AIRFLOW_CTX_TASK_ID='fetch_book_data' AIRFLOW_CTX_EXECUTION_DATE='2024-07-19T00:00:00+00:00' AIRFLOW_CTX_TRY_NUMBER='1' AIRFLOW_CTX_DAG_RUN_ID='scheduled__2024-07-19T00:00:00+00:00'
[2024-12-24T02:58:38.169+0000] {logging_mixin.py:190} INFO - Task instance is in running state
[2024-12-24T02:58:38.173+0000] {logging_mixin.py:190} INFO -  Previous state of the Task instance: queued
[2024-12-24T02:58:38.174+0000] {logging_mixin.py:190} INFO - Current task name:fetch_book_data state:running start_date:2024-12-24 02:58:37.784995+00:00
[2024-12-24T02:58:38.176+0000] {logging_mixin.py:190} INFO - Dag name:fetch_and_store_amazon_books and current dag run status:running
[2024-12-24T02:58:38.179+0000] {taskinstance.py:731} INFO - ::endgroup::
[2024-12-24T02:58:38.443+0000] {logging_mixin.py:190} INFO - Failed to retrieve the page
[2024-12-24T02:58:38.460+0000] {python.py:240} INFO - Done. Returned value was: None
[2024-12-24T02:58:38.468+0000] {taskinstance.py:340} INFO - ::group::Post task execution logs
[2024-12-24T02:58:38.469+0000] {taskinstance.py:352} INFO - Marking task as SUCCESS. dag_id=fetch_and_store_amazon_books, task_id=fetch_book_data, run_id=scheduled__2024-07-19T00:00:00+00:00, execution_date=20240719T000000, start_date=20241224T025837, end_date=20241224T025838
[2024-12-24T02:58:38.480+0000] {logging_mixin.py:190} INFO - Task instance in success state
[2024-12-24T02:58:38.481+0000] {logging_mixin.py:190} INFO -  Previous state of the Task instance: running
[2024-12-24T02:58:38.482+0000] {logging_mixin.py:190} INFO - Dag name:fetch_and_store_amazon_books queued_at:2024-12-24 02:58:32.145837+00:00
[2024-12-24T02:58:38.483+0000] {logging_mixin.py:190} INFO - Task hostname:d63106d9d4d4 operator:PythonOperator
[2024-12-24T02:58:38.510+0000] {local_task_job_runner.py:266} INFO - Task exited with return code 0
[2024-12-24T02:58:38.535+0000] {taskinstance.py:3895} INFO - 1 downstream tasks scheduled from follow-on schedule check
[2024-12-24T02:58:38.536+0000] {local_task_job_runner.py:245} INFO - ::endgroup::
