[2024-12-24T03:04:06.694+0000] {local_task_job_runner.py:123} INFO - ::group::Pre task execution logs
[2024-12-24T03:04:06.745+0000] {taskinstance.py:2613} INFO - Dependencies all met for dep_context=non-requeueable deps ti=<TaskInstance: fetch_and_store_amazon_books.fetch_book_data scheduled__2024-08-05T00:00:00+00:00 [queued]>
[2024-12-24T03:04:06.759+0000] {taskinstance.py:2613} INFO - Dependencies all met for dep_context=requeueable deps ti=<TaskInstance: fetch_and_store_amazon_books.fetch_book_data scheduled__2024-08-05T00:00:00+00:00 [queued]>
[2024-12-24T03:04:06.766+0000] {taskinstance.py:2866} INFO - Starting attempt 1 of 2
[2024-12-24T03:04:06.828+0000] {taskinstance.py:2889} INFO - Executing <Task(PythonOperator): fetch_book_data> on 2024-08-05 00:00:00+00:00
[2024-12-24T03:04:06.840+0000] {warnings.py:112} WARNING - /home/***/.local/lib/python3.12/site-packages/***/task/task_runner/standard_task_runner.py:70: DeprecationWarning: This process (pid=330) is multi-threaded, use of fork() may lead to deadlocks in the child.
  pid = os.fork()

[2024-12-24T03:04:06.847+0000] {standard_task_runner.py:72} INFO - Started process 347 to run task
[2024-12-24T03:04:06.848+0000] {standard_task_runner.py:104} INFO - Running: ['***', 'tasks', 'run', 'fetch_and_store_amazon_books', 'fetch_book_data', 'scheduled__2024-08-05T00:00:00+00:00', '--job-id', '188', '--raw', '--subdir', 'DAGS_FOLDER/app.py', '--cfg-path', '/tmp/tmpcrnx0o3l']
[2024-12-24T03:04:06.852+0000] {standard_task_runner.py:105} INFO - Job 188: Subtask fetch_book_data
[2024-12-24T03:04:06.940+0000] {task_command.py:467} INFO - Running <TaskInstance: fetch_and_store_amazon_books.fetch_book_data scheduled__2024-08-05T00:00:00+00:00 [running]> on host d63106d9d4d4
[2024-12-24T03:04:07.079+0000] {taskinstance.py:3132} INFO - Exporting env vars: AIRFLOW_CTX_DAG_OWNER='***' AIRFLOW_CTX_DAG_ID='fetch_and_store_amazon_books' AIRFLOW_CTX_TASK_ID='fetch_book_data' AIRFLOW_CTX_EXECUTION_DATE='2024-08-05T00:00:00+00:00' AIRFLOW_CTX_TRY_NUMBER='1' AIRFLOW_CTX_DAG_RUN_ID='scheduled__2024-08-05T00:00:00+00:00'
[2024-12-24T03:04:07.086+0000] {logging_mixin.py:190} INFO - Task instance is in running state
[2024-12-24T03:04:07.094+0000] {logging_mixin.py:190} INFO -  Previous state of the Task instance: queued
[2024-12-24T03:04:07.095+0000] {logging_mixin.py:190} INFO - Current task name:fetch_book_data state:running start_date:2024-12-24 03:04:06.748376+00:00
[2024-12-24T03:04:07.096+0000] {logging_mixin.py:190} INFO - Dag name:fetch_and_store_amazon_books and current dag run status:running
[2024-12-24T03:04:07.097+0000] {taskinstance.py:731} INFO - ::endgroup::
[2024-12-24T03:04:07.476+0000] {logging_mixin.py:190} INFO - Failed to retrieve the page
[2024-12-24T03:04:07.614+0000] {python.py:240} INFO - Done. Returned value was: None
[2024-12-24T03:04:07.658+0000] {taskinstance.py:340} INFO - ::group::Post task execution logs
[2024-12-24T03:04:07.660+0000] {taskinstance.py:352} INFO - Marking task as SUCCESS. dag_id=fetch_and_store_amazon_books, task_id=fetch_book_data, run_id=scheduled__2024-08-05T00:00:00+00:00, execution_date=20240805T000000, start_date=20241224T030406, end_date=20241224T030407
[2024-12-24T03:04:07.690+0000] {logging_mixin.py:190} INFO - Task instance in success state
[2024-12-24T03:04:07.697+0000] {logging_mixin.py:190} INFO -  Previous state of the Task instance: running
[2024-12-24T03:04:07.700+0000] {logging_mixin.py:190} INFO - Dag name:fetch_and_store_amazon_books queued_at:2024-12-24 03:04:04.584834+00:00
[2024-12-24T03:04:07.701+0000] {logging_mixin.py:190} INFO - Task hostname:d63106d9d4d4 operator:PythonOperator
[2024-12-24T03:04:07.771+0000] {local_task_job_runner.py:266} INFO - Task exited with return code 0
[2024-12-24T03:04:07.821+0000] {taskinstance.py:3895} INFO - 1 downstream tasks scheduled from follow-on schedule check
[2024-12-24T03:04:07.826+0000] {local_task_job_runner.py:245} INFO - ::endgroup::
