[2024-12-24T03:25:05.714+0000] {local_task_job_runner.py:123} INFO - ::group::Pre task execution logs
[2024-12-24T03:25:05.741+0000] {taskinstance.py:2613} INFO - Dependencies all met for dep_context=non-requeueable deps ti=<TaskInstance: fetch_and_store_amazon_books.create_table scheduled__2024-09-20T00:00:00+00:00 [queued]>
[2024-12-24T03:25:05.758+0000] {taskinstance.py:2613} INFO - Dependencies all met for dep_context=requeueable deps ti=<TaskInstance: fetch_and_store_amazon_books.create_table scheduled__2024-09-20T00:00:00+00:00 [queued]>
[2024-12-24T03:25:05.759+0000] {taskinstance.py:2866} INFO - Starting attempt 1 of 2
[2024-12-24T03:25:05.816+0000] {taskinstance.py:2889} INFO - Executing <Task(PostgresOperator): create_table> on 2024-09-20 00:00:00+00:00
[2024-12-24T03:25:05.847+0000] {standard_task_runner.py:104} INFO - Running: ['***', 'tasks', 'run', 'fetch_and_store_amazon_books', 'create_table', 'scheduled__2024-09-20T00:00:00+00:00', '--job-id', '417', '--raw', '--subdir', 'DAGS_FOLDER/app.py', '--cfg-path', '/tmp/tmpcxxpk20t']
[2024-12-24T03:25:05.855+0000] {standard_task_runner.py:105} INFO - Job 417: Subtask create_table
[2024-12-24T03:25:05.829+0000] {warnings.py:112} WARNING - /home/***/.local/lib/python3.12/site-packages/***/task/task_runner/standard_task_runner.py:70: DeprecationWarning: This process (pid=1267) is multi-threaded, use of fork() may lead to deadlocks in the child.
  pid = os.fork()

[2024-12-24T03:25:05.859+0000] {standard_task_runner.py:72} INFO - Started process 1308 to run task
[2024-12-24T03:25:05.945+0000] {task_command.py:467} INFO - Running <TaskInstance: fetch_and_store_amazon_books.create_table scheduled__2024-09-20T00:00:00+00:00 [running]> on host d63106d9d4d4
[2024-12-24T03:25:06.054+0000] {taskinstance.py:3132} INFO - Exporting env vars: AIRFLOW_CTX_DAG_OWNER='***' AIRFLOW_CTX_DAG_ID='fetch_and_store_amazon_books' AIRFLOW_CTX_TASK_ID='create_table' AIRFLOW_CTX_EXECUTION_DATE='2024-09-20T00:00:00+00:00' AIRFLOW_CTX_TRY_NUMBER='1' AIRFLOW_CTX_DAG_RUN_ID='scheduled__2024-09-20T00:00:00+00:00'
[2024-12-24T03:25:06.060+0000] {logging_mixin.py:190} INFO - Task instance is in running state
[2024-12-24T03:25:06.071+0000] {logging_mixin.py:190} INFO -  Previous state of the Task instance: queued
[2024-12-24T03:25:06.074+0000] {logging_mixin.py:190} INFO - Current task name:create_table state:running start_date:2024-12-24 03:25:05.749431+00:00
[2024-12-24T03:25:06.075+0000] {logging_mixin.py:190} INFO - Dag name:fetch_and_store_amazon_books and current dag run status:running
[2024-12-24T03:25:06.077+0000] {taskinstance.py:731} INFO - ::endgroup::
[2024-12-24T03:25:06.079+0000] {sql.py:278} INFO - Executing: 
    CREATE TABLE IF NOT EXISTS books (
        id SERIAL PRIMARY KEY,
        title TEXT NOT NULL,
        authors TEXT,
        price TEXT,
        rating TEXT
    );
    
[2024-12-24T03:25:06.089+0000] {base.py:84} INFO - Retrieving connection 'books_connection'
[2024-12-24T03:25:06.109+0000] {base.py:84} INFO - Retrieving connection 'books_connection'
[2024-12-24T03:25:06.114+0000] {sql.py:553} INFO - Running statement: 
    CREATE TABLE IF NOT EXISTS books (
        id SERIAL PRIMARY KEY,
        title TEXT NOT NULL,
        authors TEXT,
        price TEXT,
        rating TEXT
    );
    , parameters: None
[2024-12-24T03:25:06.131+0000] {taskinstance.py:340} INFO - ::group::Post task execution logs
[2024-12-24T03:25:06.133+0000] {taskinstance.py:352} INFO - Marking task as SUCCESS. dag_id=fetch_and_store_amazon_books, task_id=create_table, run_id=scheduled__2024-09-20T00:00:00+00:00, execution_date=20240920T000000, start_date=20241224T032505, end_date=20241224T032506
[2024-12-24T03:25:06.142+0000] {logging_mixin.py:190} INFO - Task instance in success state
[2024-12-24T03:25:06.146+0000] {logging_mixin.py:190} INFO -  Previous state of the Task instance: running
[2024-12-24T03:25:06.151+0000] {logging_mixin.py:190} INFO - Dag name:fetch_and_store_amazon_books queued_at:2024-12-24 03:24:58.640114+00:00
[2024-12-24T03:25:06.157+0000] {logging_mixin.py:190} INFO - Task hostname:d63106d9d4d4 operator:PostgresOperator
[2024-12-24T03:25:06.173+0000] {local_task_job_runner.py:266} INFO - Task exited with return code 0
[2024-12-24T03:25:06.196+0000] {taskinstance.py:3895} INFO - 1 downstream tasks scheduled from follow-on schedule check
[2024-12-24T03:25:06.198+0000] {local_task_job_runner.py:245} INFO - ::endgroup::
