[2024-12-24T03:25:07.384+0000] {local_task_job_runner.py:123} INFO - ::group::Pre task execution logs
[2024-12-24T03:25:07.421+0000] {taskinstance.py:2613} INFO - Dependencies all met for dep_context=non-requeueable deps ti=<TaskInstance: fetch_and_store_amazon_books.create_table scheduled__2024-10-01T00:00:00+00:00 [queued]>
[2024-12-24T03:25:07.449+0000] {taskinstance.py:2613} INFO - Dependencies all met for dep_context=requeueable deps ti=<TaskInstance: fetch_and_store_amazon_books.create_table scheduled__2024-10-01T00:00:00+00:00 [queued]>
[2024-12-24T03:25:07.451+0000] {taskinstance.py:2866} INFO - Starting attempt 1 of 2
[2024-12-24T03:25:07.492+0000] {taskinstance.py:2889} INFO - Executing <Task(PostgresOperator): create_table> on 2024-10-01 00:00:00+00:00
[2024-12-24T03:25:07.508+0000] {warnings.py:112} WARNING - /home/***/.local/lib/python3.12/site-packages/***/task/task_runner/standard_task_runner.py:70: DeprecationWarning: This process (pid=1296) is multi-threaded, use of fork() may lead to deadlocks in the child.
  pid = os.fork()

[2024-12-24T03:25:07.512+0000] {standard_task_runner.py:72} INFO - Started process 1330 to run task
[2024-12-24T03:25:07.518+0000] {standard_task_runner.py:104} INFO - Running: ['***', 'tasks', 'run', 'fetch_and_store_amazon_books', 'create_table', 'scheduled__2024-10-01T00:00:00+00:00', '--job-id', '424', '--raw', '--subdir', 'DAGS_FOLDER/app.py', '--cfg-path', '/tmp/tmpve3mqwsf']
[2024-12-24T03:25:07.527+0000] {standard_task_runner.py:105} INFO - Job 424: Subtask create_table
[2024-12-24T03:25:07.616+0000] {task_command.py:467} INFO - Running <TaskInstance: fetch_and_store_amazon_books.create_table scheduled__2024-10-01T00:00:00+00:00 [running]> on host d63106d9d4d4
[2024-12-24T03:25:07.784+0000] {taskinstance.py:3132} INFO - Exporting env vars: AIRFLOW_CTX_DAG_OWNER='***' AIRFLOW_CTX_DAG_ID='fetch_and_store_amazon_books' AIRFLOW_CTX_TASK_ID='create_table' AIRFLOW_CTX_EXECUTION_DATE='2024-10-01T00:00:00+00:00' AIRFLOW_CTX_TRY_NUMBER='1' AIRFLOW_CTX_DAG_RUN_ID='scheduled__2024-10-01T00:00:00+00:00'
[2024-12-24T03:25:07.790+0000] {logging_mixin.py:190} INFO - Task instance is in running state
[2024-12-24T03:25:07.791+0000] {logging_mixin.py:190} INFO -  Previous state of the Task instance: queued
[2024-12-24T03:25:07.792+0000] {logging_mixin.py:190} INFO - Current task name:create_table state:running start_date:2024-12-24 03:25:07.423240+00:00
[2024-12-24T03:25:07.793+0000] {logging_mixin.py:190} INFO - Dag name:fetch_and_store_amazon_books and current dag run status:running
[2024-12-24T03:25:07.798+0000] {taskinstance.py:731} INFO - ::endgroup::
[2024-12-24T03:25:07.799+0000] {sql.py:278} INFO - Executing: 
    CREATE TABLE IF NOT EXISTS books (
        id SERIAL PRIMARY KEY,
        title TEXT NOT NULL,
        authors TEXT,
        price TEXT,
        rating TEXT
    );
    
[2024-12-24T03:25:07.841+0000] {base.py:84} INFO - Retrieving connection 'books_connection'
[2024-12-24T03:25:07.861+0000] {base.py:84} INFO - Retrieving connection 'books_connection'
[2024-12-24T03:25:07.872+0000] {sql.py:553} INFO - Running statement: 
    CREATE TABLE IF NOT EXISTS books (
        id SERIAL PRIMARY KEY,
        title TEXT NOT NULL,
        authors TEXT,
        price TEXT,
        rating TEXT
    );
    , parameters: None
[2024-12-24T03:25:07.892+0000] {taskinstance.py:340} INFO - ::group::Post task execution logs
[2024-12-24T03:25:07.897+0000] {taskinstance.py:352} INFO - Marking task as SUCCESS. dag_id=fetch_and_store_amazon_books, task_id=create_table, run_id=scheduled__2024-10-01T00:00:00+00:00, execution_date=20241001T000000, start_date=20241224T032507, end_date=20241224T032507
[2024-12-24T03:25:07.907+0000] {logging_mixin.py:190} INFO - Task instance in success state
[2024-12-24T03:25:07.910+0000] {logging_mixin.py:190} INFO -  Previous state of the Task instance: running
[2024-12-24T03:25:07.911+0000] {logging_mixin.py:190} INFO - Dag name:fetch_and_store_amazon_books queued_at:2024-12-24 03:25:00.430415+00:00
[2024-12-24T03:25:07.916+0000] {logging_mixin.py:190} INFO - Task hostname:d63106d9d4d4 operator:PostgresOperator
[2024-12-24T03:25:07.954+0000] {local_task_job_runner.py:266} INFO - Task exited with return code 0
[2024-12-24T03:25:07.988+0000] {local_task_job_runner.py:245} INFO - ::endgroup::
