[2024-12-24T03:14:26.054+0000] {local_task_job_runner.py:123} INFO - ::group::Pre task execution logs
[2024-12-24T03:14:26.094+0000] {taskinstance.py:2613} INFO - Dependencies all met for dep_context=non-requeueable deps ti=<TaskInstance: fetch_and_store_amazon_books.create_table manual__2024-12-24T03:06:43.230369+00:00 [queued]>
[2024-12-24T03:14:26.100+0000] {taskinstance.py:2613} INFO - Dependencies all met for dep_context=requeueable deps ti=<TaskInstance: fetch_and_store_amazon_books.create_table manual__2024-12-24T03:06:43.230369+00:00 [queued]>
[2024-12-24T03:14:26.102+0000] {taskinstance.py:2866} INFO - Starting attempt 1 of 2
[2024-12-24T03:14:26.214+0000] {taskinstance.py:2889} INFO - Executing <Task(PostgresOperator): create_table> on 2024-12-24 03:06:43.230369+00:00
[2024-12-24T03:14:26.257+0000] {standard_task_runner.py:104} INFO - Running: ['***', 'tasks', 'run', 'fetch_and_store_amazon_books', 'create_table', 'manual__2024-12-24T03:06:43.230369+00:00', '--job-id', '271', '--raw', '--subdir', 'DAGS_FOLDER/app.py', '--cfg-path', '/tmp/tmpvqmuuvrg']
[2024-12-24T03:14:26.265+0000] {warnings.py:112} WARNING - /home/***/.local/lib/python3.12/site-packages/***/task/task_runner/standard_task_runner.py:70: DeprecationWarning: This process (pid=723) is multi-threaded, use of fork() may lead to deadlocks in the child.
  pid = os.fork()

[2024-12-24T03:14:26.277+0000] {standard_task_runner.py:72} INFO - Started process 735 to run task
[2024-12-24T03:14:26.277+0000] {standard_task_runner.py:105} INFO - Job 271: Subtask create_table
[2024-12-24T03:14:26.495+0000] {task_command.py:467} INFO - Running <TaskInstance: fetch_and_store_amazon_books.create_table manual__2024-12-24T03:06:43.230369+00:00 [running]> on host d63106d9d4d4
[2024-12-24T03:14:26.687+0000] {taskinstance.py:3132} INFO - Exporting env vars: AIRFLOW_CTX_DAG_OWNER='***' AIRFLOW_CTX_DAG_ID='fetch_and_store_amazon_books' AIRFLOW_CTX_TASK_ID='create_table' AIRFLOW_CTX_EXECUTION_DATE='2024-12-24T03:06:43.230369+00:00' AIRFLOW_CTX_TRY_NUMBER='1' AIRFLOW_CTX_DAG_RUN_ID='manual__2024-12-24T03:06:43.230369+00:00'
[2024-12-24T03:14:26.690+0000] {logging_mixin.py:190} INFO - Task instance is in running state
[2024-12-24T03:14:26.692+0000] {logging_mixin.py:190} INFO -  Previous state of the Task instance: queued
[2024-12-24T03:14:26.696+0000] {logging_mixin.py:190} INFO - Current task name:create_table state:running start_date:2024-12-24 03:14:26.094957+00:00
[2024-12-24T03:14:26.701+0000] {logging_mixin.py:190} INFO - Dag name:fetch_and_store_amazon_books and current dag run status:running
[2024-12-24T03:14:26.709+0000] {taskinstance.py:731} INFO - ::endgroup::
[2024-12-24T03:14:26.716+0000] {sql.py:278} INFO - Executing: 
    CREATE TABLE IF NOT EXISTS books (
        id SERIAL PRIMARY KEY,
        title TEXT NOT NULL,
        authors TEXT,
        price TEXT,
        rating TEXT
    );
    
[2024-12-24T03:14:26.750+0000] {base.py:84} INFO - Retrieving connection 'books_connection'
[2024-12-24T03:14:26.807+0000] {base.py:84} INFO - Retrieving connection 'books_connection'
[2024-12-24T03:14:26.822+0000] {sql.py:553} INFO - Running statement: 
    CREATE TABLE IF NOT EXISTS books (
        id SERIAL PRIMARY KEY,
        title TEXT NOT NULL,
        authors TEXT,
        price TEXT,
        rating TEXT
    );
    , parameters: None
[2024-12-24T03:14:26.966+0000] {taskinstance.py:340} INFO - ::group::Post task execution logs
[2024-12-24T03:14:26.967+0000] {taskinstance.py:352} INFO - Marking task as SUCCESS. dag_id=fetch_and_store_amazon_books, task_id=create_table, run_id=manual__2024-12-24T03:06:43.230369+00:00, execution_date=20241224T030643, start_date=20241224T031426, end_date=20241224T031426
[2024-12-24T03:14:27.023+0000] {logging_mixin.py:190} INFO - Task instance in success state
[2024-12-24T03:14:27.024+0000] {logging_mixin.py:190} INFO -  Previous state of the Task instance: running
[2024-12-24T03:14:27.033+0000] {logging_mixin.py:190} INFO - Dag name:fetch_and_store_amazon_books queued_at:2024-12-24 03:06:43.251509+00:00
[2024-12-24T03:14:27.039+0000] {logging_mixin.py:190} INFO - Task hostname:d63106d9d4d4 operator:PostgresOperator
[2024-12-24T03:14:27.067+0000] {local_task_job_runner.py:266} INFO - Task exited with return code 0
[2024-12-24T03:14:27.120+0000] {taskinstance.py:3895} INFO - 1 downstream tasks scheduled from follow-on schedule check
[2024-12-24T03:14:27.131+0000] {local_task_job_runner.py:245} INFO - ::endgroup::
