[2024-12-24T02:46:51.468+0000] {local_task_job_runner.py:123} INFO - ::group::Pre task execution logs
[2024-12-24T02:46:51.502+0000] {taskinstance.py:2613} INFO - Dependencies all met for dep_context=non-requeueable deps ti=<TaskInstance: fetch_and_store_amazon_books.fetch_book_data scheduled__2024-06-21T00:00:00+00:00 [queued]>
[2024-12-24T02:46:51.518+0000] {taskinstance.py:2613} INFO - Dependencies all met for dep_context=requeueable deps ti=<TaskInstance: fetch_and_store_amazon_books.fetch_book_data scheduled__2024-06-21T00:00:00+00:00 [queued]>
[2024-12-24T02:46:51.523+0000] {taskinstance.py:2866} INFO - Starting attempt 1 of 2
[2024-12-24T02:46:51.561+0000] {taskinstance.py:2889} INFO - Executing <Task(PythonOperator): fetch_book_data> on 2024-06-21 00:00:00+00:00
[2024-12-24T02:46:51.579+0000] {warnings.py:112} WARNING - /home/***/.local/lib/python3.12/site-packages/***/task/task_runner/standard_task_runner.py:70: DeprecationWarning: This process (pid=352) is multi-threaded, use of fork() may lead to deadlocks in the child.
  pid = os.fork()

[2024-12-24T02:46:51.587+0000] {standard_task_runner.py:72} INFO - Started process 372 to run task
[2024-12-24T02:46:51.584+0000] {standard_task_runner.py:104} INFO - Running: ['***', 'tasks', 'run', 'fetch_and_store_amazon_books', 'fetch_book_data', 'scheduled__2024-06-21T00:00:00+00:00', '--job-id', '10', '--raw', '--subdir', 'DAGS_FOLDER/app.py', '--cfg-path', '/tmp/tmpuyinmbrl']
[2024-12-24T02:46:51.592+0000] {standard_task_runner.py:105} INFO - Job 10: Subtask fetch_book_data
[2024-12-24T02:46:51.746+0000] {task_command.py:467} INFO - Running <TaskInstance: fetch_and_store_amazon_books.fetch_book_data scheduled__2024-06-21T00:00:00+00:00 [running]> on host cb88f053722f
[2024-12-24T02:46:51.878+0000] {taskinstance.py:3132} INFO - Exporting env vars: AIRFLOW_CTX_DAG_OWNER='***' AIRFLOW_CTX_DAG_ID='fetch_and_store_amazon_books' AIRFLOW_CTX_TASK_ID='fetch_book_data' AIRFLOW_CTX_EXECUTION_DATE='2024-06-21T00:00:00+00:00' AIRFLOW_CTX_TRY_NUMBER='1' AIRFLOW_CTX_DAG_RUN_ID='scheduled__2024-06-21T00:00:00+00:00'
[2024-12-24T02:46:51.899+0000] {logging_mixin.py:190} INFO - Task instance is in running state
[2024-12-24T02:46:51.906+0000] {logging_mixin.py:190} INFO -  Previous state of the Task instance: queued
[2024-12-24T02:46:51.913+0000] {logging_mixin.py:190} INFO - Current task name:fetch_book_data state:running start_date:2024-12-24 02:46:51.504786+00:00
[2024-12-24T02:46:51.914+0000] {logging_mixin.py:190} INFO - Dag name:fetch_and_store_amazon_books and current dag run status:running
[2024-12-24T02:46:51.922+0000] {taskinstance.py:731} INFO - ::endgroup::
[2024-12-24T02:47:35.626+0000] {local_task_job_runner.py:266} INFO - Task exited with return code -9. For more information, see https://***.apache.org/docs/apache-***/stable/troubleshooting.html#LocalTaskJob-killed
[2024-12-24T02:47:35.682+0000] {taskinstance.py:3895} INFO - 0 downstream tasks scheduled from follow-on schedule check
[2024-12-24T02:47:35.683+0000] {local_task_job_runner.py:245} INFO - ::endgroup::
