[2024-12-24T03:30:24.354+0000] {local_task_job_runner.py:123} INFO - ::group::Pre task execution logs
[2024-12-24T03:30:24.397+0000] {taskinstance.py:2613} INFO - Dependencies all met for dep_context=non-requeueable deps ti=<TaskInstance: fetch_and_store_amazon_books.create_table scheduled__2024-10-16T00:00:00+00:00 [queued]>
[2024-12-24T03:30:24.431+0000] {taskinstance.py:2613} INFO - Dependencies all met for dep_context=requeueable deps ti=<TaskInstance: fetch_and_store_amazon_books.create_table scheduled__2024-10-16T00:00:00+00:00 [queued]>
[2024-12-24T03:30:24.432+0000] {taskinstance.py:2866} INFO - Starting attempt 1 of 2
[2024-12-24T03:30:24.464+0000] {taskinstance.py:2889} INFO - Executing <Task(PostgresOperator): create_table> on 2024-10-16 00:00:00+00:00
[2024-12-24T03:30:24.474+0000] {warnings.py:112} WARNING - /home/***/.local/lib/python3.12/site-packages/***/task/task_runner/standard_task_runner.py:70: DeprecationWarning: This process (pid=1561) is multi-threaded, use of fork() may lead to deadlocks in the child.
  pid = os.fork()

[2024-12-24T03:30:24.483+0000] {standard_task_runner.py:104} INFO - Running: ['***', 'tasks', 'run', 'fetch_and_store_amazon_books', 'create_table', 'scheduled__2024-10-16T00:00:00+00:00', '--job-id', '491', '--raw', '--subdir', 'DAGS_FOLDER/app.py', '--cfg-path', '/tmp/tmpbkqf3fe7']
[2024-12-24T03:30:24.489+0000] {standard_task_runner.py:105} INFO - Job 491: Subtask create_table
[2024-12-24T03:30:24.486+0000] {standard_task_runner.py:72} INFO - Started process 1606 to run task
[2024-12-24T03:30:24.650+0000] {task_command.py:467} INFO - Running <TaskInstance: fetch_and_store_amazon_books.create_table scheduled__2024-10-16T00:00:00+00:00 [running]> on host d63106d9d4d4
[2024-12-24T03:30:24.813+0000] {taskinstance.py:3132} INFO - Exporting env vars: AIRFLOW_CTX_DAG_OWNER='***' AIRFLOW_CTX_DAG_ID='fetch_and_store_amazon_books' AIRFLOW_CTX_TASK_ID='create_table' AIRFLOW_CTX_EXECUTION_DATE='2024-10-16T00:00:00+00:00' AIRFLOW_CTX_TRY_NUMBER='1' AIRFLOW_CTX_DAG_RUN_ID='scheduled__2024-10-16T00:00:00+00:00'
[2024-12-24T03:30:24.828+0000] {logging_mixin.py:190} INFO - Task instance is in running state
[2024-12-24T03:30:24.839+0000] {logging_mixin.py:190} INFO -  Previous state of the Task instance: queued
[2024-12-24T03:30:24.839+0000] {logging_mixin.py:190} INFO - Current task name:create_table state:running start_date:2024-12-24 03:30:24.407291+00:00
[2024-12-24T03:30:24.843+0000] {logging_mixin.py:190} INFO - Dag name:fetch_and_store_amazon_books and current dag run status:running
[2024-12-24T03:30:24.843+0000] {taskinstance.py:731} INFO - ::endgroup::
[2024-12-24T03:30:24.845+0000] {sql.py:278} INFO - Executing: 
    CREATE TABLE IF NOT EXISTS books (
        id SERIAL PRIMARY KEY,
        title TEXT NOT NULL,
        authors TEXT,
        price TEXT,
        rating TEXT
    );
    
[2024-12-24T03:30:24.872+0000] {base.py:84} INFO - Retrieving connection 'books_connection'
[2024-12-24T03:30:24.893+0000] {base.py:84} INFO - Retrieving connection 'books_connection'
[2024-12-24T03:30:24.904+0000] {sql.py:553} INFO - Running statement: 
    CREATE TABLE IF NOT EXISTS books (
        id SERIAL PRIMARY KEY,
        title TEXT NOT NULL,
        authors TEXT,
        price TEXT,
        rating TEXT
    );
    , parameters: None
[2024-12-24T03:30:24.955+0000] {taskinstance.py:340} INFO - ::group::Post task execution logs
[2024-12-24T03:30:24.962+0000] {taskinstance.py:352} INFO - Marking task as SUCCESS. dag_id=fetch_and_store_amazon_books, task_id=create_table, run_id=scheduled__2024-10-16T00:00:00+00:00, execution_date=20241016T000000, start_date=20241224T033024, end_date=20241224T033024
[2024-12-24T03:30:24.997+0000] {logging_mixin.py:190} INFO - Task instance in success state
[2024-12-24T03:30:25.006+0000] {logging_mixin.py:190} INFO -  Previous state of the Task instance: running
[2024-12-24T03:30:25.007+0000] {logging_mixin.py:190} INFO - Dag name:fetch_and_store_amazon_books queued_at:2024-12-24 03:30:17.466334+00:00
[2024-12-24T03:30:25.007+0000] {logging_mixin.py:190} INFO - Task hostname:d63106d9d4d4 operator:PostgresOperator
[2024-12-24T03:30:25.088+0000] {local_task_job_runner.py:266} INFO - Task exited with return code 0
[2024-12-24T03:30:25.202+0000] {taskinstance.py:3895} INFO - 1 downstream tasks scheduled from follow-on schedule check
[2024-12-24T03:30:25.215+0000] {local_task_job_runner.py:245} INFO - ::endgroup::
