[2024-12-24T03:09:17.169+0000] {local_task_job_runner.py:123} INFO - ::group::Pre task execution logs
[2024-12-24T03:09:17.220+0000] {taskinstance.py:2613} INFO - Dependencies all met for dep_context=non-requeueable deps ti=<TaskInstance: fetch_and_store_amazon_books.create_table scheduled__2024-08-18T00:00:00+00:00 [queued]>
[2024-12-24T03:09:17.263+0000] {taskinstance.py:2613} INFO - Dependencies all met for dep_context=requeueable deps ti=<TaskInstance: fetch_and_store_amazon_books.create_table scheduled__2024-08-18T00:00:00+00:00 [queued]>
[2024-12-24T03:09:17.275+0000] {taskinstance.py:2866} INFO - Starting attempt 2 of 2
[2024-12-24T03:09:17.339+0000] {taskinstance.py:2889} INFO - Executing <Task(PostgresOperator): create_table> on 2024-08-18 00:00:00+00:00
[2024-12-24T03:09:17.380+0000] {warnings.py:112} WARNING - /home/***/.local/lib/python3.12/site-packages/***/task/task_runner/standard_task_runner.py:70: DeprecationWarning: This process (pid=505) is multi-threaded, use of fork() may lead to deadlocks in the child.
  pid = os.fork()

[2024-12-24T03:09:17.385+0000] {standard_task_runner.py:104} INFO - Running: ['***', 'tasks', 'run', 'fetch_and_store_amazon_books', 'create_table', 'scheduled__2024-08-18T00:00:00+00:00', '--job-id', '233', '--raw', '--subdir', 'DAGS_FOLDER/app.py', '--cfg-path', '/tmp/tmpvjr5gqzi']
[2024-12-24T03:09:17.386+0000] {standard_task_runner.py:72} INFO - Started process 551 to run task
[2024-12-24T03:09:17.389+0000] {standard_task_runner.py:105} INFO - Job 233: Subtask create_table
[2024-12-24T03:09:17.508+0000] {task_command.py:467} INFO - Running <TaskInstance: fetch_and_store_amazon_books.create_table scheduled__2024-08-18T00:00:00+00:00 [running]> on host d63106d9d4d4
[2024-12-24T03:09:17.601+0000] {taskinstance.py:3132} INFO - Exporting env vars: AIRFLOW_CTX_DAG_OWNER='***' AIRFLOW_CTX_DAG_ID='fetch_and_store_amazon_books' AIRFLOW_CTX_TASK_ID='create_table' AIRFLOW_CTX_EXECUTION_DATE='2024-08-18T00:00:00+00:00' AIRFLOW_CTX_TRY_NUMBER='2' AIRFLOW_CTX_DAG_RUN_ID='scheduled__2024-08-18T00:00:00+00:00'
[2024-12-24T03:09:17.608+0000] {logging_mixin.py:190} INFO - Task instance is in running state
[2024-12-24T03:09:17.610+0000] {logging_mixin.py:190} INFO -  Previous state of the Task instance: queued
[2024-12-24T03:09:17.615+0000] {logging_mixin.py:190} INFO - Current task name:create_table state:running start_date:2024-12-24 03:09:17.224899+00:00
[2024-12-24T03:09:17.619+0000] {logging_mixin.py:190} INFO - Dag name:fetch_and_store_amazon_books and current dag run status:running
[2024-12-24T03:09:17.621+0000] {taskinstance.py:731} INFO - ::endgroup::
[2024-12-24T03:09:17.626+0000] {sql.py:278} INFO - Executing: 
    CREATE TABLE IF NOT EXISTS books (
        id SERIAL PRIMARY KEY,
        title TEXT NOT NULL,
        authors TEXT,
        price TEXT,
        rating TEXT
    );
    
[2024-12-24T03:09:17.651+0000] {base.py:84} INFO - Retrieving connection 'books_connection'
[2024-12-24T03:09:17.667+0000] {base.py:84} INFO - Retrieving connection 'books_connection'
[2024-12-24T03:09:17.681+0000] {sql.py:553} INFO - Running statement: 
    CREATE TABLE IF NOT EXISTS books (
        id SERIAL PRIMARY KEY,
        title TEXT NOT NULL,
        authors TEXT,
        price TEXT,
        rating TEXT
    );
    , parameters: None
[2024-12-24T03:09:17.710+0000] {taskinstance.py:340} INFO - ::group::Post task execution logs
[2024-12-24T03:09:17.711+0000] {taskinstance.py:352} INFO - Marking task as SUCCESS. dag_id=fetch_and_store_amazon_books, task_id=create_table, run_id=scheduled__2024-08-18T00:00:00+00:00, execution_date=20240818T000000, start_date=20241224T030917, end_date=20241224T030917
[2024-12-24T03:09:17.728+0000] {logging_mixin.py:190} INFO - Task instance in success state
[2024-12-24T03:09:17.729+0000] {logging_mixin.py:190} INFO -  Previous state of the Task instance: running
[2024-12-24T03:09:17.729+0000] {logging_mixin.py:190} INFO - Dag name:fetch_and_store_amazon_books queued_at:2024-12-24 03:04:06.221553+00:00
[2024-12-24T03:09:17.730+0000] {logging_mixin.py:190} INFO - Task hostname:d63106d9d4d4 operator:PostgresOperator
[2024-12-24T03:09:17.783+0000] {local_task_job_runner.py:266} INFO - Task exited with return code 0
[2024-12-24T03:09:17.834+0000] {taskinstance.py:3895} INFO - 1 downstream tasks scheduled from follow-on schedule check
[2024-12-24T03:09:17.838+0000] {local_task_job_runner.py:245} INFO - ::endgroup::
