[2024-12-24T02:46:51.453+0000] {local_task_job_runner.py:123} INFO - ::group::Pre task execution logs
[2024-12-24T02:46:51.473+0000] {taskinstance.py:2613} INFO - Dependencies all met for dep_context=non-requeueable deps ti=<TaskInstance: fetch_and_store_amazon_books.fetch_book_data scheduled__2024-06-24T00:00:00+00:00 [queued]>
[2024-12-24T02:46:51.491+0000] {taskinstance.py:2613} INFO - Dependencies all met for dep_context=requeueable deps ti=<TaskInstance: fetch_and_store_amazon_books.fetch_book_data scheduled__2024-06-24T00:00:00+00:00 [queued]>
[2024-12-24T02:46:51.499+0000] {taskinstance.py:2866} INFO - Starting attempt 1 of 2
[2024-12-24T02:46:51.534+0000] {taskinstance.py:2889} INFO - Executing <Task(PythonOperator): fetch_book_data> on 2024-06-24 00:00:00+00:00
[2024-12-24T02:46:51.557+0000] {warnings.py:112} WARNING - /home/***/.local/lib/python3.12/site-packages/***/task/task_runner/standard_task_runner.py:70: DeprecationWarning: This process (pid=355) is multi-threaded, use of fork() may lead to deadlocks in the child.
  pid = os.fork()

[2024-12-24T02:46:51.568+0000] {standard_task_runner.py:72} INFO - Started process 370 to run task
[2024-12-24T02:46:51.562+0000] {standard_task_runner.py:104} INFO - Running: ['***', 'tasks', 'run', 'fetch_and_store_amazon_books', 'fetch_book_data', 'scheduled__2024-06-24T00:00:00+00:00', '--job-id', '9', '--raw', '--subdir', 'DAGS_FOLDER/app.py', '--cfg-path', '/tmp/tmp46v5aa12']
[2024-12-24T02:46:51.573+0000] {standard_task_runner.py:105} INFO - Job 9: Subtask fetch_book_data
[2024-12-24T02:46:51.659+0000] {task_command.py:467} INFO - Running <TaskInstance: fetch_and_store_amazon_books.fetch_book_data scheduled__2024-06-24T00:00:00+00:00 [running]> on host cb88f053722f
[2024-12-24T02:46:51.863+0000] {taskinstance.py:3132} INFO - Exporting env vars: AIRFLOW_CTX_DAG_OWNER='***' AIRFLOW_CTX_DAG_ID='fetch_and_store_amazon_books' AIRFLOW_CTX_TASK_ID='fetch_book_data' AIRFLOW_CTX_EXECUTION_DATE='2024-06-24T00:00:00+00:00' AIRFLOW_CTX_TRY_NUMBER='1' AIRFLOW_CTX_DAG_RUN_ID='scheduled__2024-06-24T00:00:00+00:00'
[2024-12-24T02:46:51.864+0000] {logging_mixin.py:190} INFO - Task instance is in running state
[2024-12-24T02:46:51.865+0000] {logging_mixin.py:190} INFO -  Previous state of the Task instance: queued
[2024-12-24T02:46:51.866+0000] {logging_mixin.py:190} INFO - Current task name:fetch_book_data state:running start_date:2024-12-24 02:46:51.476692+00:00
[2024-12-24T02:46:51.873+0000] {logging_mixin.py:190} INFO - Dag name:fetch_and_store_amazon_books and current dag run status:running
[2024-12-24T02:46:51.896+0000] {taskinstance.py:731} INFO - ::endgroup::
[2024-12-24T02:47:58.991+0000] {logging_mixin.py:190} INFO - Failed to retrieve the page
[2024-12-24T02:47:59.009+0000] {python.py:240} INFO - Done. Returned value was: None
[2024-12-24T02:47:59.015+0000] {taskinstance.py:340} INFO - ::group::Post task execution logs
[2024-12-24T02:47:59.015+0000] {taskinstance.py:352} INFO - Marking task as SUCCESS. dag_id=fetch_and_store_amazon_books, task_id=fetch_book_data, run_id=scheduled__2024-06-24T00:00:00+00:00, execution_date=20240624T000000, start_date=20241224T024651, end_date=20241224T024759
[2024-12-24T02:47:59.023+0000] {logging_mixin.py:190} INFO - Task instance in success state
[2024-12-24T02:47:59.023+0000] {logging_mixin.py:190} INFO -  Previous state of the Task instance: running
[2024-12-24T02:47:59.024+0000] {logging_mixin.py:190} INFO - Dag name:fetch_and_store_amazon_books queued_at:2024-12-24 02:46:46.978908+00:00
[2024-12-24T02:47:59.024+0000] {logging_mixin.py:190} INFO - Task hostname:cb88f053722f operator:PythonOperator
[2024-12-24T02:47:59.081+0000] {local_task_job_runner.py:266} INFO - Task exited with return code 0
[2024-12-24T02:47:59.107+0000] {taskinstance.py:3895} INFO - 1 downstream tasks scheduled from follow-on schedule check
[2024-12-24T02:47:59.109+0000] {local_task_job_runner.py:245} INFO - ::endgroup::
