[2024-12-24T03:19:46.226+0000] {local_task_job_runner.py:123} INFO - ::group::Pre task execution logs
[2024-12-24T03:19:46.242+0000] {taskinstance.py:2613} INFO - Dependencies all met for dep_context=non-requeueable deps ti=<TaskInstance: fetch_and_store_amazon_books.fetch_book_data scheduled__2024-09-14T00:00:00+00:00 [queued]>
[2024-12-24T03:19:46.270+0000] {taskinstance.py:2613} INFO - Dependencies all met for dep_context=requeueable deps ti=<TaskInstance: fetch_and_store_amazon_books.fetch_book_data scheduled__2024-09-14T00:00:00+00:00 [queued]>
[2024-12-24T03:19:46.277+0000] {taskinstance.py:2866} INFO - Starting attempt 1 of 2
[2024-12-24T03:19:46.330+0000] {taskinstance.py:2889} INFO - Executing <Task(PythonOperator): fetch_book_data> on 2024-09-14 00:00:00+00:00
[2024-12-24T03:19:46.352+0000] {warnings.py:112} WARNING - /home/***/.local/lib/python3.12/site-packages/***/task/task_runner/standard_task_runner.py:70: DeprecationWarning: This process (pid=983) is multi-threaded, use of fork() may lead to deadlocks in the child.
  pid = os.fork()

[2024-12-24T03:19:46.360+0000] {standard_task_runner.py:72} INFO - Started process 1017 to run task
[2024-12-24T03:19:46.360+0000] {standard_task_runner.py:104} INFO - Running: ['***', 'tasks', 'run', 'fetch_and_store_amazon_books', 'fetch_book_data', 'scheduled__2024-09-14T00:00:00+00:00', '--job-id', '343', '--raw', '--subdir', 'DAGS_FOLDER/app.py', '--cfg-path', '/tmp/tmp6bo_wht2']
[2024-12-24T03:19:46.361+0000] {standard_task_runner.py:105} INFO - Job 343: Subtask fetch_book_data
[2024-12-24T03:19:46.460+0000] {task_command.py:467} INFO - Running <TaskInstance: fetch_and_store_amazon_books.fetch_book_data scheduled__2024-09-14T00:00:00+00:00 [running]> on host d63106d9d4d4
[2024-12-24T03:19:46.576+0000] {taskinstance.py:3132} INFO - Exporting env vars: AIRFLOW_CTX_DAG_OWNER='***' AIRFLOW_CTX_DAG_ID='fetch_and_store_amazon_books' AIRFLOW_CTX_TASK_ID='fetch_book_data' AIRFLOW_CTX_EXECUTION_DATE='2024-09-14T00:00:00+00:00' AIRFLOW_CTX_TRY_NUMBER='1' AIRFLOW_CTX_DAG_RUN_ID='scheduled__2024-09-14T00:00:00+00:00'
[2024-12-24T03:19:46.584+0000] {logging_mixin.py:190} INFO - Task instance is in running state
[2024-12-24T03:19:46.586+0000] {logging_mixin.py:190} INFO -  Previous state of the Task instance: queued
[2024-12-24T03:19:46.588+0000] {logging_mixin.py:190} INFO - Current task name:fetch_book_data state:running start_date:2024-12-24 03:19:46.256308+00:00
[2024-12-24T03:19:46.589+0000] {logging_mixin.py:190} INFO - Dag name:fetch_and_store_amazon_books and current dag run status:running
[2024-12-24T03:19:46.598+0000] {taskinstance.py:731} INFO - ::endgroup::
[2024-12-24T03:19:46.787+0000] {logging_mixin.py:190} INFO - Failed to retrieve the page
[2024-12-24T03:19:46.914+0000] {python.py:240} INFO - Done. Returned value was: None
[2024-12-24T03:19:46.933+0000] {taskinstance.py:340} INFO - ::group::Post task execution logs
[2024-12-24T03:19:46.934+0000] {taskinstance.py:352} INFO - Marking task as SUCCESS. dag_id=fetch_and_store_amazon_books, task_id=fetch_book_data, run_id=scheduled__2024-09-14T00:00:00+00:00, execution_date=20240914T000000, start_date=20241224T031946, end_date=20241224T031946
[2024-12-24T03:19:46.949+0000] {logging_mixin.py:190} INFO - Task instance in success state
[2024-12-24T03:19:46.953+0000] {logging_mixin.py:190} INFO -  Previous state of the Task instance: running
[2024-12-24T03:19:46.955+0000] {logging_mixin.py:190} INFO - Dag name:fetch_and_store_amazon_books queued_at:2024-12-24 03:19:43.450006+00:00
[2024-12-24T03:19:46.955+0000] {logging_mixin.py:190} INFO - Task hostname:d63106d9d4d4 operator:PythonOperator
[2024-12-24T03:19:46.973+0000] {local_task_job_runner.py:266} INFO - Task exited with return code 0
[2024-12-24T03:19:46.999+0000] {taskinstance.py:3895} INFO - 1 downstream tasks scheduled from follow-on schedule check
[2024-12-24T03:19:47.001+0000] {local_task_job_runner.py:245} INFO - ::endgroup::
