[2024-12-24T02:46:51.424+0000] {local_task_job_runner.py:123} INFO - ::group::Pre task execution logs
[2024-12-24T02:46:51.464+0000] {taskinstance.py:2613} INFO - Dependencies all met for dep_context=non-requeueable deps ti=<TaskInstance: fetch_and_store_amazon_books.fetch_book_data scheduled__2024-07-01T00:00:00+00:00 [queued]>
[2024-12-24T02:46:51.485+0000] {taskinstance.py:2613} INFO - Dependencies all met for dep_context=requeueable deps ti=<TaskInstance: fetch_and_store_amazon_books.fetch_book_data scheduled__2024-07-01T00:00:00+00:00 [queued]>
[2024-12-24T02:46:51.487+0000] {taskinstance.py:2866} INFO - Starting attempt 1 of 2
[2024-12-24T02:46:51.511+0000] {taskinstance.py:2889} INFO - Executing <Task(PythonOperator): fetch_book_data> on 2024-07-01 00:00:00+00:00
[2024-12-24T02:46:51.521+0000] {warnings.py:112} WARNING - /home/***/.local/lib/python3.12/site-packages/***/task/task_runner/standard_task_runner.py:70: DeprecationWarning: This process (pid=362) is multi-threaded, use of fork() may lead to deadlocks in the child.
  pid = os.fork()

[2024-12-24T02:46:51.536+0000] {standard_task_runner.py:72} INFO - Started process 366 to run task
[2024-12-24T02:46:51.554+0000] {standard_task_runner.py:104} INFO - Running: ['***', 'tasks', 'run', 'fetch_and_store_amazon_books', 'fetch_book_data', 'scheduled__2024-07-01T00:00:00+00:00', '--job-id', '8', '--raw', '--subdir', 'DAGS_FOLDER/app.py', '--cfg-path', '/tmp/tmpo8310djy']
[2024-12-24T02:46:51.561+0000] {standard_task_runner.py:105} INFO - Job 8: Subtask fetch_book_data
[2024-12-24T02:46:51.743+0000] {task_command.py:467} INFO - Running <TaskInstance: fetch_and_store_amazon_books.fetch_book_data scheduled__2024-07-01T00:00:00+00:00 [running]> on host cb88f053722f
[2024-12-24T02:46:51.906+0000] {taskinstance.py:3132} INFO - Exporting env vars: AIRFLOW_CTX_DAG_OWNER='***' AIRFLOW_CTX_DAG_ID='fetch_and_store_amazon_books' AIRFLOW_CTX_TASK_ID='fetch_book_data' AIRFLOW_CTX_EXECUTION_DATE='2024-07-01T00:00:00+00:00' AIRFLOW_CTX_TRY_NUMBER='1' AIRFLOW_CTX_DAG_RUN_ID='scheduled__2024-07-01T00:00:00+00:00'
[2024-12-24T02:46:51.913+0000] {logging_mixin.py:190} INFO - Task instance is in running state
[2024-12-24T02:46:51.919+0000] {logging_mixin.py:190} INFO -  Previous state of the Task instance: queued
[2024-12-24T02:46:51.924+0000] {logging_mixin.py:190} INFO - Current task name:fetch_book_data state:running start_date:2024-12-24 02:46:51.469669+00:00
[2024-12-24T02:46:51.927+0000] {logging_mixin.py:190} INFO - Dag name:fetch_and_store_amazon_books and current dag run status:running
[2024-12-24T02:46:51.934+0000] {taskinstance.py:731} INFO - ::endgroup::
[2024-12-24T02:47:56.075+0000] {logging_mixin.py:190} INFO - Failed to retrieve the page
[2024-12-24T02:47:56.109+0000] {python.py:240} INFO - Done. Returned value was: None
[2024-12-24T02:47:56.116+0000] {taskinstance.py:340} INFO - ::group::Post task execution logs
[2024-12-24T02:47:56.116+0000] {taskinstance.py:352} INFO - Marking task as SUCCESS. dag_id=fetch_and_store_amazon_books, task_id=fetch_book_data, run_id=scheduled__2024-07-01T00:00:00+00:00, execution_date=20240701T000000, start_date=20241224T024651, end_date=20241224T024756
[2024-12-24T02:47:56.125+0000] {logging_mixin.py:190} INFO - Task instance in success state
[2024-12-24T02:47:56.127+0000] {logging_mixin.py:190} INFO -  Previous state of the Task instance: running
[2024-12-24T02:47:56.127+0000] {logging_mixin.py:190} INFO - Dag name:fetch_and_store_amazon_books queued_at:2024-12-24 02:46:47.878333+00:00
[2024-12-24T02:47:56.128+0000] {logging_mixin.py:190} INFO - Task hostname:cb88f053722f operator:PythonOperator
[2024-12-24T02:47:56.194+0000] {local_task_job_runner.py:266} INFO - Task exited with return code 0
[2024-12-24T02:47:56.204+0000] {local_task_job_runner.py:245} INFO - ::endgroup::
