[2024-12-24T03:09:14.324+0000] {local_task_job_runner.py:123} INFO - ::group::Pre task execution logs
[2024-12-24T03:09:14.385+0000] {taskinstance.py:2613} INFO - Dependencies all met for dep_context=non-requeueable deps ti=<TaskInstance: fetch_and_store_amazon_books.create_table scheduled__2024-08-04T00:00:00+00:00 [queued]>
[2024-12-24T03:09:14.399+0000] {taskinstance.py:2613} INFO - Dependencies all met for dep_context=requeueable deps ti=<TaskInstance: fetch_and_store_amazon_books.create_table scheduled__2024-08-04T00:00:00+00:00 [queued]>
[2024-12-24T03:09:14.403+0000] {taskinstance.py:2866} INFO - Starting attempt 2 of 2
[2024-12-24T03:09:14.466+0000] {taskinstance.py:2889} INFO - Executing <Task(PostgresOperator): create_table> on 2024-08-04 00:00:00+00:00
[2024-12-24T03:09:14.481+0000] {warnings.py:112} WARNING - /home/***/.local/lib/python3.12/site-packages/***/task/task_runner/standard_task_runner.py:70: DeprecationWarning: This process (pid=500) is multi-threaded, use of fork() may lead to deadlocks in the child.
  pid = os.fork()

[2024-12-24T03:09:14.484+0000] {standard_task_runner.py:72} INFO - Started process 511 to run task
[2024-12-24T03:09:14.485+0000] {standard_task_runner.py:104} INFO - Running: ['***', 'tasks', 'run', 'fetch_and_store_amazon_books', 'create_table', 'scheduled__2024-08-04T00:00:00+00:00', '--job-id', '220', '--raw', '--subdir', 'DAGS_FOLDER/app.py', '--cfg-path', '/tmp/tmpanbtl83o']
[2024-12-24T03:09:14.489+0000] {standard_task_runner.py:105} INFO - Job 220: Subtask create_table
[2024-12-24T03:09:14.664+0000] {task_command.py:467} INFO - Running <TaskInstance: fetch_and_store_amazon_books.create_table scheduled__2024-08-04T00:00:00+00:00 [running]> on host d63106d9d4d4
[2024-12-24T03:09:14.851+0000] {taskinstance.py:3132} INFO - Exporting env vars: AIRFLOW_CTX_DAG_OWNER='***' AIRFLOW_CTX_DAG_ID='fetch_and_store_amazon_books' AIRFLOW_CTX_TASK_ID='create_table' AIRFLOW_CTX_EXECUTION_DATE='2024-08-04T00:00:00+00:00' AIRFLOW_CTX_TRY_NUMBER='2' AIRFLOW_CTX_DAG_RUN_ID='scheduled__2024-08-04T00:00:00+00:00'
[2024-12-24T03:09:14.868+0000] {logging_mixin.py:190} INFO - Task instance is in running state
[2024-12-24T03:09:14.876+0000] {logging_mixin.py:190} INFO -  Previous state of the Task instance: queued
[2024-12-24T03:09:14.878+0000] {logging_mixin.py:190} INFO - Current task name:create_table state:running start_date:2024-12-24 03:09:14.393269+00:00
[2024-12-24T03:09:14.884+0000] {logging_mixin.py:190} INFO - Dag name:fetch_and_store_amazon_books and current dag run status:running
[2024-12-24T03:09:14.887+0000] {taskinstance.py:731} INFO - ::endgroup::
[2024-12-24T03:09:14.889+0000] {sql.py:278} INFO - Executing: 
    CREATE TABLE IF NOT EXISTS books (
        id SERIAL PRIMARY KEY,
        title TEXT NOT NULL,
        authors TEXT,
        price TEXT,
        rating TEXT
    );
    
[2024-12-24T03:09:14.911+0000] {base.py:84} INFO - Retrieving connection 'books_connection'
[2024-12-24T03:09:14.954+0000] {base.py:84} INFO - Retrieving connection 'books_connection'
[2024-12-24T03:09:14.969+0000] {sql.py:553} INFO - Running statement: 
    CREATE TABLE IF NOT EXISTS books (
        id SERIAL PRIMARY KEY,
        title TEXT NOT NULL,
        authors TEXT,
        price TEXT,
        rating TEXT
    );
    , parameters: None
[2024-12-24T03:09:14.989+0000] {taskinstance.py:340} INFO - ::group::Post task execution logs
[2024-12-24T03:09:14.992+0000] {taskinstance.py:352} INFO - Marking task as SUCCESS. dag_id=fetch_and_store_amazon_books, task_id=create_table, run_id=scheduled__2024-08-04T00:00:00+00:00, execution_date=20240804T000000, start_date=20241224T030914, end_date=20241224T030914
[2024-12-24T03:09:15.028+0000] {logging_mixin.py:190} INFO - Task instance in success state
[2024-12-24T03:09:15.031+0000] {logging_mixin.py:190} INFO -  Previous state of the Task instance: running
[2024-12-24T03:09:15.034+0000] {logging_mixin.py:190} INFO - Dag name:fetch_and_store_amazon_books queued_at:2024-12-24 03:04:04.526146+00:00
[2024-12-24T03:09:15.036+0000] {logging_mixin.py:190} INFO - Task hostname:d63106d9d4d4 operator:PostgresOperator
[2024-12-24T03:09:15.067+0000] {local_task_job_runner.py:266} INFO - Task exited with return code 0
[2024-12-24T03:09:15.099+0000] {taskinstance.py:3895} INFO - 1 downstream tasks scheduled from follow-on schedule check
[2024-12-24T03:09:15.105+0000] {local_task_job_runner.py:245} INFO - ::endgroup::
