[2024-12-24T02:46:51.495+0000] {local_task_job_runner.py:123} INFO - ::group::Pre task execution logs
[2024-12-24T02:46:51.564+0000] {taskinstance.py:2613} INFO - Dependencies all met for dep_context=non-requeueable deps ti=<TaskInstance: fetch_and_store_amazon_books.fetch_book_data scheduled__2024-06-26T00:00:00+00:00 [queued]>
[2024-12-24T02:46:51.580+0000] {taskinstance.py:2613} INFO - Dependencies all met for dep_context=requeueable deps ti=<TaskInstance: fetch_and_store_amazon_books.fetch_book_data scheduled__2024-06-26T00:00:00+00:00 [queued]>
[2024-12-24T02:46:51.584+0000] {taskinstance.py:2866} INFO - Starting attempt 1 of 2
[2024-12-24T02:46:51.608+0000] {taskinstance.py:2889} INFO - Executing <Task(PythonOperator): fetch_book_data> on 2024-06-26 00:00:00+00:00
[2024-12-24T02:46:51.620+0000] {warnings.py:112} WARNING - /home/***/.local/lib/python3.12/site-packages/***/task/task_runner/standard_task_runner.py:70: DeprecationWarning: This process (pid=357) is multi-threaded, use of fork() may lead to deadlocks in the child.
  pid = os.fork()

[2024-12-24T02:46:51.626+0000] {standard_task_runner.py:72} INFO - Started process 374 to run task
[2024-12-24T02:46:51.631+0000] {standard_task_runner.py:104} INFO - Running: ['***', 'tasks', 'run', 'fetch_and_store_amazon_books', 'fetch_book_data', 'scheduled__2024-06-26T00:00:00+00:00', '--job-id', '11', '--raw', '--subdir', 'DAGS_FOLDER/app.py', '--cfg-path', '/tmp/tmpgy52_oj1']
[2024-12-24T02:46:51.642+0000] {standard_task_runner.py:105} INFO - Job 11: Subtask fetch_book_data
[2024-12-24T02:46:51.777+0000] {task_command.py:467} INFO - Running <TaskInstance: fetch_and_store_amazon_books.fetch_book_data scheduled__2024-06-26T00:00:00+00:00 [running]> on host cb88f053722f
[2024-12-24T02:46:51.939+0000] {taskinstance.py:3132} INFO - Exporting env vars: AIRFLOW_CTX_DAG_OWNER='***' AIRFLOW_CTX_DAG_ID='fetch_and_store_amazon_books' AIRFLOW_CTX_TASK_ID='fetch_book_data' AIRFLOW_CTX_EXECUTION_DATE='2024-06-26T00:00:00+00:00' AIRFLOW_CTX_TRY_NUMBER='1' AIRFLOW_CTX_DAG_RUN_ID='scheduled__2024-06-26T00:00:00+00:00'
[2024-12-24T02:46:51.952+0000] {logging_mixin.py:190} INFO - Task instance is in running state
[2024-12-24T02:46:51.952+0000] {logging_mixin.py:190} INFO -  Previous state of the Task instance: queued
[2024-12-24T02:46:51.953+0000] {logging_mixin.py:190} INFO - Current task name:fetch_book_data state:running start_date:2024-12-24 02:46:51.568096+00:00
[2024-12-24T02:46:51.953+0000] {logging_mixin.py:190} INFO - Dag name:fetch_and_store_amazon_books and current dag run status:running
[2024-12-24T02:46:51.953+0000] {taskinstance.py:731} INFO - ::endgroup::
[2024-12-24T02:48:00.226+0000] {logging_mixin.py:190} INFO - Failed to retrieve the page
[2024-12-24T02:48:00.273+0000] {python.py:240} INFO - Done. Returned value was: None
[2024-12-24T02:48:00.285+0000] {taskinstance.py:340} INFO - ::group::Post task execution logs
[2024-12-24T02:48:00.286+0000] {taskinstance.py:352} INFO - Marking task as SUCCESS. dag_id=fetch_and_store_amazon_books, task_id=fetch_book_data, run_id=scheduled__2024-06-26T00:00:00+00:00, execution_date=20240626T000000, start_date=20241224T024651, end_date=20241224T024800
[2024-12-24T02:48:00.296+0000] {logging_mixin.py:190} INFO - Task instance in success state
[2024-12-24T02:48:00.297+0000] {logging_mixin.py:190} INFO -  Previous state of the Task instance: running
[2024-12-24T02:48:00.297+0000] {logging_mixin.py:190} INFO - Dag name:fetch_and_store_amazon_books queued_at:2024-12-24 02:46:47.184407+00:00
[2024-12-24T02:48:00.297+0000] {logging_mixin.py:190} INFO - Task hostname:cb88f053722f operator:PythonOperator
[2024-12-24T02:48:00.343+0000] {local_task_job_runner.py:266} INFO - Task exited with return code 0
[2024-12-24T02:48:00.380+0000] {taskinstance.py:3895} INFO - 1 downstream tasks scheduled from follow-on schedule check
[2024-12-24T02:48:00.381+0000] {local_task_job_runner.py:245} INFO - ::endgroup::
