[2024-12-24T03:19:50.209+0000] {local_task_job_runner.py:123} INFO - ::group::Pre task execution logs
[2024-12-24T03:19:50.273+0000] {taskinstance.py:2613} INFO - Dependencies all met for dep_context=non-requeueable deps ti=<TaskInstance: fetch_and_store_amazon_books.create_table scheduled__2024-09-08T00:00:00+00:00 [queued]>
[2024-12-24T03:19:50.282+0000] {taskinstance.py:2613} INFO - Dependencies all met for dep_context=requeueable deps ti=<TaskInstance: fetch_and_store_amazon_books.create_table scheduled__2024-09-08T00:00:00+00:00 [queued]>
[2024-12-24T03:19:50.283+0000] {taskinstance.py:2866} INFO - Starting attempt 1 of 2
[2024-12-24T03:19:50.366+0000] {taskinstance.py:2889} INFO - Executing <Task(PostgresOperator): create_table> on 2024-09-08 00:00:00+00:00
[2024-12-24T03:19:50.413+0000] {warnings.py:112} WARNING - /home/***/.local/lib/python3.12/site-packages/***/task/task_runner/standard_task_runner.py:70: DeprecationWarning: This process (pid=1027) is multi-threaded, use of fork() may lead to deadlocks in the child.
  pid = os.fork()

[2024-12-24T03:19:50.429+0000] {standard_task_runner.py:72} INFO - Started process 1060 to run task
[2024-12-24T03:19:50.433+0000] {standard_task_runner.py:104} INFO - Running: ['***', 'tasks', 'run', 'fetch_and_store_amazon_books', 'create_table', 'scheduled__2024-09-08T00:00:00+00:00', '--job-id', '356', '--raw', '--subdir', 'DAGS_FOLDER/app.py', '--cfg-path', '/tmp/tmp_3s2wpv7']
[2024-12-24T03:19:50.437+0000] {standard_task_runner.py:105} INFO - Job 356: Subtask create_table
[2024-12-24T03:19:50.607+0000] {task_command.py:467} INFO - Running <TaskInstance: fetch_and_store_amazon_books.create_table scheduled__2024-09-08T00:00:00+00:00 [running]> on host d63106d9d4d4
[2024-12-24T03:19:50.781+0000] {taskinstance.py:3132} INFO - Exporting env vars: AIRFLOW_CTX_DAG_OWNER='***' AIRFLOW_CTX_DAG_ID='fetch_and_store_amazon_books' AIRFLOW_CTX_TASK_ID='create_table' AIRFLOW_CTX_EXECUTION_DATE='2024-09-08T00:00:00+00:00' AIRFLOW_CTX_TRY_NUMBER='1' AIRFLOW_CTX_DAG_RUN_ID='scheduled__2024-09-08T00:00:00+00:00'
[2024-12-24T03:19:50.786+0000] {logging_mixin.py:190} INFO - Task instance is in running state
[2024-12-24T03:19:50.797+0000] {logging_mixin.py:190} INFO -  Previous state of the Task instance: queued
[2024-12-24T03:19:50.804+0000] {logging_mixin.py:190} INFO - Current task name:create_table state:running start_date:2024-12-24 03:19:50.275787+00:00
[2024-12-24T03:19:50.807+0000] {logging_mixin.py:190} INFO - Dag name:fetch_and_store_amazon_books and current dag run status:running
[2024-12-24T03:19:50.809+0000] {taskinstance.py:731} INFO - ::endgroup::
[2024-12-24T03:19:50.811+0000] {sql.py:278} INFO - Executing: 
    CREATE TABLE IF NOT EXISTS books (
        id SERIAL PRIMARY KEY,
        title TEXT NOT NULL,
        authors TEXT,
        price TEXT,
        rating TEXT
    );
    
[2024-12-24T03:19:50.834+0000] {base.py:84} INFO - Retrieving connection 'books_connection'
[2024-12-24T03:19:50.847+0000] {base.py:84} INFO - Retrieving connection 'books_connection'
[2024-12-24T03:19:50.853+0000] {sql.py:553} INFO - Running statement: 
    CREATE TABLE IF NOT EXISTS books (
        id SERIAL PRIMARY KEY,
        title TEXT NOT NULL,
        authors TEXT,
        price TEXT,
        rating TEXT
    );
    , parameters: None
[2024-12-24T03:19:50.866+0000] {taskinstance.py:340} INFO - ::group::Post task execution logs
[2024-12-24T03:19:50.867+0000] {taskinstance.py:352} INFO - Marking task as SUCCESS. dag_id=fetch_and_store_amazon_books, task_id=create_table, run_id=scheduled__2024-09-08T00:00:00+00:00, execution_date=20240908T000000, start_date=20241224T031950, end_date=20241224T031950
[2024-12-24T03:19:50.890+0000] {logging_mixin.py:190} INFO - Task instance in success state
[2024-12-24T03:19:50.898+0000] {logging_mixin.py:190} INFO -  Previous state of the Task instance: running
[2024-12-24T03:19:50.902+0000] {logging_mixin.py:190} INFO - Dag name:fetch_and_store_amazon_books queued_at:2024-12-24 03:19:42.445780+00:00
[2024-12-24T03:19:50.905+0000] {logging_mixin.py:190} INFO - Task hostname:d63106d9d4d4 operator:PostgresOperator
[2024-12-24T03:19:50.964+0000] {local_task_job_runner.py:266} INFO - Task exited with return code 0
[2024-12-24T03:19:50.996+0000] {taskinstance.py:3895} INFO - 0 downstream tasks scheduled from follow-on schedule check
[2024-12-24T03:19:51.007+0000] {local_task_job_runner.py:245} INFO - ::endgroup::
