[2024-12-24T02:40:31.816+0000] {processor.py:186} INFO - Started process (PID=1937) to work on /opt/airflow/dags/app.py
[2024-12-24T02:40:31.817+0000] {processor.py:914} INFO - Processing file /opt/airflow/dags/app.py for tasks to queue
[2024-12-24T02:40:31.818+0000] {logging_mixin.py:190} INFO - [2024-12-24T02:40:31.818+0000] {dagbag.py:588} INFO - Filling up the DagBag from /opt/airflow/dags/app.py
[2024-12-24T02:40:31.889+0000] {processor.py:925} INFO - DAG(s) 'fetch_and_store_amazon_books' retrieved from /opt/airflow/dags/app.py
[2024-12-24T02:40:31.932+0000] {logging_mixin.py:190} INFO - [2024-12-24T02:40:31.931+0000] {override.py:1911} INFO - Created Permission View: can delete on DAG:fetch_and_store_amazon_books
[2024-12-24T02:40:31.935+0000] {logging_mixin.py:190} INFO - [2024-12-24T02:40:31.935+0000] {override.py:1911} INFO - Created Permission View: can edit on DAG:fetch_and_store_amazon_books
[2024-12-24T02:40:31.938+0000] {logging_mixin.py:190} INFO - [2024-12-24T02:40:31.938+0000] {override.py:1911} INFO - Created Permission View: can read on DAG:fetch_and_store_amazon_books
[2024-12-24T02:40:31.940+0000] {logging_mixin.py:190} INFO - [2024-12-24T02:40:31.940+0000] {override.py:1911} INFO - Created Permission View: can delete on DAG Run:fetch_and_store_amazon_books
[2024-12-24T02:40:31.942+0000] {logging_mixin.py:190} INFO - [2024-12-24T02:40:31.941+0000] {override.py:1911} INFO - Created Permission View: menu access on DAG Run:fetch_and_store_amazon_books
[2024-12-24T02:40:31.943+0000] {logging_mixin.py:190} INFO - [2024-12-24T02:40:31.943+0000] {override.py:1911} INFO - Created Permission View: can create on DAG Run:fetch_and_store_amazon_books
[2024-12-24T02:40:31.945+0000] {logging_mixin.py:190} INFO - [2024-12-24T02:40:31.945+0000] {override.py:1911} INFO - Created Permission View: can read on DAG Run:fetch_and_store_amazon_books
[2024-12-24T02:40:31.946+0000] {logging_mixin.py:190} INFO - [2024-12-24T02:40:31.946+0000] {dag.py:3239} INFO - Sync 1 DAGs
[2024-12-24T02:40:31.950+0000] {logging_mixin.py:190} INFO - [2024-12-24T02:40:31.950+0000] {dag.py:3262} INFO - Creating ORM DAG for fetch_and_store_amazon_books
[2024-12-24T02:40:31.955+0000] {logging_mixin.py:190} INFO - [2024-12-24T02:40:31.955+0000] {dag.py:4180} INFO - Setting next_dagrun for fetch_and_store_amazon_books to 2024-06-20 00:00:00+00:00, run_after=2024-06-21 00:00:00+00:00
[2024-12-24T02:40:31.960+0000] {processor.py:208} INFO - Processing /opt/airflow/dags/app.py took 0.147 seconds
[2024-12-24T02:41:02.623+0000] {processor.py:186} INFO - Started process (PID=2001) to work on /opt/airflow/dags/app.py
[2024-12-24T02:41:02.624+0000] {processor.py:914} INFO - Processing file /opt/airflow/dags/app.py for tasks to queue
[2024-12-24T02:41:02.626+0000] {logging_mixin.py:190} INFO - [2024-12-24T02:41:02.626+0000] {dagbag.py:588} INFO - Filling up the DagBag from /opt/airflow/dags/app.py
[2024-12-24T02:41:02.680+0000] {processor.py:925} INFO - DAG(s) 'fetch_and_store_amazon_books' retrieved from /opt/airflow/dags/app.py
[2024-12-24T02:41:02.692+0000] {logging_mixin.py:190} INFO - [2024-12-24T02:41:02.692+0000] {dag.py:3239} INFO - Sync 1 DAGs
[2024-12-24T02:41:02.701+0000] {logging_mixin.py:190} INFO - [2024-12-24T02:41:02.701+0000] {dag.py:4180} INFO - Setting next_dagrun for fetch_and_store_amazon_books to 2024-06-20 00:00:00+00:00, run_after=2024-06-21 00:00:00+00:00
[2024-12-24T02:41:02.708+0000] {processor.py:208} INFO - Processing /opt/airflow/dags/app.py took 0.090 seconds
[2024-12-24T02:41:03.652+0000] {processor.py:186} INFO - Started process (PID=2002) to work on /opt/airflow/dags/app.py
[2024-12-24T02:41:03.653+0000] {processor.py:914} INFO - Processing file /opt/airflow/dags/app.py for tasks to queue
[2024-12-24T02:41:03.656+0000] {logging_mixin.py:190} INFO - [2024-12-24T02:41:03.655+0000] {dagbag.py:588} INFO - Filling up the DagBag from /opt/airflow/dags/app.py
[2024-12-24T02:41:03.714+0000] {processor.py:925} INFO - DAG(s) 'fetch_and_store_amazon_books' retrieved from /opt/airflow/dags/app.py
[2024-12-24T02:41:03.725+0000] {logging_mixin.py:190} INFO - [2024-12-24T02:41:03.724+0000] {dag.py:3239} INFO - Sync 1 DAGs
[2024-12-24T02:41:03.733+0000] {logging_mixin.py:190} INFO - [2024-12-24T02:41:03.733+0000] {dag.py:4180} INFO - Setting next_dagrun for fetch_and_store_amazon_books to 2024-06-20 00:00:00+00:00, run_after=2024-06-21 00:00:00+00:00
[2024-12-24T02:41:03.740+0000] {processor.py:208} INFO - Processing /opt/airflow/dags/app.py took 0.095 seconds
[2024-12-24T02:41:34.595+0000] {processor.py:186} INFO - Started process (PID=2066) to work on /opt/airflow/dags/app.py
[2024-12-24T02:41:34.596+0000] {processor.py:914} INFO - Processing file /opt/airflow/dags/app.py for tasks to queue
[2024-12-24T02:41:34.599+0000] {logging_mixin.py:190} INFO - [2024-12-24T02:41:34.599+0000] {dagbag.py:588} INFO - Filling up the DagBag from /opt/airflow/dags/app.py
[2024-12-24T02:41:34.653+0000] {processor.py:925} INFO - DAG(s) 'fetch_and_store_amazon_books' retrieved from /opt/airflow/dags/app.py
[2024-12-24T02:41:34.663+0000] {logging_mixin.py:190} INFO - [2024-12-24T02:41:34.663+0000] {dag.py:3239} INFO - Sync 1 DAGs
[2024-12-24T02:41:34.672+0000] {logging_mixin.py:190} INFO - [2024-12-24T02:41:34.671+0000] {dag.py:4180} INFO - Setting next_dagrun for fetch_and_store_amazon_books to 2024-06-20 00:00:00+00:00, run_after=2024-06-21 00:00:00+00:00
[2024-12-24T02:41:34.678+0000] {processor.py:208} INFO - Processing /opt/airflow/dags/app.py took 0.089 seconds
[2024-12-24T02:42:05.115+0000] {processor.py:186} INFO - Started process (PID=2130) to work on /opt/airflow/dags/app.py
[2024-12-24T02:42:05.117+0000] {processor.py:914} INFO - Processing file /opt/airflow/dags/app.py for tasks to queue
[2024-12-24T02:42:05.119+0000] {logging_mixin.py:190} INFO - [2024-12-24T02:42:05.119+0000] {dagbag.py:588} INFO - Filling up the DagBag from /opt/airflow/dags/app.py
[2024-12-24T02:42:05.189+0000] {processor.py:925} INFO - DAG(s) 'fetch_and_store_amazon_books' retrieved from /opt/airflow/dags/app.py
[2024-12-24T02:42:05.205+0000] {logging_mixin.py:190} INFO - [2024-12-24T02:42:05.205+0000] {dag.py:3239} INFO - Sync 1 DAGs
[2024-12-24T02:42:05.218+0000] {logging_mixin.py:190} INFO - [2024-12-24T02:42:05.218+0000] {dag.py:4180} INFO - Setting next_dagrun for fetch_and_store_amazon_books to 2024-06-20 00:00:00+00:00, run_after=2024-06-21 00:00:00+00:00
[2024-12-24T02:42:05.228+0000] {processor.py:208} INFO - Processing /opt/airflow/dags/app.py took 0.119 seconds
[2024-12-24T02:42:35.955+0000] {processor.py:186} INFO - Started process (PID=2194) to work on /opt/airflow/dags/app.py
[2024-12-24T02:42:35.956+0000] {processor.py:914} INFO - Processing file /opt/airflow/dags/app.py for tasks to queue
[2024-12-24T02:42:35.960+0000] {logging_mixin.py:190} INFO - [2024-12-24T02:42:35.959+0000] {dagbag.py:588} INFO - Filling up the DagBag from /opt/airflow/dags/app.py
[2024-12-24T02:42:36.026+0000] {processor.py:925} INFO - DAG(s) 'fetch_and_store_amazon_books' retrieved from /opt/airflow/dags/app.py
[2024-12-24T02:42:36.040+0000] {logging_mixin.py:190} INFO - [2024-12-24T02:42:36.040+0000] {dag.py:3239} INFO - Sync 1 DAGs
[2024-12-24T02:42:36.051+0000] {logging_mixin.py:190} INFO - [2024-12-24T02:42:36.051+0000] {dag.py:4180} INFO - Setting next_dagrun for fetch_and_store_amazon_books to 2024-06-20 00:00:00+00:00, run_after=2024-06-21 00:00:00+00:00
[2024-12-24T02:42:36.061+0000] {processor.py:208} INFO - Processing /opt/airflow/dags/app.py took 0.113 seconds
[2024-12-24T02:43:06.472+0000] {processor.py:186} INFO - Started process (PID=2264) to work on /opt/airflow/dags/app.py
[2024-12-24T02:43:06.473+0000] {processor.py:914} INFO - Processing file /opt/airflow/dags/app.py for tasks to queue
[2024-12-24T02:43:06.475+0000] {logging_mixin.py:190} INFO - [2024-12-24T02:43:06.475+0000] {dagbag.py:588} INFO - Filling up the DagBag from /opt/airflow/dags/app.py
[2024-12-24T02:43:06.540+0000] {processor.py:925} INFO - DAG(s) 'fetch_and_store_amazon_books' retrieved from /opt/airflow/dags/app.py
[2024-12-24T02:43:06.556+0000] {logging_mixin.py:190} INFO - [2024-12-24T02:43:06.555+0000] {dag.py:3239} INFO - Sync 1 DAGs
[2024-12-24T02:43:06.571+0000] {logging_mixin.py:190} INFO - [2024-12-24T02:43:06.571+0000] {dag.py:4180} INFO - Setting next_dagrun for fetch_and_store_amazon_books to 2024-06-20 00:00:00+00:00, run_after=2024-06-21 00:00:00+00:00
[2024-12-24T02:43:06.580+0000] {processor.py:208} INFO - Processing /opt/airflow/dags/app.py took 0.114 seconds
[2024-12-24T02:43:37.052+0000] {processor.py:186} INFO - Started process (PID=2328) to work on /opt/airflow/dags/app.py
[2024-12-24T02:43:37.053+0000] {processor.py:914} INFO - Processing file /opt/airflow/dags/app.py for tasks to queue
[2024-12-24T02:43:37.055+0000] {logging_mixin.py:190} INFO - [2024-12-24T02:43:37.055+0000] {dagbag.py:588} INFO - Filling up the DagBag from /opt/airflow/dags/app.py
[2024-12-24T02:43:37.113+0000] {processor.py:925} INFO - DAG(s) 'fetch_and_store_amazon_books' retrieved from /opt/airflow/dags/app.py
[2024-12-24T02:43:37.121+0000] {logging_mixin.py:190} INFO - [2024-12-24T02:43:37.121+0000] {dag.py:3239} INFO - Sync 1 DAGs
[2024-12-24T02:43:37.217+0000] {logging_mixin.py:190} INFO - [2024-12-24T02:43:37.217+0000] {dag.py:4180} INFO - Setting next_dagrun for fetch_and_store_amazon_books to 2024-06-20 00:00:00+00:00, run_after=2024-06-21 00:00:00+00:00
[2024-12-24T02:43:37.224+0000] {processor.py:208} INFO - Processing /opt/airflow/dags/app.py took 0.177 seconds
[2024-12-24T02:44:08.026+0000] {processor.py:186} INFO - Started process (PID=2392) to work on /opt/airflow/dags/app.py
[2024-12-24T02:44:08.028+0000] {processor.py:914} INFO - Processing file /opt/airflow/dags/app.py for tasks to queue
[2024-12-24T02:44:08.030+0000] {logging_mixin.py:190} INFO - [2024-12-24T02:44:08.030+0000] {dagbag.py:588} INFO - Filling up the DagBag from /opt/airflow/dags/app.py
[2024-12-24T02:44:08.084+0000] {processor.py:925} INFO - DAG(s) 'fetch_and_store_amazon_books' retrieved from /opt/airflow/dags/app.py
[2024-12-24T02:44:08.093+0000] {logging_mixin.py:190} INFO - [2024-12-24T02:44:08.093+0000] {dag.py:3239} INFO - Sync 1 DAGs
[2024-12-24T02:44:08.102+0000] {logging_mixin.py:190} INFO - [2024-12-24T02:44:08.102+0000] {dag.py:4180} INFO - Setting next_dagrun for fetch_and_store_amazon_books to 2024-06-20 00:00:00+00:00, run_after=2024-06-21 00:00:00+00:00
[2024-12-24T02:44:08.192+0000] {processor.py:208} INFO - Processing /opt/airflow/dags/app.py took 0.172 seconds
[2024-12-24T02:44:38.814+0000] {processor.py:186} INFO - Started process (PID=2456) to work on /opt/airflow/dags/app.py
[2024-12-24T02:44:38.816+0000] {processor.py:914} INFO - Processing file /opt/airflow/dags/app.py for tasks to queue
[2024-12-24T02:44:38.820+0000] {logging_mixin.py:190} INFO - [2024-12-24T02:44:38.819+0000] {dagbag.py:588} INFO - Filling up the DagBag from /opt/airflow/dags/app.py
[2024-12-24T02:44:38.884+0000] {processor.py:925} INFO - DAG(s) 'fetch_and_store_amazon_books' retrieved from /opt/airflow/dags/app.py
[2024-12-24T02:44:38.898+0000] {logging_mixin.py:190} INFO - [2024-12-24T02:44:38.897+0000] {dag.py:3239} INFO - Sync 1 DAGs
[2024-12-24T02:44:38.909+0000] {logging_mixin.py:190} INFO - [2024-12-24T02:44:38.909+0000] {dag.py:4180} INFO - Setting next_dagrun for fetch_and_store_amazon_books to 2024-06-20 00:00:00+00:00, run_after=2024-06-21 00:00:00+00:00
[2024-12-24T02:44:38.917+0000] {processor.py:208} INFO - Processing /opt/airflow/dags/app.py took 0.110 seconds
[2024-12-24T02:45:09.749+0000] {processor.py:186} INFO - Started process (PID=2520) to work on /opt/airflow/dags/app.py
[2024-12-24T02:45:09.750+0000] {processor.py:914} INFO - Processing file /opt/airflow/dags/app.py for tasks to queue
[2024-12-24T02:45:09.752+0000] {logging_mixin.py:190} INFO - [2024-12-24T02:45:09.752+0000] {dagbag.py:588} INFO - Filling up the DagBag from /opt/airflow/dags/app.py
[2024-12-24T02:45:09.815+0000] {processor.py:925} INFO - DAG(s) 'fetch_and_store_amazon_books' retrieved from /opt/airflow/dags/app.py
[2024-12-24T02:45:09.831+0000] {logging_mixin.py:190} INFO - [2024-12-24T02:45:09.831+0000] {dag.py:3239} INFO - Sync 1 DAGs
[2024-12-24T02:45:09.844+0000] {logging_mixin.py:190} INFO - [2024-12-24T02:45:09.844+0000] {dag.py:4180} INFO - Setting next_dagrun for fetch_and_store_amazon_books to 2024-06-20 00:00:00+00:00, run_after=2024-06-21 00:00:00+00:00
[2024-12-24T02:45:09.853+0000] {processor.py:208} INFO - Processing /opt/airflow/dags/app.py took 0.110 seconds
[2024-12-24T02:45:40.229+0000] {processor.py:186} INFO - Started process (PID=2584) to work on /opt/airflow/dags/app.py
[2024-12-24T02:45:40.230+0000] {processor.py:914} INFO - Processing file /opt/airflow/dags/app.py for tasks to queue
[2024-12-24T02:45:40.232+0000] {logging_mixin.py:190} INFO - [2024-12-24T02:45:40.232+0000] {dagbag.py:588} INFO - Filling up the DagBag from /opt/airflow/dags/app.py
[2024-12-24T02:45:40.295+0000] {processor.py:925} INFO - DAG(s) 'fetch_and_store_amazon_books' retrieved from /opt/airflow/dags/app.py
[2024-12-24T02:45:40.305+0000] {logging_mixin.py:190} INFO - [2024-12-24T02:45:40.305+0000] {dag.py:3239} INFO - Sync 1 DAGs
[2024-12-24T02:45:40.315+0000] {logging_mixin.py:190} INFO - [2024-12-24T02:45:40.315+0000] {dag.py:4180} INFO - Setting next_dagrun for fetch_and_store_amazon_books to 2024-06-20 00:00:00+00:00, run_after=2024-06-21 00:00:00+00:00
[2024-12-24T02:45:40.322+0000] {processor.py:208} INFO - Processing /opt/airflow/dags/app.py took 0.098 seconds
[2024-12-24T02:46:10.766+0000] {processor.py:186} INFO - Started process (PID=2648) to work on /opt/airflow/dags/app.py
[2024-12-24T02:46:10.768+0000] {processor.py:914} INFO - Processing file /opt/airflow/dags/app.py for tasks to queue
[2024-12-24T02:46:10.770+0000] {logging_mixin.py:190} INFO - [2024-12-24T02:46:10.770+0000] {dagbag.py:588} INFO - Filling up the DagBag from /opt/airflow/dags/app.py
[2024-12-24T02:46:10.823+0000] {processor.py:925} INFO - DAG(s) 'fetch_and_store_amazon_books' retrieved from /opt/airflow/dags/app.py
[2024-12-24T02:46:10.833+0000] {logging_mixin.py:190} INFO - [2024-12-24T02:46:10.833+0000] {dag.py:3239} INFO - Sync 1 DAGs
[2024-12-24T02:46:10.842+0000] {logging_mixin.py:190} INFO - [2024-12-24T02:46:10.842+0000] {dag.py:4180} INFO - Setting next_dagrun for fetch_and_store_amazon_books to 2024-06-20 00:00:00+00:00, run_after=2024-06-21 00:00:00+00:00
[2024-12-24T02:46:10.849+0000] {processor.py:208} INFO - Processing /opt/airflow/dags/app.py took 0.088 seconds
[2024-12-24T02:46:41.216+0000] {processor.py:186} INFO - Started process (PID=2711) to work on /opt/airflow/dags/app.py
[2024-12-24T02:46:41.218+0000] {processor.py:914} INFO - Processing file /opt/airflow/dags/app.py for tasks to queue
[2024-12-24T02:46:41.222+0000] {logging_mixin.py:190} INFO - [2024-12-24T02:46:41.221+0000] {dagbag.py:588} INFO - Filling up the DagBag from /opt/airflow/dags/app.py
[2024-12-24T02:46:41.287+0000] {processor.py:925} INFO - DAG(s) 'fetch_and_store_amazon_books' retrieved from /opt/airflow/dags/app.py
[2024-12-24T02:46:41.302+0000] {logging_mixin.py:190} INFO - [2024-12-24T02:46:41.301+0000] {dag.py:3239} INFO - Sync 1 DAGs
[2024-12-24T02:46:41.315+0000] {logging_mixin.py:190} INFO - [2024-12-24T02:46:41.315+0000] {dag.py:4180} INFO - Setting next_dagrun for fetch_and_store_amazon_books to 2024-06-20 00:00:00+00:00, run_after=2024-06-21 00:00:00+00:00
[2024-12-24T02:46:41.324+0000] {processor.py:208} INFO - Processing /opt/airflow/dags/app.py took 0.115 seconds
[2024-12-24T02:47:04.696+0000] {processor.py:186} INFO - Started process (PID=2760) to work on /opt/airflow/dags/app.py
[2024-12-24T02:47:04.696+0000] {processor.py:914} INFO - Processing file /opt/airflow/dags/app.py for tasks to queue
[2024-12-24T02:47:04.697+0000] {logging_mixin.py:190} INFO - [2024-12-24T02:47:04.697+0000] {dagbag.py:588} INFO - Filling up the DagBag from /opt/airflow/dags/app.py
[2024-12-24T02:47:04.765+0000] {processor.py:925} INFO - DAG(s) 'fetch_and_store_amazon_books' retrieved from /opt/airflow/dags/app.py
[2024-12-24T02:47:04.778+0000] {logging_mixin.py:190} INFO - [2024-12-24T02:47:04.777+0000] {taskinstance.py:3313} ERROR - {'DAG Id': 'fetch_and_store_amazon_books', 'Task Id': 'fetch_book_data', 'Run Id': 'manual__2024-12-24T02:46:46.239238+00:00', 'Hostname': 'cb88f053722f', 'External Executor Id': 'fc9a23e5-f787-49a8-86fc-ecbd5cf0742f'}
[2024-12-24T02:47:04.794+0000] {logging_mixin.py:190} INFO - Task instance in failure state
[2024-12-24T02:47:04.794+0000] {logging_mixin.py:190} INFO - Task start:2024-12-24 02:46:51.644408+00:00 end:2024-12-24 02:47:04.793544+00:00 duration:13.149136
[2024-12-24T02:47:04.794+0000] {logging_mixin.py:190} INFO - Task:<Task(PythonOperator): fetch_book_data> dag:<DAG: fetch_and_store_amazon_books> dagrun:<DagRun fetch_and_store_amazon_books @ 2024-12-24 02:46:46.239238+00:00: manual__2024-12-24T02:46:46.239238+00:00, state:running, queued_at: 2024-12-24 02:46:46.264918+00:00. externally triggered: True>
[2024-12-24T02:47:04.794+0000] {logging_mixin.py:190} INFO - Failure caused by {'DAG Id': 'fetch_and_store_amazon_books', 'Task Id': 'fetch_book_data', 'Run Id': 'manual__2024-12-24T02:46:46.239238+00:00', 'Hostname': 'cb88f053722f', 'External Executor Id': 'fc9a23e5-f787-49a8-86fc-ecbd5cf0742f'}
[2024-12-24T02:47:04.795+0000] {logging_mixin.py:190} INFO - [2024-12-24T02:47:04.795+0000] {taskinstance.py:1225} INFO - Marking task as UP_FOR_RETRY. dag_id=fetch_and_store_amazon_books, task_id=fetch_book_data, run_id=manual__2024-12-24T02:46:46.239238+00:00, execution_date=20241224T024646, start_date=20241224T024651, end_date=20241224T024704
[2024-12-24T02:47:04.963+0000] {logging_mixin.py:190} INFO - [2024-12-24T02:47:04.963+0000] {processor.py:876} INFO - Executed callback for <TaskInstance: fetch_and_store_amazon_books.fetch_book_data manual__2024-12-24T02:46:46.239238+00:00 [up_for_retry]> in state up_for_retry
[2024-12-24T02:47:04.968+0000] {logging_mixin.py:190} INFO - [2024-12-24T02:47:04.968+0000] {dag.py:3239} INFO - Sync 1 DAGs
[2024-12-24T02:47:04.981+0000] {processor.py:208} INFO - Processing /opt/airflow/dags/app.py took 0.288 seconds
[2024-12-24T02:47:35.391+0000] {processor.py:186} INFO - Started process (PID=2819) to work on /opt/airflow/dags/app.py
[2024-12-24T02:47:35.392+0000] {processor.py:914} INFO - Processing file /opt/airflow/dags/app.py for tasks to queue
[2024-12-24T02:47:35.393+0000] {logging_mixin.py:190} INFO - [2024-12-24T02:47:35.393+0000] {dagbag.py:588} INFO - Filling up the DagBag from /opt/airflow/dags/app.py
[2024-12-24T02:47:35.787+0000] {processor.py:925} INFO - DAG(s) 'fetch_and_store_amazon_books' retrieved from /opt/airflow/dags/app.py
[2024-12-24T02:47:35.809+0000] {logging_mixin.py:190} INFO - [2024-12-24T02:47:35.809+0000] {dag.py:3239} INFO - Sync 1 DAGs
[2024-12-24T02:47:35.831+0000] {processor.py:208} INFO - Processing /opt/airflow/dags/app.py took 0.443 seconds
[2024-12-24T02:47:45.099+0000] {processor.py:186} INFO - Started process (PID=2844) to work on /opt/airflow/dags/app.py
[2024-12-24T02:47:45.101+0000] {processor.py:914} INFO - Processing file /opt/airflow/dags/app.py for tasks to queue
[2024-12-24T02:47:45.104+0000] {logging_mixin.py:190} INFO - [2024-12-24T02:47:45.104+0000] {dagbag.py:588} INFO - Filling up the DagBag from /opt/airflow/dags/app.py
[2024-12-24T02:47:45.185+0000] {processor.py:925} INFO - DAG(s) 'fetch_and_store_amazon_books' retrieved from /opt/airflow/dags/app.py
[2024-12-24T02:47:45.200+0000] {logging_mixin.py:190} INFO - [2024-12-24T02:47:45.200+0000] {taskinstance.py:3313} ERROR - {'DAG Id': 'fetch_and_store_amazon_books', 'Task Id': 'fetch_book_data', 'Run Id': 'scheduled__2024-06-21T00:00:00+00:00', 'Hostname': 'cb88f053722f', 'External Executor Id': 'f14e5ba5-dc5b-4be2-bdf1-fcd1ede8963a'}
[2024-12-24T02:47:45.429+0000] {logging_mixin.py:190} INFO - Task instance in failure state
[2024-12-24T02:47:45.433+0000] {logging_mixin.py:190} INFO - Task start:2024-12-24 02:46:51.504786+00:00 end:2024-12-24 02:47:45.429407+00:00 duration:53.924621
[2024-12-24T02:47:45.433+0000] {logging_mixin.py:190} INFO - Task:<Task(PythonOperator): fetch_book_data> dag:<DAG: fetch_and_store_amazon_books> dagrun:<DagRun fetch_and_store_amazon_books @ 2024-06-21 00:00:00+00:00: scheduled__2024-06-21T00:00:00+00:00, state:running, queued_at: 2024-12-24 02:46:46.754469+00:00. externally triggered: False>
[2024-12-24T02:47:45.433+0000] {logging_mixin.py:190} INFO - Failure caused by {'DAG Id': 'fetch_and_store_amazon_books', 'Task Id': 'fetch_book_data', 'Run Id': 'scheduled__2024-06-21T00:00:00+00:00', 'Hostname': 'cb88f053722f', 'External Executor Id': 'f14e5ba5-dc5b-4be2-bdf1-fcd1ede8963a'}
[2024-12-24T02:47:45.433+0000] {logging_mixin.py:190} INFO - [2024-12-24T02:47:45.433+0000] {taskinstance.py:1225} INFO - Marking task as UP_FOR_RETRY. dag_id=fetch_and_store_amazon_books, task_id=fetch_book_data, run_id=scheduled__2024-06-21T00:00:00+00:00, execution_date=20240621T000000, start_date=20241224T024651, end_date=20241224T024745
[2024-12-24T02:47:45.439+0000] {logging_mixin.py:190} INFO - [2024-12-24T02:47:45.439+0000] {processor.py:876} INFO - Executed callback for <TaskInstance: fetch_and_store_amazon_books.fetch_book_data scheduled__2024-06-21T00:00:00+00:00 [up_for_retry]> in state up_for_retry
[2024-12-24T02:47:45.445+0000] {logging_mixin.py:190} INFO - [2024-12-24T02:47:45.444+0000] {dag.py:3239} INFO - Sync 1 DAGs
[2024-12-24T02:47:45.458+0000] {processor.py:208} INFO - Processing /opt/airflow/dags/app.py took 0.367 seconds
[2024-12-24T02:48:15.638+0000] {processor.py:186} INFO - Started process (PID=2945) to work on /opt/airflow/dags/app.py
[2024-12-24T02:48:15.641+0000] {processor.py:914} INFO - Processing file /opt/airflow/dags/app.py for tasks to queue
[2024-12-24T02:48:15.644+0000] {logging_mixin.py:190} INFO - [2024-12-24T02:48:15.643+0000] {dagbag.py:588} INFO - Filling up the DagBag from /opt/airflow/dags/app.py
[2024-12-24T02:48:15.849+0000] {processor.py:925} INFO - DAG(s) 'fetch_and_store_amazon_books' retrieved from /opt/airflow/dags/app.py
[2024-12-24T02:48:15.858+0000] {logging_mixin.py:190} INFO - [2024-12-24T02:48:15.858+0000] {dag.py:3239} INFO - Sync 1 DAGs
[2024-12-24T02:48:15.872+0000] {processor.py:208} INFO - Processing /opt/airflow/dags/app.py took 0.242 seconds
[2024-12-24T02:48:46.832+0000] {processor.py:186} INFO - Started process (PID=3009) to work on /opt/airflow/dags/app.py
[2024-12-24T02:48:46.833+0000] {processor.py:914} INFO - Processing file /opt/airflow/dags/app.py for tasks to queue
[2024-12-24T02:48:46.835+0000] {logging_mixin.py:190} INFO - [2024-12-24T02:48:46.834+0000] {dagbag.py:588} INFO - Filling up the DagBag from /opt/airflow/dags/app.py
[2024-12-24T02:48:46.999+0000] {processor.py:925} INFO - DAG(s) 'fetch_and_store_amazon_books' retrieved from /opt/airflow/dags/app.py
[2024-12-24T02:48:47.010+0000] {logging_mixin.py:190} INFO - [2024-12-24T02:48:47.009+0000] {dag.py:3239} INFO - Sync 1 DAGs
[2024-12-24T02:48:47.024+0000] {processor.py:208} INFO - Processing /opt/airflow/dags/app.py took 0.197 seconds
[2024-12-24T02:48:55.141+0000] {processor.py:186} INFO - Started process (PID=3010) to work on /opt/airflow/dags/app.py
[2024-12-24T02:48:55.142+0000] {processor.py:914} INFO - Processing file /opt/airflow/dags/app.py for tasks to queue
[2024-12-24T02:48:55.144+0000] {logging_mixin.py:190} INFO - [2024-12-24T02:48:55.144+0000] {dagbag.py:588} INFO - Filling up the DagBag from /opt/airflow/dags/app.py
[2024-12-24T02:48:55.295+0000] {processor.py:925} INFO - DAG(s) 'fetch_and_store_amazon_books' retrieved from /opt/airflow/dags/app.py
[2024-12-24T02:48:55.303+0000] {logging_mixin.py:190} INFO - [2024-12-24T02:48:55.303+0000] {dag.py:3239} INFO - Sync 1 DAGs
[2024-12-24T02:48:55.318+0000] {processor.py:208} INFO - Processing /opt/airflow/dags/app.py took 0.184 seconds
[2024-12-24T02:49:25.647+0000] {processor.py:186} INFO - Started process (PID=3074) to work on /opt/airflow/dags/app.py
[2024-12-24T02:49:25.649+0000] {processor.py:914} INFO - Processing file /opt/airflow/dags/app.py for tasks to queue
[2024-12-24T02:49:25.653+0000] {logging_mixin.py:190} INFO - [2024-12-24T02:49:25.653+0000] {dagbag.py:588} INFO - Filling up the DagBag from /opt/airflow/dags/app.py
[2024-12-24T02:49:25.933+0000] {processor.py:925} INFO - DAG(s) 'fetch_and_store_amazon_books' retrieved from /opt/airflow/dags/app.py
[2024-12-24T02:49:25.943+0000] {logging_mixin.py:190} INFO - [2024-12-24T02:49:25.943+0000] {dag.py:3239} INFO - Sync 1 DAGs
[2024-12-24T02:49:25.957+0000] {processor.py:208} INFO - Processing /opt/airflow/dags/app.py took 0.320 seconds
[2024-12-24T02:50:00.360+0000] {processor.py:186} INFO - Started process (PID=41) to work on /opt/airflow/dags/app.py
[2024-12-24T02:50:00.361+0000] {processor.py:914} INFO - Processing file /opt/airflow/dags/app.py for tasks to queue
[2024-12-24T02:50:00.365+0000] {logging_mixin.py:190} INFO - [2024-12-24T02:50:00.364+0000] {dagbag.py:588} INFO - Filling up the DagBag from /opt/airflow/dags/app.py
[2024-12-24T02:50:00.436+0000] {processor.py:925} INFO - DAG(s) 'fetch_and_store_amazon_books' retrieved from /opt/airflow/dags/app.py
[2024-12-24T02:50:00.464+0000] {logging_mixin.py:190} INFO - [2024-12-24T02:50:00.464+0000] {dag.py:3239} INFO - Sync 1 DAGs
[2024-12-24T02:50:00.488+0000] {processor.py:208} INFO - Processing /opt/airflow/dags/app.py took 0.134 seconds
[2024-12-24T02:50:30.558+0000] {processor.py:186} INFO - Started process (PID=105) to work on /opt/airflow/dags/app.py
[2024-12-24T02:50:30.560+0000] {processor.py:914} INFO - Processing file /opt/airflow/dags/app.py for tasks to queue
[2024-12-24T02:50:30.561+0000] {logging_mixin.py:190} INFO - [2024-12-24T02:50:30.561+0000] {dagbag.py:588} INFO - Filling up the DagBag from /opt/airflow/dags/app.py
[2024-12-24T02:50:30.636+0000] {processor.py:925} INFO - DAG(s) 'fetch_and_store_amazon_books' retrieved from /opt/airflow/dags/app.py
[2024-12-24T02:50:30.648+0000] {logging_mixin.py:190} INFO - [2024-12-24T02:50:30.648+0000] {dag.py:3239} INFO - Sync 1 DAGs
[2024-12-24T02:50:30.666+0000] {processor.py:208} INFO - Processing /opt/airflow/dags/app.py took 0.113 seconds
[2024-12-24T02:51:01.140+0000] {processor.py:186} INFO - Started process (PID=169) to work on /opt/airflow/dags/app.py
[2024-12-24T02:51:01.141+0000] {processor.py:914} INFO - Processing file /opt/airflow/dags/app.py for tasks to queue
[2024-12-24T02:51:01.144+0000] {logging_mixin.py:190} INFO - [2024-12-24T02:51:01.144+0000] {dagbag.py:588} INFO - Filling up the DagBag from /opt/airflow/dags/app.py
[2024-12-24T02:51:01.192+0000] {processor.py:925} INFO - DAG(s) 'fetch_and_store_amazon_books' retrieved from /opt/airflow/dags/app.py
[2024-12-24T02:51:01.202+0000] {logging_mixin.py:190} INFO - [2024-12-24T02:51:01.201+0000] {dag.py:3239} INFO - Sync 1 DAGs
[2024-12-24T02:51:01.218+0000] {processor.py:208} INFO - Processing /opt/airflow/dags/app.py took 0.082 seconds
[2024-12-24T02:51:31.534+0000] {processor.py:186} INFO - Started process (PID=233) to work on /opt/airflow/dags/app.py
[2024-12-24T02:51:31.536+0000] {processor.py:914} INFO - Processing file /opt/airflow/dags/app.py for tasks to queue
[2024-12-24T02:51:31.539+0000] {logging_mixin.py:190} INFO - [2024-12-24T02:51:31.539+0000] {dagbag.py:588} INFO - Filling up the DagBag from /opt/airflow/dags/app.py
[2024-12-24T02:51:31.599+0000] {processor.py:925} INFO - DAG(s) 'fetch_and_store_amazon_books' retrieved from /opt/airflow/dags/app.py
[2024-12-24T02:51:31.609+0000] {logging_mixin.py:190} INFO - [2024-12-24T02:51:31.609+0000] {dag.py:3239} INFO - Sync 1 DAGs
[2024-12-24T02:51:31.629+0000] {processor.py:208} INFO - Processing /opt/airflow/dags/app.py took 0.102 seconds
[2024-12-24T02:52:02.087+0000] {processor.py:186} INFO - Started process (PID=297) to work on /opt/airflow/dags/app.py
[2024-12-24T02:52:02.088+0000] {processor.py:914} INFO - Processing file /opt/airflow/dags/app.py for tasks to queue
[2024-12-24T02:52:02.091+0000] {logging_mixin.py:190} INFO - [2024-12-24T02:52:02.091+0000] {dagbag.py:588} INFO - Filling up the DagBag from /opt/airflow/dags/app.py
[2024-12-24T02:52:02.150+0000] {processor.py:925} INFO - DAG(s) 'fetch_and_store_amazon_books' retrieved from /opt/airflow/dags/app.py
[2024-12-24T02:52:02.159+0000] {logging_mixin.py:190} INFO - [2024-12-24T02:52:02.158+0000] {dag.py:3239} INFO - Sync 1 DAGs
[2024-12-24T02:52:02.179+0000] {processor.py:208} INFO - Processing /opt/airflow/dags/app.py took 0.098 seconds
[2024-12-24T02:52:32.691+0000] {processor.py:186} INFO - Started process (PID=361) to work on /opt/airflow/dags/app.py
[2024-12-24T02:52:32.692+0000] {processor.py:914} INFO - Processing file /opt/airflow/dags/app.py for tasks to queue
[2024-12-24T02:52:32.696+0000] {logging_mixin.py:190} INFO - [2024-12-24T02:52:32.695+0000] {dagbag.py:588} INFO - Filling up the DagBag from /opt/airflow/dags/app.py
[2024-12-24T02:52:32.754+0000] {processor.py:925} INFO - DAG(s) 'fetch_and_store_amazon_books' retrieved from /opt/airflow/dags/app.py
[2024-12-24T02:52:32.763+0000] {logging_mixin.py:190} INFO - [2024-12-24T02:52:32.763+0000] {dag.py:3239} INFO - Sync 1 DAGs
[2024-12-24T02:52:32.782+0000] {processor.py:208} INFO - Processing /opt/airflow/dags/app.py took 0.096 seconds
[2024-12-24T02:53:03.200+0000] {processor.py:186} INFO - Started process (PID=429) to work on /opt/airflow/dags/app.py
[2024-12-24T02:53:03.201+0000] {processor.py:914} INFO - Processing file /opt/airflow/dags/app.py for tasks to queue
[2024-12-24T02:53:03.206+0000] {logging_mixin.py:190} INFO - [2024-12-24T02:53:03.206+0000] {dagbag.py:588} INFO - Filling up the DagBag from /opt/airflow/dags/app.py
[2024-12-24T02:53:03.273+0000] {processor.py:925} INFO - DAG(s) 'fetch_and_store_amazon_books' retrieved from /opt/airflow/dags/app.py
[2024-12-24T02:53:03.283+0000] {logging_mixin.py:190} INFO - [2024-12-24T02:53:03.282+0000] {dag.py:3239} INFO - Sync 1 DAGs
[2024-12-24T02:53:03.306+0000] {processor.py:208} INFO - Processing /opt/airflow/dags/app.py took 0.113 seconds
[2024-12-24T02:53:33.859+0000] {processor.py:186} INFO - Started process (PID=559) to work on /opt/airflow/dags/app.py
[2024-12-24T02:53:33.860+0000] {processor.py:914} INFO - Processing file /opt/airflow/dags/app.py for tasks to queue
[2024-12-24T02:53:33.864+0000] {logging_mixin.py:190} INFO - [2024-12-24T02:53:33.864+0000] {dagbag.py:588} INFO - Filling up the DagBag from /opt/airflow/dags/app.py
[2024-12-24T02:53:57.171+0000] {processor.py:186} INFO - Started process (PID=41) to work on /opt/airflow/dags/app.py
[2024-12-24T02:53:57.172+0000] {processor.py:914} INFO - Processing file /opt/airflow/dags/app.py for tasks to queue
[2024-12-24T02:53:57.176+0000] {logging_mixin.py:190} INFO - [2024-12-24T02:53:57.176+0000] {dagbag.py:588} INFO - Filling up the DagBag from /opt/airflow/dags/app.py
[2024-12-24T02:53:57.249+0000] {processor.py:925} INFO - DAG(s) 'fetch_and_store_amazon_books' retrieved from /opt/airflow/dags/app.py
[2024-12-24T02:53:57.268+0000] {logging_mixin.py:190} INFO - [2024-12-24T02:53:57.268+0000] {dag.py:3239} INFO - Sync 1 DAGs
[2024-12-24T02:53:57.291+0000] {processor.py:208} INFO - Processing /opt/airflow/dags/app.py took 0.126 seconds
[2024-12-24T02:54:27.373+0000] {processor.py:186} INFO - Started process (PID=105) to work on /opt/airflow/dags/app.py
[2024-12-24T02:54:27.374+0000] {processor.py:914} INFO - Processing file /opt/airflow/dags/app.py for tasks to queue
[2024-12-24T02:54:27.377+0000] {logging_mixin.py:190} INFO - [2024-12-24T02:54:27.377+0000] {dagbag.py:588} INFO - Filling up the DagBag from /opt/airflow/dags/app.py
[2024-12-24T02:54:27.435+0000] {processor.py:925} INFO - DAG(s) 'fetch_and_store_amazon_books' retrieved from /opt/airflow/dags/app.py
[2024-12-24T02:54:27.445+0000] {logging_mixin.py:190} INFO - [2024-12-24T02:54:27.445+0000] {dag.py:3239} INFO - Sync 1 DAGs
[2024-12-24T02:54:27.464+0000] {processor.py:208} INFO - Processing /opt/airflow/dags/app.py took 0.100 seconds
[2024-12-24T02:54:50.545+0000] {processor.py:186} INFO - Started process (PID=42) to work on /opt/airflow/dags/app.py
[2024-12-24T02:54:50.546+0000] {processor.py:914} INFO - Processing file /opt/airflow/dags/app.py for tasks to queue
[2024-12-24T02:54:50.548+0000] {logging_mixin.py:190} INFO - [2024-12-24T02:54:50.548+0000] {dagbag.py:588} INFO - Filling up the DagBag from /opt/airflow/dags/app.py
[2024-12-24T02:54:50.629+0000] {processor.py:925} INFO - DAG(s) 'fetch_and_store_amazon_books' retrieved from /opt/airflow/dags/app.py
[2024-12-24T02:54:50.643+0000] {logging_mixin.py:190} INFO - [2024-12-24T02:54:50.642+0000] {dag.py:3239} INFO - Sync 1 DAGs
[2024-12-24T02:54:50.661+0000] {processor.py:208} INFO - Processing /opt/airflow/dags/app.py took 0.121 seconds
[2024-12-24T02:55:21.447+0000] {processor.py:186} INFO - Started process (PID=106) to work on /opt/airflow/dags/app.py
[2024-12-24T02:55:21.448+0000] {processor.py:914} INFO - Processing file /opt/airflow/dags/app.py for tasks to queue
[2024-12-24T02:55:21.451+0000] {logging_mixin.py:190} INFO - [2024-12-24T02:55:21.450+0000] {dagbag.py:588} INFO - Filling up the DagBag from /opt/airflow/dags/app.py
[2024-12-24T02:55:21.512+0000] {processor.py:925} INFO - DAG(s) 'fetch_and_store_amazon_books' retrieved from /opt/airflow/dags/app.py
[2024-12-24T02:55:21.526+0000] {logging_mixin.py:190} INFO - [2024-12-24T02:55:21.526+0000] {dag.py:3239} INFO - Sync 1 DAGs
[2024-12-24T02:55:21.543+0000] {processor.py:208} INFO - Processing /opt/airflow/dags/app.py took 0.100 seconds
[2024-12-24T02:56:09.381+0000] {processor.py:186} INFO - Started process (PID=41) to work on /opt/airflow/dags/app.py
[2024-12-24T02:56:09.381+0000] {processor.py:914} INFO - Processing file /opt/airflow/dags/app.py for tasks to queue
[2024-12-24T02:56:09.383+0000] {logging_mixin.py:190} INFO - [2024-12-24T02:56:09.383+0000] {dagbag.py:588} INFO - Filling up the DagBag from /opt/airflow/dags/app.py
[2024-12-24T02:56:09.465+0000] {processor.py:925} INFO - DAG(s) 'fetch_and_store_amazon_books' retrieved from /opt/airflow/dags/app.py
[2024-12-24T02:56:09.483+0000] {logging_mixin.py:190} INFO - [2024-12-24T02:56:09.483+0000] {dag.py:3239} INFO - Sync 1 DAGs
[2024-12-24T02:56:09.504+0000] {processor.py:208} INFO - Processing /opt/airflow/dags/app.py took 0.126 seconds
[2024-12-24T02:56:40.287+0000] {processor.py:186} INFO - Started process (PID=105) to work on /opt/airflow/dags/app.py
[2024-12-24T02:56:40.288+0000] {processor.py:914} INFO - Processing file /opt/airflow/dags/app.py for tasks to queue
[2024-12-24T02:56:40.289+0000] {logging_mixin.py:190} INFO - [2024-12-24T02:56:40.289+0000] {dagbag.py:588} INFO - Filling up the DagBag from /opt/airflow/dags/app.py
[2024-12-24T02:56:40.349+0000] {processor.py:925} INFO - DAG(s) 'fetch_and_store_amazon_books' retrieved from /opt/airflow/dags/app.py
[2024-12-24T02:56:40.362+0000] {logging_mixin.py:190} INFO - [2024-12-24T02:56:40.362+0000] {dag.py:3239} INFO - Sync 1 DAGs
[2024-12-24T02:56:40.381+0000] {processor.py:208} INFO - Processing /opt/airflow/dags/app.py took 0.101 seconds
[2024-12-24T02:57:10.519+0000] {processor.py:186} INFO - Started process (PID=169) to work on /opt/airflow/dags/app.py
[2024-12-24T02:57:10.520+0000] {processor.py:914} INFO - Processing file /opt/airflow/dags/app.py for tasks to queue
[2024-12-24T02:57:10.521+0000] {logging_mixin.py:190} INFO - [2024-12-24T02:57:10.521+0000] {dagbag.py:588} INFO - Filling up the DagBag from /opt/airflow/dags/app.py
[2024-12-24T02:57:10.565+0000] {processor.py:925} INFO - DAG(s) 'fetch_and_store_amazon_books' retrieved from /opt/airflow/dags/app.py
[2024-12-24T02:57:10.573+0000] {logging_mixin.py:190} INFO - [2024-12-24T02:57:10.573+0000] {dag.py:3239} INFO - Sync 1 DAGs
[2024-12-24T02:57:10.590+0000] {processor.py:208} INFO - Processing /opt/airflow/dags/app.py took 0.074 seconds
[2024-12-24T02:58:31.848+0000] {processor.py:186} INFO - Started process (PID=43) to work on /opt/airflow/dags/app.py
[2024-12-24T02:58:31.850+0000] {processor.py:914} INFO - Processing file /opt/airflow/dags/app.py for tasks to queue
[2024-12-24T02:58:31.851+0000] {logging_mixin.py:190} INFO - [2024-12-24T02:58:31.851+0000] {dagbag.py:588} INFO - Filling up the DagBag from /opt/airflow/dags/app.py
[2024-12-24T02:58:32.064+0000] {processor.py:925} INFO - DAG(s) 'fetch_and_store_amazon_books' retrieved from /opt/airflow/dags/app.py
[2024-12-24T02:58:32.091+0000] {logging_mixin.py:190} INFO - [2024-12-24T02:58:32.091+0000] {dag.py:3239} INFO - Sync 1 DAGs
[2024-12-24T02:58:32.103+0000] {logging_mixin.py:190} INFO - [2024-12-24T02:58:32.103+0000] {dag.py:4180} INFO - Setting next_dagrun for fetch_and_store_amazon_books to 2024-07-19 00:00:00+00:00, run_after=2024-07-20 00:00:00+00:00
[2024-12-24T02:58:32.113+0000] {processor.py:208} INFO - Processing /opt/airflow/dags/app.py took 0.269 seconds
[2024-12-24T02:59:02.625+0000] {processor.py:186} INFO - Started process (PID=142) to work on /opt/airflow/dags/app.py
[2024-12-24T02:59:02.628+0000] {processor.py:914} INFO - Processing file /opt/airflow/dags/app.py for tasks to queue
[2024-12-24T02:59:02.631+0000] {logging_mixin.py:190} INFO - [2024-12-24T02:59:02.631+0000] {dagbag.py:588} INFO - Filling up the DagBag from /opt/airflow/dags/app.py
[2024-12-24T02:59:02.694+0000] {processor.py:925} INFO - DAG(s) 'fetch_and_store_amazon_books' retrieved from /opt/airflow/dags/app.py
[2024-12-24T02:59:02.704+0000] {logging_mixin.py:190} INFO - [2024-12-24T02:59:02.703+0000] {dag.py:3239} INFO - Sync 1 DAGs
[2024-12-24T02:59:02.732+0000] {processor.py:208} INFO - Processing /opt/airflow/dags/app.py took 0.112 seconds
[2024-12-24T02:59:33.342+0000] {processor.py:186} INFO - Started process (PID=206) to work on /opt/airflow/dags/app.py
[2024-12-24T02:59:33.345+0000] {processor.py:914} INFO - Processing file /opt/airflow/dags/app.py for tasks to queue
[2024-12-24T02:59:33.348+0000] {logging_mixin.py:190} INFO - [2024-12-24T02:59:33.348+0000] {dagbag.py:588} INFO - Filling up the DagBag from /opt/airflow/dags/app.py
[2024-12-24T02:59:33.404+0000] {processor.py:925} INFO - DAG(s) 'fetch_and_store_amazon_books' retrieved from /opt/airflow/dags/app.py
[2024-12-24T02:59:33.416+0000] {logging_mixin.py:190} INFO - [2024-12-24T02:59:33.416+0000] {dag.py:3239} INFO - Sync 1 DAGs
[2024-12-24T02:59:33.435+0000] {processor.py:208} INFO - Processing /opt/airflow/dags/app.py took 0.099 seconds
[2024-12-24T03:00:03.888+0000] {processor.py:186} INFO - Started process (PID=270) to work on /opt/airflow/dags/app.py
[2024-12-24T03:00:03.890+0000] {processor.py:914} INFO - Processing file /opt/airflow/dags/app.py for tasks to queue
[2024-12-24T03:00:03.894+0000] {logging_mixin.py:190} INFO - [2024-12-24T03:00:03.893+0000] {dagbag.py:588} INFO - Filling up the DagBag from /opt/airflow/dags/app.py
[2024-12-24T03:00:03.968+0000] {processor.py:925} INFO - DAG(s) 'fetch_and_store_amazon_books' retrieved from /opt/airflow/dags/app.py
[2024-12-24T03:00:03.986+0000] {logging_mixin.py:190} INFO - [2024-12-24T03:00:03.985+0000] {dag.py:3239} INFO - Sync 1 DAGs
[2024-12-24T03:00:04.010+0000] {processor.py:208} INFO - Processing /opt/airflow/dags/app.py took 0.128 seconds
[2024-12-24T03:00:34.711+0000] {processor.py:186} INFO - Started process (PID=334) to work on /opt/airflow/dags/app.py
[2024-12-24T03:00:34.713+0000] {processor.py:914} INFO - Processing file /opt/airflow/dags/app.py for tasks to queue
[2024-12-24T03:00:34.715+0000] {logging_mixin.py:190} INFO - [2024-12-24T03:00:34.715+0000] {dagbag.py:588} INFO - Filling up the DagBag from /opt/airflow/dags/app.py
[2024-12-24T03:00:34.772+0000] {processor.py:925} INFO - DAG(s) 'fetch_and_store_amazon_books' retrieved from /opt/airflow/dags/app.py
[2024-12-24T03:00:34.788+0000] {logging_mixin.py:190} INFO - [2024-12-24T03:00:34.787+0000] {dag.py:3239} INFO - Sync 1 DAGs
[2024-12-24T03:00:34.813+0000] {processor.py:208} INFO - Processing /opt/airflow/dags/app.py took 0.107 seconds
[2024-12-24T03:01:05.236+0000] {processor.py:186} INFO - Started process (PID=398) to work on /opt/airflow/dags/app.py
[2024-12-24T03:01:05.238+0000] {processor.py:914} INFO - Processing file /opt/airflow/dags/app.py for tasks to queue
[2024-12-24T03:01:05.240+0000] {logging_mixin.py:190} INFO - [2024-12-24T03:01:05.240+0000] {dagbag.py:588} INFO - Filling up the DagBag from /opt/airflow/dags/app.py
[2024-12-24T03:01:05.289+0000] {processor.py:925} INFO - DAG(s) 'fetch_and_store_amazon_books' retrieved from /opt/airflow/dags/app.py
[2024-12-24T03:01:05.301+0000] {logging_mixin.py:190} INFO - [2024-12-24T03:01:05.300+0000] {dag.py:3239} INFO - Sync 1 DAGs
[2024-12-24T03:01:05.322+0000] {processor.py:208} INFO - Processing /opt/airflow/dags/app.py took 0.089 seconds
[2024-12-24T03:01:35.649+0000] {processor.py:186} INFO - Started process (PID=462) to work on /opt/airflow/dags/app.py
[2024-12-24T03:01:35.650+0000] {processor.py:914} INFO - Processing file /opt/airflow/dags/app.py for tasks to queue
[2024-12-24T03:01:35.652+0000] {logging_mixin.py:190} INFO - [2024-12-24T03:01:35.652+0000] {dagbag.py:588} INFO - Filling up the DagBag from /opt/airflow/dags/app.py
[2024-12-24T03:01:35.700+0000] {processor.py:925} INFO - DAG(s) 'fetch_and_store_amazon_books' retrieved from /opt/airflow/dags/app.py
[2024-12-24T03:01:35.709+0000] {logging_mixin.py:190} INFO - [2024-12-24T03:01:35.709+0000] {dag.py:3239} INFO - Sync 1 DAGs
[2024-12-24T03:01:35.728+0000] {processor.py:208} INFO - Processing /opt/airflow/dags/app.py took 0.083 seconds
[2024-12-24T03:02:06.066+0000] {processor.py:186} INFO - Started process (PID=526) to work on /opt/airflow/dags/app.py
[2024-12-24T03:02:06.069+0000] {processor.py:914} INFO - Processing file /opt/airflow/dags/app.py for tasks to queue
[2024-12-24T03:02:06.071+0000] {logging_mixin.py:190} INFO - [2024-12-24T03:02:06.070+0000] {dagbag.py:588} INFO - Filling up the DagBag from /opt/airflow/dags/app.py
[2024-12-24T03:02:06.127+0000] {processor.py:925} INFO - DAG(s) 'fetch_and_store_amazon_books' retrieved from /opt/airflow/dags/app.py
[2024-12-24T03:02:06.137+0000] {logging_mixin.py:190} INFO - [2024-12-24T03:02:06.137+0000] {dag.py:3239} INFO - Sync 1 DAGs
[2024-12-24T03:02:06.155+0000] {processor.py:208} INFO - Processing /opt/airflow/dags/app.py took 0.095 seconds
[2024-12-24T03:02:36.715+0000] {processor.py:186} INFO - Started process (PID=590) to work on /opt/airflow/dags/app.py
[2024-12-24T03:02:36.717+0000] {processor.py:914} INFO - Processing file /opt/airflow/dags/app.py for tasks to queue
[2024-12-24T03:02:36.720+0000] {logging_mixin.py:190} INFO - [2024-12-24T03:02:36.719+0000] {dagbag.py:588} INFO - Filling up the DagBag from /opt/airflow/dags/app.py
[2024-12-24T03:02:36.780+0000] {processor.py:925} INFO - DAG(s) 'fetch_and_store_amazon_books' retrieved from /opt/airflow/dags/app.py
[2024-12-24T03:02:36.792+0000] {logging_mixin.py:190} INFO - [2024-12-24T03:02:36.792+0000] {dag.py:3239} INFO - Sync 1 DAGs
[2024-12-24T03:02:36.807+0000] {processor.py:208} INFO - Processing /opt/airflow/dags/app.py took 0.101 seconds
[2024-12-24T03:03:07.244+0000] {processor.py:186} INFO - Started process (PID=654) to work on /opt/airflow/dags/app.py
[2024-12-24T03:03:07.246+0000] {processor.py:914} INFO - Processing file /opt/airflow/dags/app.py for tasks to queue
[2024-12-24T03:03:07.250+0000] {logging_mixin.py:190} INFO - [2024-12-24T03:03:07.249+0000] {dagbag.py:588} INFO - Filling up the DagBag from /opt/airflow/dags/app.py
[2024-12-24T03:03:07.313+0000] {processor.py:925} INFO - DAG(s) 'fetch_and_store_amazon_books' retrieved from /opt/airflow/dags/app.py
[2024-12-24T03:03:07.323+0000] {logging_mixin.py:190} INFO - [2024-12-24T03:03:07.323+0000] {dag.py:3239} INFO - Sync 1 DAGs
[2024-12-24T03:03:07.342+0000] {processor.py:208} INFO - Processing /opt/airflow/dags/app.py took 0.106 seconds
[2024-12-24T03:03:37.743+0000] {processor.py:186} INFO - Started process (PID=717) to work on /opt/airflow/dags/app.py
[2024-12-24T03:03:37.745+0000] {processor.py:914} INFO - Processing file /opt/airflow/dags/app.py for tasks to queue
[2024-12-24T03:03:37.748+0000] {logging_mixin.py:190} INFO - [2024-12-24T03:03:37.748+0000] {dagbag.py:588} INFO - Filling up the DagBag from /opt/airflow/dags/app.py
[2024-12-24T03:03:37.814+0000] {processor.py:925} INFO - DAG(s) 'fetch_and_store_amazon_books' retrieved from /opt/airflow/dags/app.py
[2024-12-24T03:03:37.823+0000] {logging_mixin.py:190} INFO - [2024-12-24T03:03:37.823+0000] {dag.py:3239} INFO - Sync 1 DAGs
[2024-12-24T03:03:37.841+0000] {processor.py:208} INFO - Processing /opt/airflow/dags/app.py took 0.105 seconds
[2024-12-24T03:04:08.535+0000] {processor.py:186} INFO - Started process (PID=800) to work on /opt/airflow/dags/app.py
[2024-12-24T03:04:08.537+0000] {processor.py:914} INFO - Processing file /opt/airflow/dags/app.py for tasks to queue
[2024-12-24T03:04:08.542+0000] {logging_mixin.py:190} INFO - [2024-12-24T03:04:08.542+0000] {dagbag.py:588} INFO - Filling up the DagBag from /opt/airflow/dags/app.py
[2024-12-24T03:04:08.642+0000] {processor.py:925} INFO - DAG(s) 'fetch_and_store_amazon_books' retrieved from /opt/airflow/dags/app.py
[2024-12-24T03:04:08.666+0000] {logging_mixin.py:190} INFO - [2024-12-24T03:04:08.666+0000] {dag.py:3239} INFO - Sync 1 DAGs
[2024-12-24T03:04:08.693+0000] {processor.py:208} INFO - Processing /opt/airflow/dags/app.py took 0.168 seconds
[2024-12-24T03:04:38.806+0000] {processor.py:186} INFO - Started process (PID=883) to work on /opt/airflow/dags/app.py
[2024-12-24T03:04:38.808+0000] {processor.py:914} INFO - Processing file /opt/airflow/dags/app.py for tasks to queue
[2024-12-24T03:04:38.809+0000] {logging_mixin.py:190} INFO - [2024-12-24T03:04:38.809+0000] {dagbag.py:588} INFO - Filling up the DagBag from /opt/airflow/dags/app.py
[2024-12-24T03:04:38.866+0000] {processor.py:925} INFO - DAG(s) 'fetch_and_store_amazon_books' retrieved from /opt/airflow/dags/app.py
[2024-12-24T03:04:38.876+0000] {logging_mixin.py:190} INFO - [2024-12-24T03:04:38.876+0000] {dag.py:3239} INFO - Sync 1 DAGs
[2024-12-24T03:04:38.893+0000] {processor.py:208} INFO - Processing /opt/airflow/dags/app.py took 0.091 seconds
[2024-12-24T03:05:09.472+0000] {processor.py:186} INFO - Started process (PID=946) to work on /opt/airflow/dags/app.py
[2024-12-24T03:05:09.473+0000] {processor.py:914} INFO - Processing file /opt/airflow/dags/app.py for tasks to queue
[2024-12-24T03:05:09.476+0000] {logging_mixin.py:190} INFO - [2024-12-24T03:05:09.476+0000] {dagbag.py:588} INFO - Filling up the DagBag from /opt/airflow/dags/app.py
[2024-12-24T03:05:09.536+0000] {processor.py:925} INFO - DAG(s) 'fetch_and_store_amazon_books' retrieved from /opt/airflow/dags/app.py
[2024-12-24T03:05:09.546+0000] {logging_mixin.py:190} INFO - [2024-12-24T03:05:09.546+0000] {dag.py:3239} INFO - Sync 1 DAGs
[2024-12-24T03:05:09.566+0000] {processor.py:208} INFO - Processing /opt/airflow/dags/app.py took 0.098 seconds
[2024-12-24T03:05:39.953+0000] {processor.py:186} INFO - Started process (PID=1010) to work on /opt/airflow/dags/app.py
[2024-12-24T03:05:39.954+0000] {processor.py:914} INFO - Processing file /opt/airflow/dags/app.py for tasks to queue
[2024-12-24T03:05:39.958+0000] {logging_mixin.py:190} INFO - [2024-12-24T03:05:39.958+0000] {dagbag.py:588} INFO - Filling up the DagBag from /opt/airflow/dags/app.py
[2024-12-24T03:05:40.030+0000] {processor.py:925} INFO - DAG(s) 'fetch_and_store_amazon_books' retrieved from /opt/airflow/dags/app.py
[2024-12-24T03:05:40.041+0000] {logging_mixin.py:190} INFO - [2024-12-24T03:05:40.040+0000] {dag.py:3239} INFO - Sync 1 DAGs
[2024-12-24T03:05:40.058+0000] {processor.py:208} INFO - Processing /opt/airflow/dags/app.py took 0.114 seconds
[2024-12-24T03:06:10.395+0000] {processor.py:186} INFO - Started process (PID=1074) to work on /opt/airflow/dags/app.py
[2024-12-24T03:06:10.396+0000] {processor.py:914} INFO - Processing file /opt/airflow/dags/app.py for tasks to queue
[2024-12-24T03:06:10.398+0000] {logging_mixin.py:190} INFO - [2024-12-24T03:06:10.397+0000] {dagbag.py:588} INFO - Filling up the DagBag from /opt/airflow/dags/app.py
[2024-12-24T03:06:10.459+0000] {processor.py:925} INFO - DAG(s) 'fetch_and_store_amazon_books' retrieved from /opt/airflow/dags/app.py
[2024-12-24T03:06:10.470+0000] {logging_mixin.py:190} INFO - [2024-12-24T03:06:10.470+0000] {dag.py:3239} INFO - Sync 1 DAGs
[2024-12-24T03:06:10.490+0000] {processor.py:208} INFO - Processing /opt/airflow/dags/app.py took 0.101 seconds
[2024-12-24T03:06:40.810+0000] {processor.py:186} INFO - Started process (PID=1138) to work on /opt/airflow/dags/app.py
[2024-12-24T03:06:40.810+0000] {processor.py:914} INFO - Processing file /opt/airflow/dags/app.py for tasks to queue
[2024-12-24T03:06:40.812+0000] {logging_mixin.py:190} INFO - [2024-12-24T03:06:40.812+0000] {dagbag.py:588} INFO - Filling up the DagBag from /opt/airflow/dags/app.py
[2024-12-24T03:06:40.886+0000] {processor.py:925} INFO - DAG(s) 'fetch_and_store_amazon_books' retrieved from /opt/airflow/dags/app.py
[2024-12-24T03:06:40.898+0000] {logging_mixin.py:190} INFO - [2024-12-24T03:06:40.898+0000] {dag.py:3239} INFO - Sync 1 DAGs
[2024-12-24T03:06:40.917+0000] {processor.py:208} INFO - Processing /opt/airflow/dags/app.py took 0.112 seconds
[2024-12-24T03:07:11.243+0000] {processor.py:186} INFO - Started process (PID=1202) to work on /opt/airflow/dags/app.py
[2024-12-24T03:07:11.244+0000] {processor.py:914} INFO - Processing file /opt/airflow/dags/app.py for tasks to queue
[2024-12-24T03:07:11.245+0000] {logging_mixin.py:190} INFO - [2024-12-24T03:07:11.245+0000] {dagbag.py:588} INFO - Filling up the DagBag from /opt/airflow/dags/app.py
[2024-12-24T03:07:11.302+0000] {processor.py:925} INFO - DAG(s) 'fetch_and_store_amazon_books' retrieved from /opt/airflow/dags/app.py
[2024-12-24T03:07:11.311+0000] {logging_mixin.py:190} INFO - [2024-12-24T03:07:11.311+0000] {dag.py:3239} INFO - Sync 1 DAGs
[2024-12-24T03:07:11.329+0000] {processor.py:208} INFO - Processing /opt/airflow/dags/app.py took 0.092 seconds
[2024-12-24T03:07:41.794+0000] {processor.py:186} INFO - Started process (PID=1266) to work on /opt/airflow/dags/app.py
[2024-12-24T03:07:41.795+0000] {processor.py:914} INFO - Processing file /opt/airflow/dags/app.py for tasks to queue
[2024-12-24T03:07:41.797+0000] {logging_mixin.py:190} INFO - [2024-12-24T03:07:41.797+0000] {dagbag.py:588} INFO - Filling up the DagBag from /opt/airflow/dags/app.py
[2024-12-24T03:07:41.855+0000] {processor.py:925} INFO - DAG(s) 'fetch_and_store_amazon_books' retrieved from /opt/airflow/dags/app.py
[2024-12-24T03:07:41.864+0000] {logging_mixin.py:190} INFO - [2024-12-24T03:07:41.864+0000] {dag.py:3239} INFO - Sync 1 DAGs
[2024-12-24T03:07:41.883+0000] {processor.py:208} INFO - Processing /opt/airflow/dags/app.py took 0.096 seconds
[2024-12-24T03:08:12.198+0000] {processor.py:186} INFO - Started process (PID=1330) to work on /opt/airflow/dags/app.py
[2024-12-24T03:08:12.199+0000] {processor.py:914} INFO - Processing file /opt/airflow/dags/app.py for tasks to queue
[2024-12-24T03:08:12.202+0000] {logging_mixin.py:190} INFO - [2024-12-24T03:08:12.202+0000] {dagbag.py:588} INFO - Filling up the DagBag from /opt/airflow/dags/app.py
[2024-12-24T03:08:12.268+0000] {processor.py:925} INFO - DAG(s) 'fetch_and_store_amazon_books' retrieved from /opt/airflow/dags/app.py
[2024-12-24T03:08:12.281+0000] {logging_mixin.py:190} INFO - [2024-12-24T03:08:12.281+0000] {dag.py:3239} INFO - Sync 1 DAGs
[2024-12-24T03:08:12.300+0000] {processor.py:208} INFO - Processing /opt/airflow/dags/app.py took 0.109 seconds
[2024-12-24T03:08:42.725+0000] {processor.py:186} INFO - Started process (PID=1394) to work on /opt/airflow/dags/app.py
[2024-12-24T03:08:42.727+0000] {processor.py:914} INFO - Processing file /opt/airflow/dags/app.py for tasks to queue
[2024-12-24T03:08:42.730+0000] {logging_mixin.py:190} INFO - [2024-12-24T03:08:42.730+0000] {dagbag.py:588} INFO - Filling up the DagBag from /opt/airflow/dags/app.py
[2024-12-24T03:08:42.793+0000] {processor.py:925} INFO - DAG(s) 'fetch_and_store_amazon_books' retrieved from /opt/airflow/dags/app.py
[2024-12-24T03:08:42.803+0000] {logging_mixin.py:190} INFO - [2024-12-24T03:08:42.802+0000] {dag.py:3239} INFO - Sync 1 DAGs
[2024-12-24T03:08:42.820+0000] {processor.py:208} INFO - Processing /opt/airflow/dags/app.py took 0.105 seconds
[2024-12-24T03:09:13.206+0000] {processor.py:186} INFO - Started process (PID=1472) to work on /opt/airflow/dags/app.py
[2024-12-24T03:09:13.211+0000] {processor.py:914} INFO - Processing file /opt/airflow/dags/app.py for tasks to queue
[2024-12-24T03:09:13.217+0000] {logging_mixin.py:190} INFO - [2024-12-24T03:09:13.217+0000] {dagbag.py:588} INFO - Filling up the DagBag from /opt/airflow/dags/app.py
[2024-12-24T03:09:13.556+0000] {processor.py:925} INFO - DAG(s) 'fetch_and_store_amazon_books' retrieved from /opt/airflow/dags/app.py
[2024-12-24T03:09:13.594+0000] {logging_mixin.py:190} INFO - [2024-12-24T03:09:13.593+0000] {dag.py:3239} INFO - Sync 1 DAGs
[2024-12-24T03:09:13.680+0000] {processor.py:208} INFO - Processing /opt/airflow/dags/app.py took 0.492 seconds
[2024-12-24T03:09:43.732+0000] {processor.py:186} INFO - Started process (PID=1563) to work on /opt/airflow/dags/app.py
[2024-12-24T03:09:43.734+0000] {processor.py:914} INFO - Processing file /opt/airflow/dags/app.py for tasks to queue
[2024-12-24T03:09:43.737+0000] {logging_mixin.py:190} INFO - [2024-12-24T03:09:43.737+0000] {dagbag.py:588} INFO - Filling up the DagBag from /opt/airflow/dags/app.py
[2024-12-24T03:09:43.813+0000] {processor.py:925} INFO - DAG(s) 'fetch_and_store_amazon_books' retrieved from /opt/airflow/dags/app.py
[2024-12-24T03:09:43.823+0000] {logging_mixin.py:190} INFO - [2024-12-24T03:09:43.823+0000] {dag.py:3239} INFO - Sync 1 DAGs
[2024-12-24T03:09:43.844+0000] {processor.py:208} INFO - Processing /opt/airflow/dags/app.py took 0.119 seconds
[2024-12-24T03:10:14.417+0000] {processor.py:186} INFO - Started process (PID=1627) to work on /opt/airflow/dags/app.py
[2024-12-24T03:10:14.418+0000] {processor.py:914} INFO - Processing file /opt/airflow/dags/app.py for tasks to queue
[2024-12-24T03:10:14.421+0000] {logging_mixin.py:190} INFO - [2024-12-24T03:10:14.421+0000] {dagbag.py:588} INFO - Filling up the DagBag from /opt/airflow/dags/app.py
[2024-12-24T03:10:14.478+0000] {processor.py:925} INFO - DAG(s) 'fetch_and_store_amazon_books' retrieved from /opt/airflow/dags/app.py
[2024-12-24T03:10:14.489+0000] {logging_mixin.py:190} INFO - [2024-12-24T03:10:14.489+0000] {dag.py:3239} INFO - Sync 1 DAGs
[2024-12-24T03:10:14.512+0000] {processor.py:208} INFO - Processing /opt/airflow/dags/app.py took 0.101 seconds
[2024-12-24T03:10:44.970+0000] {processor.py:186} INFO - Started process (PID=1690) to work on /opt/airflow/dags/app.py
[2024-12-24T03:10:44.972+0000] {processor.py:914} INFO - Processing file /opt/airflow/dags/app.py for tasks to queue
[2024-12-24T03:10:44.975+0000] {logging_mixin.py:190} INFO - [2024-12-24T03:10:44.975+0000] {dagbag.py:588} INFO - Filling up the DagBag from /opt/airflow/dags/app.py
[2024-12-24T03:10:45.033+0000] {processor.py:925} INFO - DAG(s) 'fetch_and_store_amazon_books' retrieved from /opt/airflow/dags/app.py
[2024-12-24T03:10:45.043+0000] {logging_mixin.py:190} INFO - [2024-12-24T03:10:45.043+0000] {dag.py:3239} INFO - Sync 1 DAGs
[2024-12-24T03:10:45.062+0000] {processor.py:208} INFO - Processing /opt/airflow/dags/app.py took 0.098 seconds
[2024-12-24T03:11:15.446+0000] {processor.py:186} INFO - Started process (PID=1753) to work on /opt/airflow/dags/app.py
[2024-12-24T03:11:15.447+0000] {processor.py:914} INFO - Processing file /opt/airflow/dags/app.py for tasks to queue
[2024-12-24T03:11:15.450+0000] {logging_mixin.py:190} INFO - [2024-12-24T03:11:15.450+0000] {dagbag.py:588} INFO - Filling up the DagBag from /opt/airflow/dags/app.py
[2024-12-24T03:11:15.520+0000] {processor.py:925} INFO - DAG(s) 'fetch_and_store_amazon_books' retrieved from /opt/airflow/dags/app.py
[2024-12-24T03:11:15.530+0000] {logging_mixin.py:190} INFO - [2024-12-24T03:11:15.530+0000] {dag.py:3239} INFO - Sync 1 DAGs
[2024-12-24T03:11:15.546+0000] {processor.py:208} INFO - Processing /opt/airflow/dags/app.py took 0.107 seconds
[2024-12-24T03:11:46.001+0000] {processor.py:186} INFO - Started process (PID=1817) to work on /opt/airflow/dags/app.py
[2024-12-24T03:11:46.002+0000] {processor.py:914} INFO - Processing file /opt/airflow/dags/app.py for tasks to queue
[2024-12-24T03:11:46.004+0000] {logging_mixin.py:190} INFO - [2024-12-24T03:11:46.004+0000] {dagbag.py:588} INFO - Filling up the DagBag from /opt/airflow/dags/app.py
[2024-12-24T03:11:46.060+0000] {processor.py:925} INFO - DAG(s) 'fetch_and_store_amazon_books' retrieved from /opt/airflow/dags/app.py
[2024-12-24T03:11:46.071+0000] {logging_mixin.py:190} INFO - [2024-12-24T03:11:46.071+0000] {dag.py:3239} INFO - Sync 1 DAGs
[2024-12-24T03:11:46.089+0000] {processor.py:208} INFO - Processing /opt/airflow/dags/app.py took 0.093 seconds
[2024-12-24T03:12:16.483+0000] {processor.py:186} INFO - Started process (PID=1881) to work on /opt/airflow/dags/app.py
[2024-12-24T03:12:16.485+0000] {processor.py:914} INFO - Processing file /opt/airflow/dags/app.py for tasks to queue
[2024-12-24T03:12:16.487+0000] {logging_mixin.py:190} INFO - [2024-12-24T03:12:16.487+0000] {dagbag.py:588} INFO - Filling up the DagBag from /opt/airflow/dags/app.py
[2024-12-24T03:12:16.543+0000] {processor.py:925} INFO - DAG(s) 'fetch_and_store_amazon_books' retrieved from /opt/airflow/dags/app.py
[2024-12-24T03:12:16.557+0000] {logging_mixin.py:190} INFO - [2024-12-24T03:12:16.557+0000] {dag.py:3239} INFO - Sync 1 DAGs
[2024-12-24T03:12:16.574+0000] {processor.py:208} INFO - Processing /opt/airflow/dags/app.py took 0.097 seconds
[2024-12-24T03:12:47.001+0000] {processor.py:186} INFO - Started process (PID=1945) to work on /opt/airflow/dags/app.py
[2024-12-24T03:12:47.003+0000] {processor.py:914} INFO - Processing file /opt/airflow/dags/app.py for tasks to queue
[2024-12-24T03:12:47.006+0000] {logging_mixin.py:190} INFO - [2024-12-24T03:12:47.006+0000] {dagbag.py:588} INFO - Filling up the DagBag from /opt/airflow/dags/app.py
[2024-12-24T03:12:47.069+0000] {processor.py:925} INFO - DAG(s) 'fetch_and_store_amazon_books' retrieved from /opt/airflow/dags/app.py
[2024-12-24T03:12:47.080+0000] {logging_mixin.py:190} INFO - [2024-12-24T03:12:47.080+0000] {dag.py:3239} INFO - Sync 1 DAGs
[2024-12-24T03:12:47.096+0000] {processor.py:208} INFO - Processing /opt/airflow/dags/app.py took 0.103 seconds
[2024-12-24T03:13:17.522+0000] {processor.py:186} INFO - Started process (PID=2009) to work on /opt/airflow/dags/app.py
[2024-12-24T03:13:17.523+0000] {processor.py:914} INFO - Processing file /opt/airflow/dags/app.py for tasks to queue
[2024-12-24T03:13:17.526+0000] {logging_mixin.py:190} INFO - [2024-12-24T03:13:17.525+0000] {dagbag.py:588} INFO - Filling up the DagBag from /opt/airflow/dags/app.py
[2024-12-24T03:13:17.597+0000] {processor.py:925} INFO - DAG(s) 'fetch_and_store_amazon_books' retrieved from /opt/airflow/dags/app.py
[2024-12-24T03:13:17.608+0000] {logging_mixin.py:190} INFO - [2024-12-24T03:13:17.608+0000] {dag.py:3239} INFO - Sync 1 DAGs
[2024-12-24T03:13:17.628+0000] {processor.py:208} INFO - Processing /opt/airflow/dags/app.py took 0.114 seconds
[2024-12-24T03:13:48.296+0000] {processor.py:186} INFO - Started process (PID=2073) to work on /opt/airflow/dags/app.py
[2024-12-24T03:13:48.298+0000] {processor.py:914} INFO - Processing file /opt/airflow/dags/app.py for tasks to queue
[2024-12-24T03:13:48.301+0000] {logging_mixin.py:190} INFO - [2024-12-24T03:13:48.301+0000] {dagbag.py:588} INFO - Filling up the DagBag from /opt/airflow/dags/app.py
[2024-12-24T03:13:48.372+0000] {processor.py:925} INFO - DAG(s) 'fetch_and_store_amazon_books' retrieved from /opt/airflow/dags/app.py
[2024-12-24T03:13:48.387+0000] {logging_mixin.py:190} INFO - [2024-12-24T03:13:48.386+0000] {dag.py:3239} INFO - Sync 1 DAGs
[2024-12-24T03:13:48.413+0000] {processor.py:208} INFO - Processing /opt/airflow/dags/app.py took 0.123 seconds
[2024-12-24T03:14:18.738+0000] {processor.py:186} INFO - Started process (PID=2137) to work on /opt/airflow/dags/app.py
[2024-12-24T03:14:18.739+0000] {processor.py:914} INFO - Processing file /opt/airflow/dags/app.py for tasks to queue
[2024-12-24T03:14:18.741+0000] {logging_mixin.py:190} INFO - [2024-12-24T03:14:18.741+0000] {dagbag.py:588} INFO - Filling up the DagBag from /opt/airflow/dags/app.py
[2024-12-24T03:14:18.808+0000] {processor.py:925} INFO - DAG(s) 'fetch_and_store_amazon_books' retrieved from /opt/airflow/dags/app.py
[2024-12-24T03:14:18.822+0000] {logging_mixin.py:190} INFO - [2024-12-24T03:14:18.822+0000] {dag.py:3239} INFO - Sync 1 DAGs
[2024-12-24T03:14:18.841+0000] {processor.py:208} INFO - Processing /opt/airflow/dags/app.py took 0.109 seconds
[2024-12-24T03:14:49.069+0000] {processor.py:186} INFO - Started process (PID=2275) to work on /opt/airflow/dags/app.py
[2024-12-24T03:14:49.072+0000] {processor.py:914} INFO - Processing file /opt/airflow/dags/app.py for tasks to queue
[2024-12-24T03:14:49.074+0000] {logging_mixin.py:190} INFO - [2024-12-24T03:14:49.074+0000] {dagbag.py:588} INFO - Filling up the DagBag from /opt/airflow/dags/app.py
[2024-12-24T03:14:49.146+0000] {processor.py:925} INFO - DAG(s) 'fetch_and_store_amazon_books' retrieved from /opt/airflow/dags/app.py
[2024-12-24T03:14:49.155+0000] {logging_mixin.py:190} INFO - [2024-12-24T03:14:49.155+0000] {dag.py:3239} INFO - Sync 1 DAGs
[2024-12-24T03:14:49.321+0000] {processor.py:208} INFO - Processing /opt/airflow/dags/app.py took 0.258 seconds
[2024-12-24T03:15:19.931+0000] {processor.py:186} INFO - Started process (PID=2339) to work on /opt/airflow/dags/app.py
[2024-12-24T03:15:19.932+0000] {processor.py:914} INFO - Processing file /opt/airflow/dags/app.py for tasks to queue
[2024-12-24T03:15:19.934+0000] {logging_mixin.py:190} INFO - [2024-12-24T03:15:19.934+0000] {dagbag.py:588} INFO - Filling up the DagBag from /opt/airflow/dags/app.py
[2024-12-24T03:15:19.996+0000] {processor.py:925} INFO - DAG(s) 'fetch_and_store_amazon_books' retrieved from /opt/airflow/dags/app.py
[2024-12-24T03:15:20.010+0000] {logging_mixin.py:190} INFO - [2024-12-24T03:15:20.009+0000] {dag.py:3239} INFO - Sync 1 DAGs
[2024-12-24T03:15:20.136+0000] {processor.py:208} INFO - Processing /opt/airflow/dags/app.py took 0.211 seconds
[2024-12-24T03:15:50.633+0000] {processor.py:186} INFO - Started process (PID=2403) to work on /opt/airflow/dags/app.py
[2024-12-24T03:15:50.634+0000] {processor.py:914} INFO - Processing file /opt/airflow/dags/app.py for tasks to queue
[2024-12-24T03:15:50.636+0000] {logging_mixin.py:190} INFO - [2024-12-24T03:15:50.636+0000] {dagbag.py:588} INFO - Filling up the DagBag from /opt/airflow/dags/app.py
[2024-12-24T03:15:50.693+0000] {processor.py:925} INFO - DAG(s) 'fetch_and_store_amazon_books' retrieved from /opt/airflow/dags/app.py
[2024-12-24T03:15:50.704+0000] {logging_mixin.py:190} INFO - [2024-12-24T03:15:50.704+0000] {dag.py:3239} INFO - Sync 1 DAGs
[2024-12-24T03:15:50.730+0000] {processor.py:208} INFO - Processing /opt/airflow/dags/app.py took 0.103 seconds
[2024-12-24T03:16:21.253+0000] {processor.py:186} INFO - Started process (PID=2467) to work on /opt/airflow/dags/app.py
[2024-12-24T03:16:21.253+0000] {processor.py:914} INFO - Processing file /opt/airflow/dags/app.py for tasks to queue
[2024-12-24T03:16:21.254+0000] {logging_mixin.py:190} INFO - [2024-12-24T03:16:21.254+0000] {dagbag.py:588} INFO - Filling up the DagBag from /opt/airflow/dags/app.py
[2024-12-24T03:16:21.300+0000] {processor.py:925} INFO - DAG(s) 'fetch_and_store_amazon_books' retrieved from /opt/airflow/dags/app.py
[2024-12-24T03:16:21.316+0000] {logging_mixin.py:190} INFO - [2024-12-24T03:16:21.316+0000] {dag.py:3239} INFO - Sync 1 DAGs
[2024-12-24T03:16:21.332+0000] {processor.py:208} INFO - Processing /opt/airflow/dags/app.py took 0.083 seconds
[2024-12-24T03:16:51.838+0000] {processor.py:186} INFO - Started process (PID=2531) to work on /opt/airflow/dags/app.py
[2024-12-24T03:16:51.839+0000] {processor.py:914} INFO - Processing file /opt/airflow/dags/app.py for tasks to queue
[2024-12-24T03:16:51.841+0000] {logging_mixin.py:190} INFO - [2024-12-24T03:16:51.841+0000] {dagbag.py:588} INFO - Filling up the DagBag from /opt/airflow/dags/app.py
[2024-12-24T03:16:51.889+0000] {processor.py:925} INFO - DAG(s) 'fetch_and_store_amazon_books' retrieved from /opt/airflow/dags/app.py
[2024-12-24T03:16:51.902+0000] {logging_mixin.py:190} INFO - [2024-12-24T03:16:51.902+0000] {dag.py:3239} INFO - Sync 1 DAGs
[2024-12-24T03:16:51.920+0000] {processor.py:208} INFO - Processing /opt/airflow/dags/app.py took 0.085 seconds
[2024-12-24T03:17:22.359+0000] {processor.py:186} INFO - Started process (PID=2595) to work on /opt/airflow/dags/app.py
[2024-12-24T03:17:22.361+0000] {processor.py:914} INFO - Processing file /opt/airflow/dags/app.py for tasks to queue
[2024-12-24T03:17:22.364+0000] {logging_mixin.py:190} INFO - [2024-12-24T03:17:22.364+0000] {dagbag.py:588} INFO - Filling up the DagBag from /opt/airflow/dags/app.py
[2024-12-24T03:17:22.528+0000] {processor.py:925} INFO - DAG(s) 'fetch_and_store_amazon_books' retrieved from /opt/airflow/dags/app.py
[2024-12-24T03:17:22.535+0000] {logging_mixin.py:190} INFO - [2024-12-24T03:17:22.535+0000] {dag.py:3239} INFO - Sync 1 DAGs
[2024-12-24T03:17:22.548+0000] {processor.py:208} INFO - Processing /opt/airflow/dags/app.py took 0.194 seconds
[2024-12-24T03:17:52.900+0000] {processor.py:186} INFO - Started process (PID=2659) to work on /opt/airflow/dags/app.py
[2024-12-24T03:17:52.901+0000] {processor.py:914} INFO - Processing file /opt/airflow/dags/app.py for tasks to queue
[2024-12-24T03:17:52.903+0000] {logging_mixin.py:190} INFO - [2024-12-24T03:17:52.903+0000] {dagbag.py:588} INFO - Filling up the DagBag from /opt/airflow/dags/app.py
[2024-12-24T03:17:52.954+0000] {processor.py:925} INFO - DAG(s) 'fetch_and_store_amazon_books' retrieved from /opt/airflow/dags/app.py
[2024-12-24T03:17:52.967+0000] {logging_mixin.py:190} INFO - [2024-12-24T03:17:52.967+0000] {dag.py:3239} INFO - Sync 1 DAGs
[2024-12-24T03:17:52.983+0000] {processor.py:208} INFO - Processing /opt/airflow/dags/app.py took 0.086 seconds
[2024-12-24T03:18:23.393+0000] {processor.py:186} INFO - Started process (PID=2723) to work on /opt/airflow/dags/app.py
[2024-12-24T03:18:23.396+0000] {processor.py:914} INFO - Processing file /opt/airflow/dags/app.py for tasks to queue
[2024-12-24T03:18:23.398+0000] {logging_mixin.py:190} INFO - [2024-12-24T03:18:23.397+0000] {dagbag.py:588} INFO - Filling up the DagBag from /opt/airflow/dags/app.py
[2024-12-24T03:18:23.449+0000] {processor.py:925} INFO - DAG(s) 'fetch_and_store_amazon_books' retrieved from /opt/airflow/dags/app.py
[2024-12-24T03:18:23.459+0000] {logging_mixin.py:190} INFO - [2024-12-24T03:18:23.458+0000] {dag.py:3239} INFO - Sync 1 DAGs
[2024-12-24T03:18:23.475+0000] {processor.py:208} INFO - Processing /opt/airflow/dags/app.py took 0.088 seconds
[2024-12-24T03:18:53.832+0000] {processor.py:186} INFO - Started process (PID=2787) to work on /opt/airflow/dags/app.py
[2024-12-24T03:18:53.833+0000] {processor.py:914} INFO - Processing file /opt/airflow/dags/app.py for tasks to queue
[2024-12-24T03:18:53.835+0000] {logging_mixin.py:190} INFO - [2024-12-24T03:18:53.835+0000] {dagbag.py:588} INFO - Filling up the DagBag from /opt/airflow/dags/app.py
[2024-12-24T03:18:53.892+0000] {processor.py:925} INFO - DAG(s) 'fetch_and_store_amazon_books' retrieved from /opt/airflow/dags/app.py
[2024-12-24T03:18:53.999+0000] {logging_mixin.py:190} INFO - [2024-12-24T03:18:53.999+0000] {dag.py:3239} INFO - Sync 1 DAGs
[2024-12-24T03:18:54.013+0000] {processor.py:208} INFO - Processing /opt/airflow/dags/app.py took 0.187 seconds
[2024-12-24T03:19:24.390+0000] {processor.py:186} INFO - Started process (PID=2851) to work on /opt/airflow/dags/app.py
[2024-12-24T03:19:24.391+0000] {processor.py:914} INFO - Processing file /opt/airflow/dags/app.py for tasks to queue
[2024-12-24T03:19:24.392+0000] {logging_mixin.py:190} INFO - [2024-12-24T03:19:24.392+0000] {dagbag.py:588} INFO - Filling up the DagBag from /opt/airflow/dags/app.py
[2024-12-24T03:19:24.451+0000] {processor.py:925} INFO - DAG(s) 'fetch_and_store_amazon_books' retrieved from /opt/airflow/dags/app.py
[2024-12-24T03:19:24.463+0000] {logging_mixin.py:190} INFO - [2024-12-24T03:19:24.463+0000] {dag.py:3239} INFO - Sync 1 DAGs
[2024-12-24T03:19:24.597+0000] {processor.py:208} INFO - Processing /opt/airflow/dags/app.py took 0.213 seconds
[2024-12-24T03:19:55.184+0000] {processor.py:186} INFO - Started process (PID=2980) to work on /opt/airflow/dags/app.py
[2024-12-24T03:19:55.186+0000] {processor.py:914} INFO - Processing file /opt/airflow/dags/app.py for tasks to queue
[2024-12-24T03:19:55.187+0000] {logging_mixin.py:190} INFO - [2024-12-24T03:19:55.187+0000] {dagbag.py:588} INFO - Filling up the DagBag from /opt/airflow/dags/app.py
[2024-12-24T03:19:55.438+0000] {processor.py:925} INFO - DAG(s) 'fetch_and_store_amazon_books' retrieved from /opt/airflow/dags/app.py
[2024-12-24T03:19:55.446+0000] {logging_mixin.py:190} INFO - [2024-12-24T03:19:55.446+0000] {dag.py:3239} INFO - Sync 1 DAGs
[2024-12-24T03:19:55.461+0000] {processor.py:208} INFO - Processing /opt/airflow/dags/app.py took 0.282 seconds
[2024-12-24T03:20:26.036+0000] {processor.py:186} INFO - Started process (PID=3044) to work on /opt/airflow/dags/app.py
[2024-12-24T03:20:26.038+0000] {processor.py:914} INFO - Processing file /opt/airflow/dags/app.py for tasks to queue
[2024-12-24T03:20:26.039+0000] {logging_mixin.py:190} INFO - [2024-12-24T03:20:26.039+0000] {dagbag.py:588} INFO - Filling up the DagBag from /opt/airflow/dags/app.py
[2024-12-24T03:20:26.194+0000] {processor.py:925} INFO - DAG(s) 'fetch_and_store_amazon_books' retrieved from /opt/airflow/dags/app.py
[2024-12-24T03:20:26.202+0000] {logging_mixin.py:190} INFO - [2024-12-24T03:20:26.202+0000] {dag.py:3239} INFO - Sync 1 DAGs
[2024-12-24T03:20:26.215+0000] {processor.py:208} INFO - Processing /opt/airflow/dags/app.py took 0.182 seconds
[2024-12-24T03:20:56.803+0000] {processor.py:186} INFO - Started process (PID=3108) to work on /opt/airflow/dags/app.py
[2024-12-24T03:20:56.804+0000] {processor.py:914} INFO - Processing file /opt/airflow/dags/app.py for tasks to queue
[2024-12-24T03:20:56.806+0000] {logging_mixin.py:190} INFO - [2024-12-24T03:20:56.806+0000] {dagbag.py:588} INFO - Filling up the DagBag from /opt/airflow/dags/app.py
[2024-12-24T03:20:56.976+0000] {processor.py:925} INFO - DAG(s) 'fetch_and_store_amazon_books' retrieved from /opt/airflow/dags/app.py
[2024-12-24T03:20:56.983+0000] {logging_mixin.py:190} INFO - [2024-12-24T03:20:56.982+0000] {dag.py:3239} INFO - Sync 1 DAGs
[2024-12-24T03:20:56.996+0000] {processor.py:208} INFO - Processing /opt/airflow/dags/app.py took 0.198 seconds
[2024-12-24T03:21:27.037+0000] {processor.py:186} INFO - Started process (PID=3175) to work on /opt/airflow/dags/app.py
[2024-12-24T03:21:27.037+0000] {processor.py:914} INFO - Processing file /opt/airflow/dags/app.py for tasks to queue
[2024-12-24T03:21:27.038+0000] {logging_mixin.py:190} INFO - [2024-12-24T03:21:27.038+0000] {dagbag.py:588} INFO - Filling up the DagBag from /opt/airflow/dags/app.py
[2024-12-24T03:21:27.186+0000] {processor.py:925} INFO - DAG(s) 'fetch_and_store_amazon_books' retrieved from /opt/airflow/dags/app.py
[2024-12-24T03:21:27.193+0000] {logging_mixin.py:190} INFO - [2024-12-24T03:21:27.193+0000] {dag.py:3239} INFO - Sync 1 DAGs
[2024-12-24T03:21:27.206+0000] {processor.py:208} INFO - Processing /opt/airflow/dags/app.py took 0.171 seconds
[2024-12-24T03:21:57.979+0000] {processor.py:186} INFO - Started process (PID=3236) to work on /opt/airflow/dags/app.py
[2024-12-24T03:21:57.980+0000] {processor.py:914} INFO - Processing file /opt/airflow/dags/app.py for tasks to queue
[2024-12-24T03:21:57.983+0000] {logging_mixin.py:190} INFO - [2024-12-24T03:21:57.983+0000] {dagbag.py:588} INFO - Filling up the DagBag from /opt/airflow/dags/app.py
[2024-12-24T03:21:58.160+0000] {processor.py:925} INFO - DAG(s) 'fetch_and_store_amazon_books' retrieved from /opt/airflow/dags/app.py
[2024-12-24T03:21:58.173+0000] {logging_mixin.py:190} INFO - [2024-12-24T03:21:58.173+0000] {dag.py:3239} INFO - Sync 1 DAGs
[2024-12-24T03:21:58.189+0000] {processor.py:208} INFO - Processing /opt/airflow/dags/app.py took 0.217 seconds
[2024-12-24T03:22:28.477+0000] {processor.py:186} INFO - Started process (PID=3303) to work on /opt/airflow/dags/app.py
[2024-12-24T03:22:28.478+0000] {processor.py:914} INFO - Processing file /opt/airflow/dags/app.py for tasks to queue
[2024-12-24T03:22:28.480+0000] {logging_mixin.py:190} INFO - [2024-12-24T03:22:28.479+0000] {dagbag.py:588} INFO - Filling up the DagBag from /opt/airflow/dags/app.py
[2024-12-24T03:22:28.620+0000] {processor.py:925} INFO - DAG(s) 'fetch_and_store_amazon_books' retrieved from /opt/airflow/dags/app.py
[2024-12-24T03:22:28.628+0000] {logging_mixin.py:190} INFO - [2024-12-24T03:22:28.628+0000] {dag.py:3239} INFO - Sync 1 DAGs
[2024-12-24T03:22:28.645+0000] {processor.py:208} INFO - Processing /opt/airflow/dags/app.py took 0.171 seconds
[2024-12-24T03:22:59.507+0000] {processor.py:186} INFO - Started process (PID=3367) to work on /opt/airflow/dags/app.py
[2024-12-24T03:22:59.507+0000] {processor.py:914} INFO - Processing file /opt/airflow/dags/app.py for tasks to queue
[2024-12-24T03:22:59.509+0000] {logging_mixin.py:190} INFO - [2024-12-24T03:22:59.509+0000] {dagbag.py:588} INFO - Filling up the DagBag from /opt/airflow/dags/app.py
[2024-12-24T03:22:59.569+0000] {processor.py:925} INFO - DAG(s) 'fetch_and_store_amazon_books' retrieved from /opt/airflow/dags/app.py
[2024-12-24T03:22:59.581+0000] {logging_mixin.py:190} INFO - [2024-12-24T03:22:59.581+0000] {dag.py:3239} INFO - Sync 1 DAGs
[2024-12-24T03:22:59.599+0000] {processor.py:208} INFO - Processing /opt/airflow/dags/app.py took 0.099 seconds
[2024-12-24T03:23:29.721+0000] {processor.py:186} INFO - Started process (PID=3431) to work on /opt/airflow/dags/app.py
[2024-12-24T03:23:29.722+0000] {processor.py:914} INFO - Processing file /opt/airflow/dags/app.py for tasks to queue
[2024-12-24T03:23:29.725+0000] {logging_mixin.py:190} INFO - [2024-12-24T03:23:29.725+0000] {dagbag.py:588} INFO - Filling up the DagBag from /opt/airflow/dags/app.py
[2024-12-24T03:23:29.786+0000] {processor.py:925} INFO - DAG(s) 'fetch_and_store_amazon_books' retrieved from /opt/airflow/dags/app.py
[2024-12-24T03:23:29.800+0000] {logging_mixin.py:190} INFO - [2024-12-24T03:23:29.799+0000] {dag.py:3239} INFO - Sync 1 DAGs
[2024-12-24T03:23:29.823+0000] {processor.py:208} INFO - Processing /opt/airflow/dags/app.py took 0.109 seconds
[2024-12-24T03:24:00.110+0000] {processor.py:186} INFO - Started process (PID=3495) to work on /opt/airflow/dags/app.py
[2024-12-24T03:24:00.111+0000] {processor.py:914} INFO - Processing file /opt/airflow/dags/app.py for tasks to queue
[2024-12-24T03:24:00.113+0000] {logging_mixin.py:190} INFO - [2024-12-24T03:24:00.113+0000] {dagbag.py:588} INFO - Filling up the DagBag from /opt/airflow/dags/app.py
[2024-12-24T03:24:00.182+0000] {processor.py:925} INFO - DAG(s) 'fetch_and_store_amazon_books' retrieved from /opt/airflow/dags/app.py
[2024-12-24T03:24:00.192+0000] {logging_mixin.py:190} INFO - [2024-12-24T03:24:00.192+0000] {dag.py:3239} INFO - Sync 1 DAGs
[2024-12-24T03:24:00.212+0000] {processor.py:208} INFO - Processing /opt/airflow/dags/app.py took 0.108 seconds
[2024-12-24T03:24:30.727+0000] {processor.py:186} INFO - Started process (PID=3559) to work on /opt/airflow/dags/app.py
[2024-12-24T03:24:30.730+0000] {processor.py:914} INFO - Processing file /opt/airflow/dags/app.py for tasks to queue
[2024-12-24T03:24:30.732+0000] {logging_mixin.py:190} INFO - [2024-12-24T03:24:30.732+0000] {dagbag.py:588} INFO - Filling up the DagBag from /opt/airflow/dags/app.py
[2024-12-24T03:24:30.801+0000] {processor.py:925} INFO - DAG(s) 'fetch_and_store_amazon_books' retrieved from /opt/airflow/dags/app.py
[2024-12-24T03:24:30.816+0000] {logging_mixin.py:190} INFO - [2024-12-24T03:24:30.815+0000] {dag.py:3239} INFO - Sync 1 DAGs
[2024-12-24T03:24:30.838+0000] {processor.py:208} INFO - Processing /opt/airflow/dags/app.py took 0.118 seconds
[2024-12-24T03:25:01.585+0000] {processor.py:186} INFO - Started process (PID=3645) to work on /opt/airflow/dags/app.py
[2024-12-24T03:25:01.587+0000] {processor.py:914} INFO - Processing file /opt/airflow/dags/app.py for tasks to queue
[2024-12-24T03:25:01.595+0000] {logging_mixin.py:190} INFO - [2024-12-24T03:25:01.593+0000] {dagbag.py:588} INFO - Filling up the DagBag from /opt/airflow/dags/app.py
[2024-12-24T03:25:01.738+0000] {processor.py:925} INFO - DAG(s) 'fetch_and_store_amazon_books' retrieved from /opt/airflow/dags/app.py
[2024-12-24T03:25:01.800+0000] {logging_mixin.py:190} INFO - [2024-12-24T03:25:01.799+0000] {dag.py:3239} INFO - Sync 1 DAGs
[2024-12-24T03:25:01.870+0000] {processor.py:208} INFO - Processing /opt/airflow/dags/app.py took 0.295 seconds
[2024-12-24T03:25:32.074+0000] {processor.py:186} INFO - Started process (PID=3754) to work on /opt/airflow/dags/app.py
[2024-12-24T03:25:32.076+0000] {processor.py:914} INFO - Processing file /opt/airflow/dags/app.py for tasks to queue
[2024-12-24T03:25:32.079+0000] {logging_mixin.py:190} INFO - [2024-12-24T03:25:32.079+0000] {dagbag.py:588} INFO - Filling up the DagBag from /opt/airflow/dags/app.py
[2024-12-24T03:25:32.141+0000] {processor.py:925} INFO - DAG(s) 'fetch_and_store_amazon_books' retrieved from /opt/airflow/dags/app.py
[2024-12-24T03:25:32.151+0000] {logging_mixin.py:190} INFO - [2024-12-24T03:25:32.151+0000] {dag.py:3239} INFO - Sync 1 DAGs
[2024-12-24T03:25:32.172+0000] {processor.py:208} INFO - Processing /opt/airflow/dags/app.py took 0.104 seconds
[2024-12-24T03:26:02.425+0000] {processor.py:186} INFO - Started process (PID=3818) to work on /opt/airflow/dags/app.py
[2024-12-24T03:26:02.426+0000] {processor.py:914} INFO - Processing file /opt/airflow/dags/app.py for tasks to queue
[2024-12-24T03:26:02.429+0000] {logging_mixin.py:190} INFO - [2024-12-24T03:26:02.428+0000] {dagbag.py:588} INFO - Filling up the DagBag from /opt/airflow/dags/app.py
[2024-12-24T03:26:02.488+0000] {processor.py:925} INFO - DAG(s) 'fetch_and_store_amazon_books' retrieved from /opt/airflow/dags/app.py
[2024-12-24T03:26:02.499+0000] {logging_mixin.py:190} INFO - [2024-12-24T03:26:02.499+0000] {dag.py:3239} INFO - Sync 1 DAGs
[2024-12-24T03:26:02.522+0000] {processor.py:208} INFO - Processing /opt/airflow/dags/app.py took 0.103 seconds
[2024-12-24T03:26:32.848+0000] {processor.py:186} INFO - Started process (PID=3882) to work on /opt/airflow/dags/app.py
[2024-12-24T03:26:32.848+0000] {processor.py:914} INFO - Processing file /opt/airflow/dags/app.py for tasks to queue
[2024-12-24T03:26:32.850+0000] {logging_mixin.py:190} INFO - [2024-12-24T03:26:32.850+0000] {dagbag.py:588} INFO - Filling up the DagBag from /opt/airflow/dags/app.py
[2024-12-24T03:26:32.910+0000] {processor.py:925} INFO - DAG(s) 'fetch_and_store_amazon_books' retrieved from /opt/airflow/dags/app.py
[2024-12-24T03:26:32.920+0000] {logging_mixin.py:190} INFO - [2024-12-24T03:26:32.920+0000] {dag.py:3239} INFO - Sync 1 DAGs
[2024-12-24T03:26:32.939+0000] {processor.py:208} INFO - Processing /opt/airflow/dags/app.py took 0.098 seconds
[2024-12-24T03:27:03.163+0000] {processor.py:186} INFO - Started process (PID=3946) to work on /opt/airflow/dags/app.py
[2024-12-24T03:27:03.164+0000] {processor.py:914} INFO - Processing file /opt/airflow/dags/app.py for tasks to queue
[2024-12-24T03:27:03.166+0000] {logging_mixin.py:190} INFO - [2024-12-24T03:27:03.165+0000] {dagbag.py:588} INFO - Filling up the DagBag from /opt/airflow/dags/app.py
[2024-12-24T03:27:03.222+0000] {processor.py:925} INFO - DAG(s) 'fetch_and_store_amazon_books' retrieved from /opt/airflow/dags/app.py
[2024-12-24T03:27:03.236+0000] {logging_mixin.py:190} INFO - [2024-12-24T03:27:03.235+0000] {dag.py:3239} INFO - Sync 1 DAGs
[2024-12-24T03:27:03.254+0000] {processor.py:208} INFO - Processing /opt/airflow/dags/app.py took 0.097 seconds
[2024-12-24T03:27:33.624+0000] {processor.py:186} INFO - Started process (PID=4010) to work on /opt/airflow/dags/app.py
[2024-12-24T03:27:33.629+0000] {processor.py:914} INFO - Processing file /opt/airflow/dags/app.py for tasks to queue
[2024-12-24T03:27:33.633+0000] {logging_mixin.py:190} INFO - [2024-12-24T03:27:33.632+0000] {dagbag.py:588} INFO - Filling up the DagBag from /opt/airflow/dags/app.py
[2024-12-24T03:27:33.690+0000] {processor.py:925} INFO - DAG(s) 'fetch_and_store_amazon_books' retrieved from /opt/airflow/dags/app.py
[2024-12-24T03:27:33.700+0000] {logging_mixin.py:190} INFO - [2024-12-24T03:27:33.699+0000] {dag.py:3239} INFO - Sync 1 DAGs
[2024-12-24T03:27:33.722+0000] {processor.py:208} INFO - Processing /opt/airflow/dags/app.py took 0.104 seconds
[2024-12-24T03:28:04.032+0000] {processor.py:186} INFO - Started process (PID=4074) to work on /opt/airflow/dags/app.py
[2024-12-24T03:28:04.033+0000] {processor.py:914} INFO - Processing file /opt/airflow/dags/app.py for tasks to queue
[2024-12-24T03:28:04.035+0000] {logging_mixin.py:190} INFO - [2024-12-24T03:28:04.035+0000] {dagbag.py:588} INFO - Filling up the DagBag from /opt/airflow/dags/app.py
[2024-12-24T03:28:04.094+0000] {processor.py:925} INFO - DAG(s) 'fetch_and_store_amazon_books' retrieved from /opt/airflow/dags/app.py
[2024-12-24T03:28:04.106+0000] {logging_mixin.py:190} INFO - [2024-12-24T03:28:04.106+0000] {dag.py:3239} INFO - Sync 1 DAGs
[2024-12-24T03:28:04.126+0000] {processor.py:208} INFO - Processing /opt/airflow/dags/app.py took 0.100 seconds
[2024-12-24T03:28:34.503+0000] {processor.py:186} INFO - Started process (PID=4138) to work on /opt/airflow/dags/app.py
[2024-12-24T03:28:34.504+0000] {processor.py:914} INFO - Processing file /opt/airflow/dags/app.py for tasks to queue
[2024-12-24T03:28:34.506+0000] {logging_mixin.py:190} INFO - [2024-12-24T03:28:34.505+0000] {dagbag.py:588} INFO - Filling up the DagBag from /opt/airflow/dags/app.py
[2024-12-24T03:28:34.557+0000] {processor.py:925} INFO - DAG(s) 'fetch_and_store_amazon_books' retrieved from /opt/airflow/dags/app.py
[2024-12-24T03:28:34.569+0000] {logging_mixin.py:190} INFO - [2024-12-24T03:28:34.568+0000] {dag.py:3239} INFO - Sync 1 DAGs
[2024-12-24T03:28:34.587+0000] {processor.py:208} INFO - Processing /opt/airflow/dags/app.py took 0.088 seconds
[2024-12-24T03:29:04.814+0000] {processor.py:186} INFO - Started process (PID=4202) to work on /opt/airflow/dags/app.py
[2024-12-24T03:29:04.815+0000] {processor.py:914} INFO - Processing file /opt/airflow/dags/app.py for tasks to queue
[2024-12-24T03:29:04.818+0000] {logging_mixin.py:190} INFO - [2024-12-24T03:29:04.817+0000] {dagbag.py:588} INFO - Filling up the DagBag from /opt/airflow/dags/app.py
[2024-12-24T03:29:04.876+0000] {processor.py:925} INFO - DAG(s) 'fetch_and_store_amazon_books' retrieved from /opt/airflow/dags/app.py
[2024-12-24T03:29:04.886+0000] {logging_mixin.py:190} INFO - [2024-12-24T03:29:04.885+0000] {dag.py:3239} INFO - Sync 1 DAGs
[2024-12-24T03:29:04.906+0000] {processor.py:208} INFO - Processing /opt/airflow/dags/app.py took 0.098 seconds
[2024-12-24T03:29:35.149+0000] {processor.py:186} INFO - Started process (PID=4266) to work on /opt/airflow/dags/app.py
[2024-12-24T03:29:35.151+0000] {processor.py:914} INFO - Processing file /opt/airflow/dags/app.py for tasks to queue
[2024-12-24T03:29:35.153+0000] {logging_mixin.py:190} INFO - [2024-12-24T03:29:35.153+0000] {dagbag.py:588} INFO - Filling up the DagBag from /opt/airflow/dags/app.py
[2024-12-24T03:29:35.221+0000] {processor.py:925} INFO - DAG(s) 'fetch_and_store_amazon_books' retrieved from /opt/airflow/dags/app.py
[2024-12-24T03:29:35.234+0000] {logging_mixin.py:190} INFO - [2024-12-24T03:29:35.233+0000] {dag.py:3239} INFO - Sync 1 DAGs
[2024-12-24T03:29:35.256+0000] {processor.py:208} INFO - Processing /opt/airflow/dags/app.py took 0.113 seconds
[2024-12-24T03:30:05.534+0000] {processor.py:186} INFO - Started process (PID=4336) to work on /opt/airflow/dags/app.py
[2024-12-24T03:30:05.536+0000] {processor.py:914} INFO - Processing file /opt/airflow/dags/app.py for tasks to queue
[2024-12-24T03:30:05.538+0000] {logging_mixin.py:190} INFO - [2024-12-24T03:30:05.537+0000] {dagbag.py:588} INFO - Filling up the DagBag from /opt/airflow/dags/app.py
[2024-12-24T03:30:05.597+0000] {processor.py:925} INFO - DAG(s) 'fetch_and_store_amazon_books' retrieved from /opt/airflow/dags/app.py
[2024-12-24T03:30:05.609+0000] {logging_mixin.py:190} INFO - [2024-12-24T03:30:05.609+0000] {dag.py:3239} INFO - Sync 1 DAGs
[2024-12-24T03:30:05.631+0000] {processor.py:208} INFO - Processing /opt/airflow/dags/app.py took 0.101 seconds
[2024-12-24T03:30:36.262+0000] {processor.py:186} INFO - Started process (PID=4471) to work on /opt/airflow/dags/app.py
[2024-12-24T03:30:36.269+0000] {processor.py:914} INFO - Processing file /opt/airflow/dags/app.py for tasks to queue
[2024-12-24T03:30:36.272+0000] {logging_mixin.py:190} INFO - [2024-12-24T03:30:36.272+0000] {dagbag.py:588} INFO - Filling up the DagBag from /opt/airflow/dags/app.py
[2024-12-24T03:30:36.340+0000] {processor.py:925} INFO - DAG(s) 'fetch_and_store_amazon_books' retrieved from /opt/airflow/dags/app.py
[2024-12-24T03:30:36.353+0000] {logging_mixin.py:190} INFO - [2024-12-24T03:30:36.353+0000] {dag.py:3239} INFO - Sync 1 DAGs
[2024-12-24T03:30:36.380+0000] {processor.py:208} INFO - Processing /opt/airflow/dags/app.py took 0.125 seconds
[2024-12-24T03:31:06.705+0000] {processor.py:186} INFO - Started process (PID=4535) to work on /opt/airflow/dags/app.py
[2024-12-24T03:31:06.707+0000] {processor.py:914} INFO - Processing file /opt/airflow/dags/app.py for tasks to queue
[2024-12-24T03:31:06.711+0000] {logging_mixin.py:190} INFO - [2024-12-24T03:31:06.710+0000] {dagbag.py:588} INFO - Filling up the DagBag from /opt/airflow/dags/app.py
[2024-12-24T03:31:06.763+0000] {processor.py:925} INFO - DAG(s) 'fetch_and_store_amazon_books' retrieved from /opt/airflow/dags/app.py
[2024-12-24T03:31:06.774+0000] {logging_mixin.py:190} INFO - [2024-12-24T03:31:06.773+0000] {dag.py:3239} INFO - Sync 1 DAGs
[2024-12-24T03:31:06.791+0000] {processor.py:208} INFO - Processing /opt/airflow/dags/app.py took 0.092 seconds
[2024-12-24T03:31:37.155+0000] {processor.py:186} INFO - Started process (PID=4599) to work on /opt/airflow/dags/app.py
[2024-12-24T03:31:37.156+0000] {processor.py:914} INFO - Processing file /opt/airflow/dags/app.py for tasks to queue
[2024-12-24T03:31:37.159+0000] {logging_mixin.py:190} INFO - [2024-12-24T03:31:37.158+0000] {dagbag.py:588} INFO - Filling up the DagBag from /opt/airflow/dags/app.py
[2024-12-24T03:31:37.215+0000] {processor.py:925} INFO - DAG(s) 'fetch_and_store_amazon_books' retrieved from /opt/airflow/dags/app.py
[2024-12-24T03:31:37.228+0000] {logging_mixin.py:190} INFO - [2024-12-24T03:31:37.228+0000] {dag.py:3239} INFO - Sync 1 DAGs
[2024-12-24T03:31:37.245+0000] {processor.py:208} INFO - Processing /opt/airflow/dags/app.py took 0.097 seconds
[2024-12-24T03:32:07.795+0000] {processor.py:186} INFO - Started process (PID=4663) to work on /opt/airflow/dags/app.py
[2024-12-24T03:32:07.796+0000] {processor.py:914} INFO - Processing file /opt/airflow/dags/app.py for tasks to queue
[2024-12-24T03:32:07.799+0000] {logging_mixin.py:190} INFO - [2024-12-24T03:32:07.798+0000] {dagbag.py:588} INFO - Filling up the DagBag from /opt/airflow/dags/app.py
[2024-12-24T03:32:07.859+0000] {processor.py:925} INFO - DAG(s) 'fetch_and_store_amazon_books' retrieved from /opt/airflow/dags/app.py
[2024-12-24T03:32:07.872+0000] {logging_mixin.py:190} INFO - [2024-12-24T03:32:07.871+0000] {dag.py:3239} INFO - Sync 1 DAGs
[2024-12-24T03:32:07.890+0000] {processor.py:208} INFO - Processing /opt/airflow/dags/app.py took 0.102 seconds
[2024-12-24T03:32:38.128+0000] {processor.py:186} INFO - Started process (PID=4727) to work on /opt/airflow/dags/app.py
[2024-12-24T03:32:38.129+0000] {processor.py:914} INFO - Processing file /opt/airflow/dags/app.py for tasks to queue
[2024-12-24T03:32:38.132+0000] {logging_mixin.py:190} INFO - [2024-12-24T03:32:38.131+0000] {dagbag.py:588} INFO - Filling up the DagBag from /opt/airflow/dags/app.py
[2024-12-24T03:32:38.190+0000] {processor.py:925} INFO - DAG(s) 'fetch_and_store_amazon_books' retrieved from /opt/airflow/dags/app.py
[2024-12-24T03:32:38.202+0000] {logging_mixin.py:190} INFO - [2024-12-24T03:32:38.202+0000] {dag.py:3239} INFO - Sync 1 DAGs
[2024-12-24T03:32:38.223+0000] {processor.py:208} INFO - Processing /opt/airflow/dags/app.py took 0.101 seconds
[2024-12-24T03:33:08.787+0000] {processor.py:186} INFO - Started process (PID=4791) to work on /opt/airflow/dags/app.py
[2024-12-24T03:33:08.788+0000] {processor.py:914} INFO - Processing file /opt/airflow/dags/app.py for tasks to queue
[2024-12-24T03:33:08.790+0000] {logging_mixin.py:190} INFO - [2024-12-24T03:33:08.790+0000] {dagbag.py:588} INFO - Filling up the DagBag from /opt/airflow/dags/app.py
[2024-12-24T03:33:08.846+0000] {processor.py:925} INFO - DAG(s) 'fetch_and_store_amazon_books' retrieved from /opt/airflow/dags/app.py
[2024-12-24T03:33:08.855+0000] {logging_mixin.py:190} INFO - [2024-12-24T03:33:08.855+0000] {dag.py:3239} INFO - Sync 1 DAGs
[2024-12-24T03:33:08.876+0000] {processor.py:208} INFO - Processing /opt/airflow/dags/app.py took 0.095 seconds
[2024-12-24T03:33:39.383+0000] {processor.py:186} INFO - Started process (PID=4855) to work on /opt/airflow/dags/app.py
[2024-12-24T03:33:39.386+0000] {processor.py:914} INFO - Processing file /opt/airflow/dags/app.py for tasks to queue
[2024-12-24T03:33:39.387+0000] {logging_mixin.py:190} INFO - [2024-12-24T03:33:39.387+0000] {dagbag.py:588} INFO - Filling up the DagBag from /opt/airflow/dags/app.py
[2024-12-24T03:33:39.446+0000] {processor.py:925} INFO - DAG(s) 'fetch_and_store_amazon_books' retrieved from /opt/airflow/dags/app.py
[2024-12-24T03:33:39.456+0000] {logging_mixin.py:190} INFO - [2024-12-24T03:33:39.456+0000] {dag.py:3239} INFO - Sync 1 DAGs
[2024-12-24T03:33:39.479+0000] {processor.py:208} INFO - Processing /opt/airflow/dags/app.py took 0.102 seconds
[2024-12-24T03:34:09.957+0000] {processor.py:186} INFO - Started process (PID=4919) to work on /opt/airflow/dags/app.py
[2024-12-24T03:34:09.958+0000] {processor.py:914} INFO - Processing file /opt/airflow/dags/app.py for tasks to queue
[2024-12-24T03:34:09.961+0000] {logging_mixin.py:190} INFO - [2024-12-24T03:34:09.960+0000] {dagbag.py:588} INFO - Filling up the DagBag from /opt/airflow/dags/app.py
[2024-12-24T03:34:10.029+0000] {processor.py:925} INFO - DAG(s) 'fetch_and_store_amazon_books' retrieved from /opt/airflow/dags/app.py
[2024-12-24T03:34:10.040+0000] {logging_mixin.py:190} INFO - [2024-12-24T03:34:10.040+0000] {dag.py:3239} INFO - Sync 1 DAGs
[2024-12-24T03:34:10.058+0000] {processor.py:208} INFO - Processing /opt/airflow/dags/app.py took 0.107 seconds
