[2024-12-24T02:53:13.781+0000] {local_task_job_runner.py:123} INFO - ::group::Pre task execution logs
[2024-12-24T02:53:13.808+0000] {taskinstance.py:2613} INFO - Dependencies all met for dep_context=non-requeueable deps ti=<TaskInstance: fetch_and_store_amazon_books.fetch_book_data scheduled__2024-07-14T00:00:00+00:00 [queued]>
[2024-12-24T02:53:13.823+0000] {taskinstance.py:2613} INFO - Dependencies all met for dep_context=requeueable deps ti=<TaskInstance: fetch_and_store_amazon_books.fetch_book_data scheduled__2024-07-14T00:00:00+00:00 [queued]>
[2024-12-24T02:53:13.823+0000] {taskinstance.py:2866} INFO - Starting attempt 1 of 2
[2024-12-24T02:53:13.852+0000] {taskinstance.py:2889} INFO - Executing <Task(PythonOperator): fetch_book_data> on 2024-07-14 00:00:00+00:00
[2024-12-24T02:53:13.868+0000] {warnings.py:112} WARNING - /home/***/.local/lib/python3.12/site-packages/***/task/task_runner/standard_task_runner.py:70: DeprecationWarning: This process (pid=165) is multi-threaded, use of fork() may lead to deadlocks in the child.
  pid = os.fork()

[2024-12-24T02:53:13.871+0000] {standard_task_runner.py:104} INFO - Running: ['***', 'tasks', 'run', 'fetch_and_store_amazon_books', 'fetch_book_data', 'scheduled__2024-07-14T00:00:00+00:00', '--job-id', '81', '--raw', '--subdir', 'DAGS_FOLDER/app.py', '--cfg-path', '/tmp/tmpa9th2zm0']
[2024-12-24T02:53:13.874+0000] {standard_task_runner.py:72} INFO - Started process 196 to run task
[2024-12-24T02:53:13.875+0000] {standard_task_runner.py:105} INFO - Job 81: Subtask fetch_book_data
[2024-12-24T02:53:13.959+0000] {task_command.py:467} INFO - Running <TaskInstance: fetch_and_store_amazon_books.fetch_book_data scheduled__2024-07-14T00:00:00+00:00 [running]> on host cb88f053722f
[2024-12-24T02:53:14.089+0000] {taskinstance.py:3132} INFO - Exporting env vars: AIRFLOW_CTX_DAG_OWNER='***' AIRFLOW_CTX_DAG_ID='fetch_and_store_amazon_books' AIRFLOW_CTX_TASK_ID='fetch_book_data' AIRFLOW_CTX_EXECUTION_DATE='2024-07-14T00:00:00+00:00' AIRFLOW_CTX_TRY_NUMBER='1' AIRFLOW_CTX_DAG_RUN_ID='scheduled__2024-07-14T00:00:00+00:00'
[2024-12-24T02:53:14.094+0000] {logging_mixin.py:190} INFO - Task instance is in running state
[2024-12-24T02:53:14.108+0000] {logging_mixin.py:190} INFO -  Previous state of the Task instance: queued
[2024-12-24T02:53:14.109+0000] {logging_mixin.py:190} INFO - Current task name:fetch_book_data state:running start_date:2024-12-24 02:53:13.812045+00:00
[2024-12-24T02:53:14.109+0000] {logging_mixin.py:190} INFO - Dag name:fetch_and_store_amazon_books and current dag run status:running
[2024-12-24T02:53:14.110+0000] {taskinstance.py:731} INFO - ::endgroup::
[2024-12-24T02:53:14.315+0000] {logging_mixin.py:190} INFO - Failed to retrieve the page
[2024-12-24T02:53:14.340+0000] {python.py:240} INFO - Done. Returned value was: None
[2024-12-24T02:53:14.348+0000] {taskinstance.py:340} INFO - ::group::Post task execution logs
[2024-12-24T02:53:14.349+0000] {taskinstance.py:352} INFO - Marking task as SUCCESS. dag_id=fetch_and_store_amazon_books, task_id=fetch_book_data, run_id=scheduled__2024-07-14T00:00:00+00:00, execution_date=20240714T000000, start_date=20241224T025313, end_date=20241224T025314
[2024-12-24T02:53:14.361+0000] {logging_mixin.py:190} INFO - Task instance in success state
[2024-12-24T02:53:14.363+0000] {logging_mixin.py:190} INFO -  Previous state of the Task instance: running
[2024-12-24T02:53:14.364+0000] {logging_mixin.py:190} INFO - Dag name:fetch_and_store_amazon_books queued_at:2024-12-24 02:53:11.564236+00:00
[2024-12-24T02:53:14.364+0000] {logging_mixin.py:190} INFO - Task hostname:cb88f053722f operator:PythonOperator
[2024-12-24T02:53:14.410+0000] {local_task_job_runner.py:266} INFO - Task exited with return code 0
[2024-12-24T02:53:14.443+0000] {taskinstance.py:3895} INFO - 1 downstream tasks scheduled from follow-on schedule check
[2024-12-24T02:53:14.446+0000] {local_task_job_runner.py:245} INFO - ::endgroup::
