[2024-12-24T03:09:17.114+0000] {local_task_job_runner.py:123} INFO - ::group::Pre task execution logs
[2024-12-24T03:09:17.152+0000] {taskinstance.py:2613} INFO - Dependencies all met for dep_context=non-requeueable deps ti=<TaskInstance: fetch_and_store_amazon_books.create_table scheduled__2024-08-16T00:00:00+00:00 [queued]>
[2024-12-24T03:09:17.163+0000] {taskinstance.py:2613} INFO - Dependencies all met for dep_context=requeueable deps ti=<TaskInstance: fetch_and_store_amazon_books.create_table scheduled__2024-08-16T00:00:00+00:00 [queued]>
[2024-12-24T03:09:17.164+0000] {taskinstance.py:2866} INFO - Starting attempt 2 of 2
[2024-12-24T03:09:17.182+0000] {taskinstance.py:2889} INFO - Executing <Task(PostgresOperator): create_table> on 2024-08-16 00:00:00+00:00
[2024-12-24T03:09:17.193+0000] {warnings.py:112} WARNING - /home/***/.local/lib/python3.12/site-packages/***/task/task_runner/standard_task_runner.py:70: DeprecationWarning: This process (pid=510) is multi-threaded, use of fork() may lead to deadlocks in the child.
  pid = os.fork()

[2024-12-24T03:09:17.201+0000] {standard_task_runner.py:72} INFO - Started process 545 to run task
[2024-12-24T03:09:17.222+0000] {standard_task_runner.py:104} INFO - Running: ['***', 'tasks', 'run', 'fetch_and_store_amazon_books', 'create_table', 'scheduled__2024-08-16T00:00:00+00:00', '--job-id', '231', '--raw', '--subdir', 'DAGS_FOLDER/app.py', '--cfg-path', '/tmp/tmp6fzlxz36']
[2024-12-24T03:09:17.234+0000] {standard_task_runner.py:105} INFO - Job 231: Subtask create_table
[2024-12-24T03:09:17.379+0000] {task_command.py:467} INFO - Running <TaskInstance: fetch_and_store_amazon_books.create_table scheduled__2024-08-16T00:00:00+00:00 [running]> on host d63106d9d4d4
[2024-12-24T03:09:17.510+0000] {taskinstance.py:3132} INFO - Exporting env vars: AIRFLOW_CTX_DAG_OWNER='***' AIRFLOW_CTX_DAG_ID='fetch_and_store_amazon_books' AIRFLOW_CTX_TASK_ID='create_table' AIRFLOW_CTX_EXECUTION_DATE='2024-08-16T00:00:00+00:00' AIRFLOW_CTX_TRY_NUMBER='2' AIRFLOW_CTX_DAG_RUN_ID='scheduled__2024-08-16T00:00:00+00:00'
[2024-12-24T03:09:17.517+0000] {logging_mixin.py:190} INFO - Task instance is in running state
[2024-12-24T03:09:17.517+0000] {logging_mixin.py:190} INFO -  Previous state of the Task instance: queued
[2024-12-24T03:09:17.518+0000] {logging_mixin.py:190} INFO - Current task name:create_table state:running start_date:2024-12-24 03:09:17.157391+00:00
[2024-12-24T03:09:17.518+0000] {logging_mixin.py:190} INFO - Dag name:fetch_and_store_amazon_books and current dag run status:running
[2024-12-24T03:09:17.518+0000] {taskinstance.py:731} INFO - ::endgroup::
[2024-12-24T03:09:17.519+0000] {sql.py:278} INFO - Executing: 
    CREATE TABLE IF NOT EXISTS books (
        id SERIAL PRIMARY KEY,
        title TEXT NOT NULL,
        authors TEXT,
        price TEXT,
        rating TEXT
    );
    
[2024-12-24T03:09:17.541+0000] {base.py:84} INFO - Retrieving connection 'books_connection'
[2024-12-24T03:09:17.565+0000] {base.py:84} INFO - Retrieving connection 'books_connection'
[2024-12-24T03:09:17.569+0000] {sql.py:553} INFO - Running statement: 
    CREATE TABLE IF NOT EXISTS books (
        id SERIAL PRIMARY KEY,
        title TEXT NOT NULL,
        authors TEXT,
        price TEXT,
        rating TEXT
    );
    , parameters: None
[2024-12-24T03:09:17.591+0000] {taskinstance.py:340} INFO - ::group::Post task execution logs
[2024-12-24T03:09:17.595+0000] {taskinstance.py:352} INFO - Marking task as SUCCESS. dag_id=fetch_and_store_amazon_books, task_id=create_table, run_id=scheduled__2024-08-16T00:00:00+00:00, execution_date=20240816T000000, start_date=20241224T030917, end_date=20241224T030917
[2024-12-24T03:09:17.626+0000] {logging_mixin.py:190} INFO - Task instance in success state
[2024-12-24T03:09:17.630+0000] {logging_mixin.py:190} INFO -  Previous state of the Task instance: running
[2024-12-24T03:09:17.634+0000] {logging_mixin.py:190} INFO - Dag name:fetch_and_store_amazon_books queued_at:2024-12-24 03:04:05.906755+00:00
[2024-12-24T03:09:17.635+0000] {logging_mixin.py:190} INFO - Task hostname:d63106d9d4d4 operator:PostgresOperator
[2024-12-24T03:09:17.678+0000] {local_task_job_runner.py:266} INFO - Task exited with return code 0
[2024-12-24T03:09:17.731+0000] {taskinstance.py:3895} INFO - 1 downstream tasks scheduled from follow-on schedule check
[2024-12-24T03:09:17.738+0000] {local_task_job_runner.py:245} INFO - ::endgroup::
